<?xml version="1.0" encoding="utf-8"?>
<TestRun id="2d357ee6-6c5d-48af-af91-46f99c161a09" name="@e48a8263a08a 2026-08-03 17:47:41" xmlns="http://microsoft.com/schemas/VisualStudio/TeamTest/2010">
  <Times creation="2026-08-03T17:47:41.1527287+00:00" queuing="2026-08-03T17:47:41.1527288+00:00" start="2026-08-03T17:47:34.9938999+00:00" finish="2026-08-03T17:48:17.4438389+00:00" />
  <TestSettings name="default" id="c1b6fd6b-828a-4673-b95d-8b8b0b4acc54">
    <Deployment runDeploymentRoot="_e48a8263a08a_2026-08-03_17_47_41" />
  </TestSettings>
  <Results>
    <UnitTestResult executionId="301c7868-20e9-489f-8e71-6f4a9140b503" testId="e207733b-4e5c-1b59-c14b-c82e9bb1f146" testName="Slopterm.Tests.CredentialResolverTests.IgnoresCredentialKindsThatArentForConnecting" computerName="e48a8263a08a" duration="00:00:01.3916379" startTime="2026-08-03T17:47:53.3774656+00:00" endTime="2026-08-03T17:47:53.3774658+00:00" testType="13cdc9d9-ddb5-4fa4-a97d-d965ccfc6d4b" outcome="Passed" testListId="8c84fa94-04c1-424b-9868-57a2d4851a1d" relativeResultsDirectory="301c7868-20e9-489f-8e71-6f4a9140b503" />
    <UnitTestResult executionId="797de23b-5a21-45b7-975f-bf5c01c3caa6" testId="27b0f2a2-b48b-3ccb-d1da-68ddd4669ec1" testName="Slopterm.Tests.WebDavIntegrationTests.TwoDevicesConvergeThroughARealServer" computerName="e48a8263a08a" duration="00:00:00.0010000" startTime="2026-08-03T17:48:14.4699276+00:00" endTime="2026-08-03T17:48:14.4699278+00:00" testType="13cdc9d9-ddb5-4fa4-a97d-d965ccfc6d4b" outcome="NotExecuted" testListId="8c84fa94-04c1-424b-9868-57a2d4851a1d" relativeResultsDirectory="797de23b-5a21-45b7-975f-bf5c01c3caa6">
      <Output>
        <ErrorInfo>
          <Message>SLOPTERM_WEBDAV_URL not set</Message>
        </ErrorInfo>
      </Output>
    </UnitTestResult>
    <UnitTestResult executionId="5f3cfaf2-bde1-41ef-ac74-0cb23e223140" testId="96bd3bc6-f493-dcc9-71ea-289a724d3fe0" testName="Slopterm.Tests.CredentialResolverTests.DescribeNeverCarriesTheSecret" computerName="e48a8263a08a" duration="00:00:03.3862178" startTime="2026-08-03T17:47:41.0342670+00:00" endTime="2026-08-03T17:47:41.0343278+00:00" testType="13cdc9d9-ddb5-4fa4-a97d-d965ccfc6d4b" outcome="Passed" testListId="8c84fa94-04c1-424b-9868-57a2d4851a1d" relativeResultsDirectory="5f3cfaf2-bde1-41ef-ac74-0cb23e223140" />
    <UnitTestResult executionId="59a6d0c3-34b2-4701-a2de-8ec488e0b965" testId="c7b98515-873e-4c51-15e6-b7d069e96c30" testName="Slopterm.Tests.WebDavIntegrationTests.TheServerOnlyEverHoldsCiphertext" computerName="e48a8263a08a" duration="00:00:00.0010000" startTime="2026-08-03T17:48:14.4641140+00:00" endTime="2026-08-03T17:48:14.4641141+00:00" testType="13cdc9d9-ddb5-4fa4-a97d-d965ccfc6d4b" outcome="NotExecuted" testListId="8c84fa94-04c1-424b-9868-57a2d4851a1d" relativeResultsDirectory="59a6d0c3-34b2-4701-a2de-8ec488e0b965">
      <Output>
        <ErrorInfo>
          <Message>SLOPTERM_WEBDAV_URL not set</Message>
        </ErrorInfo>
      </Output>
    </UnitTestResult>
    <UnitTestResult executionId="67f2c0c0-ac45-4705-9dc5-573b1622f5f4" testId="889dff0c-cda9-e59a-b47f-c5ea36b2b1ce" testName="Slopterm.Tests.CredentialResolverTests.MatchesNamesCaseInsensitively" computerName="e48a8263a08a" duration="00:00:01.4038198" startTime="2026-08-03T17:47:50.6820889+00:00" endTime="2026-08-03T17:47:50.6820890+00:00" testType="13cdc9d9-ddb5-4fa4-a97d-d965ccfc6d4b" outcome="Passed" testListId="8c84fa94-04c1-424b-9868-57a2d4851a1d" relativeResultsDirectory="67f2c0c0-ac45-4705-9dc5-573b1622f5f4" />
    <UnitTestResult executionId="c5415d38-de4a-484b-97b7-a51a16189d5e" testId="c366ff22-21b6-eacd-2440-193eee8a9102" testName="Slopterm.Tests.CredentialResolverTests.TheLocalCollectionBeatsTheHostsOwnCollection" computerName="e48a8263a08a" duration="00:00:01.4165192" startTime="2026-08-03T17:47:47.5897304+00:00" endTime="2026-08-03T17:47:47.5897307+00:00" testType="13cdc9d9-ddb5-4fa4-a97d-d965ccfc6d4b" outcome="Passed" testListId="8c84fa94-04c1-424b-9868-57a2d4851a1d" relativeResultsDirectory="c5415d38-de4a-484b-97b7-a51a16189d5e" />
    <UnitTestResult executionId="3bea4d44-1178-47a1-ad54-c43e83d3fb88" testId="0a4e1810-0bf7-19b5-6dfd-536b16e6da89" testName="Slopterm.Tests.CollectionCryptoTests.RoundTripsARecordUnderTheCollectionKey" computerName="e48a8263a08a" duration="00:00:00.0004441" startTime="2026-08-03T17:48:17.3243252+00:00" endTime="2026-08-03T17:48:17.3243253+00:00" testType="13cdc9d9-ddb5-4fa4-a97d-d965ccfc6d4b" outcome="Passed" testListId="8c84fa94-04c1-424b-9868-57a2d4851a1d" relativeResultsDirectory="3bea4d44-1178-47a1-ad54-c43e83d3fb88" />
    <UnitTestResult executionId="5c03a9c4-8f14-4448-af72-70de37459aa5" testId="f3280c23-027a-ad8f-0c3d-66466293ec0e" testName="Slopterm.Tests.CollectionShareCodecTests.RejectsAnythingThatIsntOneOfItsTokens(token: &quot;slopterm:collection:v1:&quot;)" computerName="e48a8263a08a" duration="00:00:00.0000425" startTime="2026-08-03T17:48:14.4769112+00:00" endTime="2026-08-03T17:48:14.4769125+00:00" testType="13cdc9d9-ddb5-4fa4-a97d-d965ccfc6d4b" outcome="Passed" testListId="8c84fa94-04c1-424b-9868-57a2d4851a1d" relativeResultsDirectory="5c03a9c4-8f14-4448-af72-70de37459aa5" />
    <UnitTestResult executionId="35fc57ac-997b-49a8-8c5c-38e1bcd82c18" testId="7395c2d5-dbf5-675f-dcc3-5b1269890c18" testName="Slopterm.Tests.HybridLogicalClockTests.ParsesAnythingUnusableAsTheEpoch(value: &quot;2026-07-30T12:00:00.123Z&quot;)" computerName="e48a8263a08a" duration="00:00:00.0000204" startTime="2026-08-03T17:48:17.3239133+00:00" endTime="2026-08-03T17:48:17.3239134+00:00" testType="13cdc9d9-ddb5-4fa4-a97d-d965ccfc6d4b" outcome="Passed" testListId="8c84fa94-04c1-424b-9868-57a2d4851a1d" relativeResultsDirectory="35fc57ac-997b-49a8-8c5c-38e1bcd82c18" />
    <UnitTestResult executionId="59f3603e-c630-4c7f-8e26-edac65542b2d" testId="9bc58c4f-cbc4-efed-8f90-e6abb762f55f" testName="Slopterm.Tests.CredentialResolverTests.TheSameNameResolvesToADifferentLocalKeyOnEachDevice" computerName="e48a8263a08a" duration="00:00:02.0426794" startTime="2026-08-03T17:47:43.0764656+00:00" endTime="2026-08-03T17:47:43.0764658+00:00" testType="13cdc9d9-ddb5-4fa4-a97d-d965ccfc6d4b" outcome="Passed" testListId="8c84fa94-04c1-424b-9868-57a2d4851a1d" relativeResultsDirectory="59f3603e-c630-4c7f-8e26-edac65542b2d" />
    <UnitTestResult executionId="a06c6ae3-9b1b-4029-8de6-caa835b143a8" testId="4e16dc8e-dcc7-043a-dff8-4c0f731bc698" testName="Slopterm.Tests.CollectionShareCodecTests.RejectsAnythingThatIsntOneOfItsTokens(token: &quot;slopterm:host:v1:abc&quot;)" computerName="e48a8263a08a" duration="00:00:00.0000346" startTime="2026-08-03T17:48:14.4770006+00:00" endTime="2026-08-03T17:48:14.4770008+00:00" testType="13cdc9d9-ddb5-4fa4-a97d-d965ccfc6d4b" outcome="Passed" testListId="8c84fa94-04c1-424b-9868-57a2d4851a1d" relativeResultsDirectory="a06c6ae3-9b1b-4029-8de6-caa835b143a8" />
    <UnitTestResult executionId="5271f9b4-b430-4041-9b5e-e5c23213977c" testId="1c182ae5-f201-71c5-46a6-ed4c74bfea6d" testName="Slopterm.Tests.CredentialResolverTests.FallsBackToAnyOtherCollectionThisDeviceHolds" computerName="e48a8263a08a" duration="00:00:01.3233567" startTime="2026-08-03T17:47:54.6989628+00:00" endTime="2026-08-03T17:47:54.6989629+00:00" testType="13cdc9d9-ddb5-4fa4-a97d-d965ccfc6d4b" outcome="Passed" testListId="8c84fa94-04c1-424b-9868-57a2d4851a1d" relativeResultsDirectory="5271f9b4-b430-4041-9b5e-e5c23213977c" />
    <UnitTestResult executionId="4a7eeb73-6822-4e64-8534-9f76dd579b15" testId="96324546-0b4c-657a-38bf-87cae044038f" testName="Slopterm.Tests.HybridLogicalClockTests.ParsesAnythingUnusableAsTheEpoch(value: &quot;&quot;)" computerName="e48a8263a08a" duration="00:00:00.0000155" startTime="2026-08-03T17:48:17.3239343+00:00" endTime="2026-08-03T17:48:17.3239344+00:00" testType="13cdc9d9-ddb5-4fa4-a97d-d965ccfc6d4b" outcome="Passed" testListId="8c84fa94-04c1-424b-9868-57a2d4851a1d" relativeResultsDirectory="4a7eeb73-6822-4e64-8534-9f76dd579b15" />
    <UnitTestResult executionId="2190d781-6c0e-41bc-9a30-eeafcf684376" testId="e198fe80-7158-dfe3-2784-6c9576c401c3" testName="Slopterm.Tests.CollectionShareCodecTests.CarriesItsFormatInThePrefix" computerName="e48a8263a08a" duration="00:00:00.0031058" startTime="2026-08-03T17:48:16.0853890+00:00" endTime="2026-08-03T17:48:16.0853891+00:00" testType="13cdc9d9-ddb5-4fa4-a97d-d965ccfc6d4b" outcome="Passed" testListId="8c84fa94-04c1-424b-9868-57a2d4851a1d" relativeResultsDirectory="2190d781-6c0e-41bc-9a30-eeafcf684376" />
    <UnitTestResult executionId="316e1197-1f93-4dd8-b8de-6561ce9e0c58" testId="ffa15a08-53f5-f4ed-b590-9cc41b2148ac" testName="Slopterm.Tests.WebDavIntegrationTests.ConcurrentEditsKeepBothSidesThroughARealServer" computerName="e48a8263a08a" duration="00:00:00.0010000" startTime="2026-08-03T17:48:14.4649157+00:00" endTime="2026-08-03T17:48:14.4649158+00:00" testType="13cdc9d9-ddb5-4fa4-a97d-d965ccfc6d4b" outcome="NotExecuted" testListId="8c84fa94-04c1-424b-9868-57a2d4851a1d" relativeResultsDirectory="316e1197-1f93-4dd8-b8de-6561ce9e0c58">
      <Output>
        <ErrorInfo>
          <Message>SLOPTERM_WEBDAV_URL not set</Message>
        </ErrorInfo>
      </Output>
    </UnitTestResult>
    <UnitTestResult executionId="ea438b18-e2e8-44e1-855a-5d77874ba64a" testId="49bd07ab-c8c8-3778-5ebb-ff4ba300a01f" testName="Slopterm.Tests.CollectionCryptoTests.ADifferentKeyCannotReadTheRecord" computerName="e48a8263a08a" duration="00:00:00.0007754" startTime="2026-08-03T17:48:17.3243543+00:00" endTime="2026-08-03T17:48:17.3243544+00:00" testType="13cdc9d9-ddb5-4fa4-a97d-d965ccfc6d4b" outcome="Passed" testListId="8c84fa94-04c1-424b-9868-57a2d4851a1d" relativeResultsDirectory="ea438b18-e2e8-44e1-855a-5d77874ba64a" />
    <UnitTestResult executionId="2c4a2f49-ce92-465b-a272-828c3e6325f8" testId="5df95f92-d822-2ac4-88f5-db2748997ad7" testName="Slopterm.Tests.CollectionCryptoTests.GeneratesADistinctCollectionIdEveryTime" computerName="e48a8263a08a" duration="00:00:00.0004633" startTime="2026-08-03T17:48:17.3292305+00:00" endTime="2026-08-03T17:48:17.3292305+00:00" testType="13cdc9d9-ddb5-4fa4-a97d-d965ccfc6d4b" outcome="Passed" testListId="8c84fa94-04c1-424b-9868-57a2d4851a1d" relativeResultsDirectory="2c4a2f49-ce92-465b-a272-828c3e6325f8" />
    <UnitTestResult executionId="9a1af2d9-191d-448f-8653-972f28626553" testId="dee05ed0-16b7-2bf7-c3d9-eef784c5f1d8" testName="Slopterm.Tests.CollectionCryptoTests.KeyFingerprintIsStableDistinctAndReadable" computerName="e48a8263a08a" duration="00:00:00.0003721" startTime="2026-08-03T17:48:17.3242934+00:00" endTime="2026-08-03T17:48:17.3242935+00:00" testType="13cdc9d9-ddb5-4fa4-a97d-d965ccfc6d4b" outcome="Passed" testListId="8c84fa94-04c1-424b-9868-57a2d4851a1d" relativeResultsDirectory="9a1af2d9-191d-448f-8653-972f28626553" />
    <UnitTestResult executionId="ecfa00dc-e389-435d-aaeb-0073df6f5b8b" testId="3502e061-f81d-d8fe-3328-cce0a12c38fe" testName="Slopterm.Tests.HybridLogicalClockTests.DoesntInheritABehindPeersCounter" computerName="e48a8263a08a" duration="00:00:00.0010295" startTime="2026-08-03T17:48:17.3238063+00:00" endTime="2026-08-03T17:48:17.3238063+00:00" testType="13cdc9d9-ddb5-4fa4-a97d-d965ccfc6d4b" outcome="Passed" testListId="8c84fa94-04c1-424b-9868-57a2d4851a1d" relativeResultsDirectory="ecfa00dc-e389-435d-aaeb-0073df6f5b8b" />
    <UnitTestResult executionId="6c4d0ddd-3e42-4f6a-8388-1bb52a05686d" testId="a1f4fcbc-e816-b8de-1560-7c097c5babe2" testName="Slopterm.Tests.HybridLogicalClockTests.ParsesAnythingUnusableAsTheEpoch(value: &quot;garbage&quot;)" computerName="e48a8263a08a" duration="00:00:00.0003132" startTime="2026-08-03T17:48:17.3238916+00:00" endTime="2026-08-03T17:48:17.3238917+00:00" testType="13cdc9d9-ddb5-4fa4-a97d-d965ccfc6d4b" outcome="Passed" testListId="8c84fa94-04c1-424b-9868-57a2d4851a1d" relativeResultsDirectory="6c4d0ddd-3e42-4f6a-8388-1bb52a05686d" />
    <UnitTestResult executionId="7c1710db-e2c3-4fc6-adfe-c4a922ff705d" testId="ace97d1e-bb36-4bd8-cb57-74305f304697" testName="Slopterm.Tests.HybridLogicalClockTests.RoundTripsThroughItsSerializedForm" computerName="e48a8263a08a" duration="00:00:00.0159973" startTime="2026-08-03T17:48:17.3232012+00:00" endTime="2026-08-03T17:48:17.3232013+00:00" testType="13cdc9d9-ddb5-4fa4-a97d-d965ccfc6d4b" outcome="Passed" testListId="8c84fa94-04c1-424b-9868-57a2d4851a1d" relativeResultsDirectory="7c1710db-e2c3-4fc6-adfe-c4a922ff705d" />
    <UnitTestResult executionId="0f165e45-d761-4b17-88e7-0f4bd964e902" testId="e5b060c5-66ff-9bf7-42a1-23cec33ce2da" testName="Slopterm.Tests.VaultSyncServiceTests.DoesntSyncAScopeTheCollectionDoesntCarry" computerName="e48a8263a08a" duration="00:00:01.3001281" startTime="2026-08-03T17:48:06.5887573+00:00" endTime="2026-08-03T17:48:06.5887574+00:00" testType="13cdc9d9-ddb5-4fa4-a97d-d965ccfc6d4b" outcome="Passed" testListId="8c84fa94-04c1-424b-9868-57a2d4851a1d" relativeResultsDirectory="0f165e45-d761-4b17-88e7-0f4bd964e902" />
    <UnitTestResult executionId="d32e886c-22c3-4f96-a8bf-92526b5b8189" testId="1169cd94-c0e7-0844-b786-b04448fa3759" testName="Slopterm.Tests.VaultSyncServiceTests.ATieBetweenTwoDevicesResolvesTheSameWayOnBoth" computerName="e48a8263a08a" duration="00:00:01.8812508" startTime="2026-08-03T17:47:58.1486302+00:00" endTime="2026-08-03T17:47:58.1486304+00:00" testType="13cdc9d9-ddb5-4fa4-a97d-d965ccfc6d4b" outcome="Passed" testListId="8c84fa94-04c1-424b-9868-57a2d4851a1d" relativeResultsDirectory="d32e886c-22c3-4f96-a8bf-92526b5b8189" />
    <UnitTestResult executionId="10a42e71-2e47-4c28-965d-0eb761cbaabb" testId="45f2e750-b21c-b90a-09cf-d05d0a4953f0" testName="Slopterm.Tests.VaultSyncServiceTests.LeavingKeepsTheRecordsLocallyByDefault" computerName="e48a8263a08a" duration="00:00:01.3851424" startTime="2026-08-03T17:48:03.9082075+00:00" endTime="2026-08-03T17:48:03.9082076+00:00" testType="13cdc9d9-ddb5-4fa4-a97d-d965ccfc6d4b" outcome="Passed" testListId="8c84fa94-04c1-424b-9868-57a2d4851a1d" relativeResultsDirectory="10a42e71-2e47-4c28-965d-0eb761cbaabb" />
    <UnitTestResult executionId="299f6c8b-ff76-4285-ae54-38ca68469dc9" testId="8c3e9572-a4e0-399c-9fe0-0f0550b315b9" testName="Slopterm.Tests.CredentialResolverTests.SkipsAnUnresolvableCredentialForOneThatWorks" computerName="e48a8263a08a" duration="00:00:01.2996336" startTime="2026-08-03T17:47:51.9819857+00:00" endTime="2026-08-03T17:47:51.9819858+00:00" testType="13cdc9d9-ddb5-4fa4-a97d-d965ccfc6d4b" outcome="Passed" testListId="8c84fa94-04c1-424b-9868-57a2d4851a1d" relativeResultsDirectory="299f6c8b-ff76-4285-ae54-38ca68469dc9" />
    <UnitTestResult executionId="f4e5be60-e48f-4d07-9467-1fda316a2b0f" testId="017b9ccd-ff1b-0643-3dd1-e788df54300a" testName="Slopterm.Tests.CollectionShareCodecTests.RejectsAnythingThatIsntOneOfItsTokens(token: &quot;slopterm:collection:v1:!!!!&quot;)" computerName="e48a8263a08a" duration="00:00:00.0012359" startTime="2026-08-03T17:48:14.4767812+00:00" endTime="2026-08-03T17:48:14.4767814+00:00" testType="13cdc9d9-ddb5-4fa4-a97d-d965ccfc6d4b" outcome="Passed" testListId="8c84fa94-04c1-424b-9868-57a2d4851a1d" relativeResultsDirectory="f4e5be60-e48f-4d07-9467-1fda316a2b0f" />
    <UnitTestResult executionId="611146af-7a35-4ff1-8ed1-94207315f642" testId="430204c9-0521-a730-6d2e-f3540ef7fdc4" testName="Slopterm.Tests.CredentialResolverTests.FallsBackToTheHostsOwnCollection" computerName="e48a8263a08a" duration="00:00:01.5914428" startTime="2026-08-03T17:47:44.6683422+00:00" endTime="2026-08-03T17:47:44.6683425+00:00" testType="13cdc9d9-ddb5-4fa4-a97d-d965ccfc6d4b" outcome="Passed" testListId="8c84fa94-04c1-424b-9868-57a2d4851a1d" relativeResultsDirectory="611146af-7a35-4ff1-8ed1-94207315f642" />
    <UnitTestResult executionId="a49b0b5f-008a-44e4-9e62-e3ac0b9e77a6" testId="5206b762-cc18-3e6b-af1c-3dc696e6473a" testName="Slopterm.Tests.CollectionShareCodecTests.RefusesAPassphraseWrappedTokenWithoutOrWithTheWrongPassphrase" computerName="e48a8263a08a" duration="00:00:01.6049230" startTime="2026-08-03T17:48:16.0820894+00:00" endTime="2026-08-03T17:48:16.0820895+00:00" testType="13cdc9d9-ddb5-4fa4-a97d-d965ccfc6d4b" outcome="Passed" testListId="8c84fa94-04c1-424b-9868-57a2d4851a1d" relativeResultsDirectory="a49b0b5f-008a-44e4-9e62-e3ac0b9e77a6" />
    <UnitTestResult executionId="1dfe191b-4735-4407-82df-beb9fcef8de9" testId="50a79d9a-729d-94c5-3c94-9cda87bc27c6" testName="Slopterm.Tests.CollectionShareCodecTests.RejectsAnythingThatIsntOneOfItsTokens(token: &quot;hello&quot;)" computerName="e48a8263a08a" duration="00:00:00.0000315" startTime="2026-08-03T17:48:14.4768648+00:00" endTime="2026-08-03T17:48:14.4768649+00:00" testType="13cdc9d9-ddb5-4fa4-a97d-d965ccfc6d4b" outcome="Passed" testListId="8c84fa94-04c1-424b-9868-57a2d4851a1d" relativeResultsDirectory="1dfe191b-4735-4407-82df-beb9fcef8de9" />
    <UnitTestResult executionId="94674a3a-8f89-4316-8dd9-ece26bf2aeb9" testId="baa5793b-4d8d-4949-34e9-a10290558d9c" testName="Slopterm.Tests.VaultSyncServiceTests.ARecordSavedOnOneDeviceReachesTheOther" computerName="e48a8263a08a" duration="00:00:01.3790701" startTime="2026-08-03T17:48:05.2948834+00:00" endTime="2026-08-03T17:48:05.2948836+00:00" testType="13cdc9d9-ddb5-4fa4-a97d-d965ccfc6d4b" outcome="Passed" testListId="8c84fa94-04c1-424b-9868-57a2d4851a1d" relativeResultsDirectory="94674a3a-8f89-4316-8dd9-ece26bf2aeb9" />
    <UnitTestResult executionId="3b68b124-1e2c-44aa-ac3b-686662700fc0" testId="80e9bea8-0cd1-e930-6c99-7f1fea9cef6a" testName="Slopterm.Tests.VaultSyncServiceTests.ReportsAReadOnlyShareAsSuchRatherThanAsAGenericFailure" computerName="e48a8263a08a" duration="00:00:01.3348373" startTime="2026-08-03T17:48:11.8527178+00:00" endTime="2026-08-03T17:48:11.8527179+00:00" testType="13cdc9d9-ddb5-4fa4-a97d-d965ccfc6d4b" outcome="Passed" testListId="8c84fa94-04c1-424b-9868-57a2d4851a1d" relativeResultsDirectory="3b68b124-1e2c-44aa-ac3b-686662700fc0" />
    <UnitTestResult executionId="3d4edca9-20b8-491f-aff5-537625e04c7d" testId="0e82ef00-9678-0855-062e-421292b832a9" testName="Slopterm.Tests.CollectionCryptoTests.EncryptingTwiceNeverProducesTheSameBytes" computerName="e48a8263a08a" duration="00:00:00.0003414" startTime="2026-08-03T17:48:17.3291916+00:00" endTime="2026-08-03T17:48:17.3291917+00:00" testType="13cdc9d9-ddb5-4fa4-a97d-d965ccfc6d4b" outcome="Passed" testListId="8c84fa94-04c1-424b-9868-57a2d4851a1d" relativeResultsDirectory="3d4edca9-20b8-491f-aff5-537625e04c7d" />
    <UnitTestResult executionId="ad74d412-a157-4d52-a8fe-2dbe8917fc57" testId="444961b3-2c6d-e8bc-d1ef-fa18eda762da" testName="Slopterm.Tests.HybridLogicalClockTests.NeverIssuesTheSameValueTwice" computerName="e48a8263a08a" duration="00:00:00.0117956" startTime="2026-08-03T17:48:17.3239600+00:00" endTime="2026-08-03T17:48:17.3239601+00:00" testType="13cdc9d9-ddb5-4fa4-a97d-d965ccfc6d4b" outcome="Passed" testListId="8c84fa94-04c1-424b-9868-57a2d4851a1d" relativeResultsDirectory="ad74d412-a157-4d52-a8fe-2dbe8917fc57" />
    <UnitTestResult executionId="4ca24512-0272-4a31-b4a2-ec4bf361f0bf" testId="ed7bdbc4-8e0d-b459-05e1-5ea6a55b5e1d" testName="Slopterm.Tests.CollectionCryptoTests.GeneratesADistinctKeyEveryTime" computerName="e48a8263a08a" duration="00:00:00.0008087" startTime="2026-08-03T17:48:17.3240083+00:00" endTime="2026-08-03T17:48:17.3240084+00:00" testType="13cdc9d9-ddb5-4fa4-a97d-d965ccfc6d4b" outcome="Passed" testListId="8c84fa94-04c1-424b-9868-57a2d4851a1d" relativeResultsDirectory="4ca24512-0272-4a31-b4a2-ec4bf361f0bf" />
    <UnitTestResult executionId="a5c5ad7a-f2e9-4c3d-a379-afcdf20d3909" testId="a373e96e-b62c-eb77-19ec-ac8fabf309f6" testName="Slopterm.Tests.VaultSyncServiceTests.RetriesAWriteThatLostAPreconditionRace" computerName="e48a8263a08a" duration="00:00:01.2614368" startTime="2026-08-03T17:48:09.1754669+00:00" endTime="2026-08-03T17:48:09.1754671+00:00" testType="13cdc9d9-ddb5-4fa4-a97d-d965ccfc6d4b" outcome="Passed" testListId="8c84fa94-04c1-424b-9868-57a2d4851a1d" relativeResultsDirectory="a5c5ad7a-f2e9-4c3d-a379-afcdf20d3909" />
    <UnitTestResult executionId="89e94140-7f00-41c5-8613-1085483796d1" testId="21170c22-35bc-f34b-f68d-39e80a76a48e" testName="Slopterm.Tests.HybridLogicalClockTests.ParsesAnythingUnusableAsTheEpoch(value: null)" computerName="e48a8263a08a" duration="00:00:00.0002932" startTime="2026-08-03T17:48:17.3238652+00:00" endTime="2026-08-03T17:48:17.3238653+00:00" testType="13cdc9d9-ddb5-4fa4-a97d-d965ccfc6d4b" outcome="Passed" testListId="8c84fa94-04c1-424b-9868-57a2d4851a1d" relativeResultsDirectory="89e94140-7f00-41c5-8613-1085483796d1" />
    <UnitTestResult executionId="f875c12c-8c7a-48d1-8f0c-456b2de97376" testId="7e62a782-392b-a478-cebd-8214101a20c5" testName="Slopterm.Tests.VaultSyncServiceTests.ADeleteOnOneDevicePropagatesAndStaysDeleted" computerName="e48a8263a08a" duration="00:00:01.3232657" startTime="2026-08-03T17:48:07.9161466+00:00" endTime="2026-08-03T17:48:07.9161468+00:00" testType="13cdc9d9-ddb5-4fa4-a97d-d965ccfc6d4b" outcome="Passed" testListId="8c84fa94-04c1-424b-9868-57a2d4851a1d" relativeResultsDirectory="f875c12c-8c7a-48d1-8f0c-456b2de97376" />
    <UnitTestResult executionId="e7d1df6d-f579-4df3-b96c-bf4e2772b290" testId="9bd2e220-c72e-961a-c9c4-81740a2596fd" testName="Slopterm.Tests.VaultSyncServiceTests.AnEditOnOneDeviceOverwritesTheOlderCopyOnTheOther" computerName="e48a8263a08a" duration="00:00:01.4167069" startTime="2026-08-03T17:48:01.2242757+00:00" endTime="2026-08-03T17:48:01.2242759+00:00" testType="13cdc9d9-ddb5-4fa4-a97d-d965ccfc6d4b" outcome="Passed" testListId="8c84fa94-04c1-424b-9868-57a2d4851a1d" relativeResultsDirectory="e7d1df6d-f579-4df3-b96c-bf4e2772b290" />
    <UnitTestResult executionId="80fd4427-e2d4-4231-8ac4-f5658b997025" testId="02390621-47f6-7eae-b639-73bf5ccfbf0d" testName="Slopterm.Tests.WebDavRemoteTests.RoundTripsRecordsThroughEveryVerbTheSyncLoopUses" computerName="e48a8263a08a" duration="00:00:00.0010000" startTime="2026-08-03T17:48:17.2906920+00:00" endTime="2026-08-03T17:48:17.2906921+00:00" testType="13cdc9d9-ddb5-4fa4-a97d-d965ccfc6d4b" outcome="NotExecuted" testListId="8c84fa94-04c1-424b-9868-57a2d4851a1d" relativeResultsDirectory="80fd4427-e2d4-4231-8ac4-f5658b997025">
      <Output>
        <ErrorInfo>
          <Message>SLOPTERM_WEBDAV_URL not set</Message>
        </ErrorInfo>
      </Output>
    </UnitTestResult>
    <UnitTestResult executionId="8fbeba14-8934-49c7-8b3b-08b8f4c99d4b" testId="04bfe952-fb94-f9d3-6611-10bdb76d4645" testName="Slopterm.Tests.VaultSyncServiceTests.AnEditAfterADeleteWinsOverTheTombstone" computerName="e48a8263a08a" duration="00:00:01.5570870" startTime="2026-08-03T17:47:56.2635120+00:00" endTime="2026-08-03T17:47:56.2635123+00:00" testType="13cdc9d9-ddb5-4fa4-a97d-d965ccfc6d4b" outcome="Passed" testListId="8c84fa94-04c1-424b-9868-57a2d4851a1d" relativeResultsDirectory="8fbeba14-8934-49c7-8b3b-08b8f4c99d4b" />
    <UnitTestResult executionId="8e434a5a-adfb-4d63-bcac-aeb9468a424e" testId="ed219a79-dfe4-17e2-f88b-1555e253229f" testName="Slopterm.Tests.CollectionShareCodecTests.RoundTripsAWholeSyncConfiguration" computerName="e48a8263a08a" duration="00:00:00.0042584" startTime="2026-08-03T17:48:17.2776238+00:00" endTime="2026-08-03T17:48:17.2776239+00:00" testType="13cdc9d9-ddb5-4fa4-a97d-d965ccfc6d4b" outcome="Passed" testListId="8c84fa94-04c1-424b-9868-57a2d4851a1d" relativeResultsDirectory="8e434a5a-adfb-4d63-bcac-aeb9468a424e" />
    <UnitTestResult executionId="1ec5315d-587a-4444-89da-715870f59c8d" testId="34e91c7f-8b58-2310-9fbf-5980191d33cb" testName="Slopterm.Tests.VaultSyncServiceTests.TheLocalCollectionIsNeverListedAsSyncable" computerName="e48a8263a08a" duration="00:00:01.2982646" startTime="2026-08-03T17:48:02.5222798+00:00" endTime="2026-08-03T17:48:02.5222799+00:00" testType="13cdc9d9-ddb5-4fa4-a97d-d965ccfc6d4b" outcome="Passed" testListId="8c84fa94-04c1-424b-9868-57a2d4851a1d" relativeResultsDirectory="1ec5315d-587a-4444-89da-715870f59c8d" />
    <UnitTestResult executionId="251700d9-616a-4cb0-b0b5-20ec550e92f3" testId="73304184-e608-ecdd-9533-712d61466eb6" testName="Slopterm.Tests.VaultSyncServiceTests.BothSidesEditingKeepsTheLoserAsAConflictCopy" computerName="e48a8263a08a" duration="00:00:01.2231012" startTime="2026-08-03T17:48:13.0844115+00:00" endTime="2026-08-03T17:48:13.0844117+00:00" testType="13cdc9d9-ddb5-4fa4-a97d-d965ccfc6d4b" outcome="Passed" testListId="8c84fa94-04c1-424b-9868-57a2d4851a1d" relativeResultsDirectory="251700d9-616a-4cb0-b0b5-20ec550e92f3" />
    <UnitTestResult executionId="9c32e8a3-a1e4-4d51-8789-3333f76fafa0" testId="eacf0f88-eeb6-33b8-0e5b-d752d937e9a4" testName="Slopterm.Tests.WebDavRemoteTests.ReportsPreconditionFailuresRatherThanThrowing" computerName="e48a8263a08a" duration="00:00:00.0010000" startTime="2026-08-03T17:48:17.2908543+00:00" endTime="2026-08-03T17:48:17.2908544+00:00" testType="13cdc9d9-ddb5-4fa4-a97d-d965ccfc6d4b" outcome="NotExecuted" testListId="8c84fa94-04c1-424b-9868-57a2d4851a1d" relativeResultsDirectory="9c32e8a3-a1e4-4d51-8789-3333f76fafa0">
      <Output>
        <ErrorInfo>
          <Message>SLOPTERM_WEBDAV_URL not set</Message>
        </ErrorInfo>
      </Output>
    </UnitTestResult>
    <UnitTestResult executionId="0feb7e0e-8af6-40ef-a1fc-1bee6aad6c06" testId="42eef3d6-1a1b-bc2c-2bb9-eed7f9a6da87" testName="Slopterm.Tests.CredentialResolverTests.ReportsNoKeyOnThisDeviceRatherThanConnectingWithSomethingElse" computerName="e48a8263a08a" duration="00:00:01.5013560" startTime="2026-08-03T17:47:46.1700402+00:00" endTime="2026-08-03T17:47:46.1700403+00:00" testType="13cdc9d9-ddb5-4fa4-a97d-d965ccfc6d4b" outcome="Passed" testListId="8c84fa94-04c1-424b-9868-57a2d4851a1d" relativeResultsDirectory="0feb7e0e-8af6-40ef-a1fc-1bee6aad6c06" />
    <UnitTestResult executionId="181aed9d-971d-4456-8fa1-fb83a162c41d" testId="8f88247e-66be-e104-f96e-bdc2018f97ab" testName="Slopterm.Tests.WebDavRemoteTests.RejectsAUrlThatIsntHttp" computerName="e48a8263a08a" duration="00:00:00.0025843" startTime="2026-08-03T17:48:17.2908897+00:00" endTime="2026-08-03T17:48:17.2908897+00:00" testType="13cdc9d9-ddb5-4fa4-a97d-d965ccfc6d4b" outcome="Passed" testListId="8c84fa94-04c1-424b-9868-57a2d4851a1d" relativeResultsDirectory="181aed9d-971d-4456-8fa1-fb83a162c41d" />
    <UnitTestResult executionId="c60d300d-518e-4013-bde3-3d21b2e129c6" testId="d2bc2e0b-f0b1-50b0-b03d-d0f5cf78c923" testName="Slopterm.Tests.CollectionShareCodecTests.RoundTripsAPassphraseWrappedToken" computerName="e48a8263a08a" duration="00:00:01.1867962" startTime="2026-08-03T17:48:17.2732859+00:00" endTime="2026-08-03T17:48:17.2732860+00:00" testType="13cdc9d9-ddb5-4fa4-a97d-d965ccfc6d4b" outcome="Passed" testListId="8c84fa94-04c1-424b-9868-57a2d4851a1d" relativeResultsDirectory="c60d300d-518e-4013-bde3-3d21b2e129c6" />
    <UnitTestResult executionId="03d368d1-5634-4e35-8b67-f387c90851fb" testId="045e6a50-629f-2e28-9672-b26a2baab094" testName="Slopterm.Tests.CredentialResolverTests.PassesInlineCredentialsStraightThrough" computerName="e48a8263a08a" duration="00:00:01.6905680" startTime="2026-08-03T17:47:49.2793088+00:00" endTime="2026-08-03T17:47:49.2793090+00:00" testType="13cdc9d9-ddb5-4fa4-a97d-d965ccfc6d4b" outcome="Passed" testListId="8c84fa94-04c1-424b-9868-57a2d4851a1d" relativeResultsDirectory="03d368d1-5634-4e35-8b67-f387c90851fb" />
    <UnitTestResult executionId="cc8727f8-959e-425f-b790-e3faefa34f45" testId="dc3366cd-f140-f2aa-a8b4-dcdc0fcb6960" testName="Slopterm.Tests.VaultSyncServiceTests.NothingReadableLeavesTheDevice" computerName="e48a8263a08a" duration="00:00:01.3558619" startTime="2026-08-03T17:48:14.4336195+00:00" endTime="2026-08-03T17:48:14.4336196+00:00" testType="13cdc9d9-ddb5-4fa4-a97d-d965ccfc6d4b" outcome="Passed" testListId="8c84fa94-04c1-424b-9868-57a2d4851a1d" relativeResultsDirectory="cc8727f8-959e-425f-b790-e3faefa34f45" />
    <UnitTestResult executionId="c74ca234-dfab-4085-b569-4f583d95e395" testId="3638f16d-ec7b-19f3-39c7-c4b79b7f1212" testName="Slopterm.Tests.VaultSyncServiceTests.ASecondPassDoesntRefetchUnchangedRecords" computerName="e48a8263a08a" duration="00:00:01.6566046" startTime="2026-08-03T17:47:59.8060585+00:00" endTime="2026-08-03T17:47:59.8060587+00:00" testType="13cdc9d9-ddb5-4fa4-a97d-d965ccfc6d4b" outcome="Passed" testListId="8c84fa94-04c1-424b-9868-57a2d4851a1d" relativeResultsDirectory="c74ca234-dfab-4085-b569-4f583d95e395" />
    <UnitTestResult executionId="654c9190-1163-434c-b4f1-f27878d742d9" testId="465822e1-3dfb-b4f9-7a1c-eaadf5be5c10" testName="Slopterm.Tests.CollectionShareCodecTests.RoundTripsAnInvite" computerName="e48a8263a08a" duration="00:00:00.0016359" startTime="2026-08-03T17:48:14.4777665+00:00" endTime="2026-08-03T17:48:14.4777666+00:00" testType="13cdc9d9-ddb5-4fa4-a97d-d965ccfc6d4b" outcome="Passed" testListId="8c84fa94-04c1-424b-9868-57a2d4851a1d" relativeResultsDirectory="654c9190-1163-434c-b4f1-f27878d742d9" />
    <UnitTestResult executionId="0f8da1c5-f4a3-49fb-9606-e938bef664ac" testId="060cf423-72e3-14b7-68ce-860f034fbcb7" testName="Slopterm.Tests.HybridLogicalClockTests.StampsAfterAPeerEvenWhenThisClockIsBehind" computerName="e48a8263a08a" duration="00:00:00.0007416" startTime="2026-08-03T17:48:17.3237667+00:00" endTime="2026-08-03T17:48:17.3237668+00:00" testType="13cdc9d9-ddb5-4fa4-a97d-d965ccfc6d4b" outcome="Passed" testListId="8c84fa94-04c1-424b-9868-57a2d4851a1d" relativeResultsDirectory="0f8da1c5-f4a3-49fb-9606-e938bef664ac" />
    <UnitTestResult executionId="e17f42b8-6f6d-451e-bd16-dbe1b330d325" testId="d92550b1-0ca2-1c5e-d0ad-b298d5786c0c" testName="Slopterm.Tests.CollectionShareCodecTests.UnwrappedTokensDontClaimToNeedAPassphrase" computerName="e48a8263a08a" duration="00:00:00.0004666" startTime="2026-08-03T17:48:16.0860057+00:00" endTime="2026-08-03T17:48:16.0860059+00:00" testType="13cdc9d9-ddb5-4fa4-a97d-d965ccfc6d4b" outcome="Passed" testListId="8c84fa94-04c1-424b-9868-57a2d4851a1d" relativeResultsDirectory="e17f42b8-6f6d-451e-bd16-dbe1b330d325" />
    <UnitTestResult executionId="e4eecaef-3f52-478f-ba62-89fffd747346" testId="8d8dc28c-9c06-eab3-d1c9-135b98593f8f" testName="Slopterm.Tests.VaultSyncServiceTests.DevicesCanUseTheirOwnWebDavAccounts" computerName="e48a8263a08a" duration="00:00:01.3410295" startTime="2026-08-03T17:48:10.5178205+00:00" endTime="2026-08-03T17:48:10.5178207+00:00" testType="13cdc9d9-ddb5-4fa4-a97d-d965ccfc6d4b" outcome="Passed" testListId="8c84fa94-04c1-424b-9868-57a2d4851a1d" relativeResultsDirectory="e4eecaef-3f52-478f-ba62-89fffd747346" />
    <UnitTestResult executionId="d9c6bbb8-0b5f-4c09-ae5d-836081a87ae6" testId="77349aaa-1753-779f-55d6-ede529593f51" testName="Slopterm.Tests.CollectionShareCodecTests.RejectsAnythingThatIsntOneOfItsTokens(token: &quot;&quot;)" computerName="e48a8263a08a" duration="00:00:00.0003911" startTime="2026-08-03T17:48:14.4768315+00:00" endTime="2026-08-03T17:48:14.4768316+00:00" testType="13cdc9d9-ddb5-4fa4-a97d-d965ccfc6d4b" outcome="Passed" testListId="8c84fa94-04c1-424b-9868-57a2d4851a1d" relativeResultsDirectory="d9c6bbb8-0b5f-4c09-ae5d-836081a87ae6" />
    <UnitTestResult executionId="b8b850c7-25b0-467e-9e16-0db66a906d96" testId="6849cfb4-3363-071d-8910-aa2cbb6a33f2" testName="Slopterm.Tests.HybridLogicalClockTests.OrdersByPhysicalThenCounterThenNode" computerName="e48a8263a08a" duration="00:00:00.0004593" startTime="2026-08-03T17:48:17.3238390+00:00" endTime="2026-08-03T17:48:17.3238391+00:00" testType="13cdc9d9-ddb5-4fa4-a97d-d965ccfc6d4b" outcome="Passed" testListId="8c84fa94-04c1-424b-9868-57a2d4851a1d" relativeResultsDirectory="b8b850c7-25b0-467e-9e16-0db66a906d96" />
  </Results>
  <TestDefinitions>
    <UnitTest name="Slopterm.Tests.CollectionShareCodecTests.RoundTripsAWholeSyncConfiguration" storage="/workspace/wt-webdav-sync/tests/bin/debug/net10.0/slopterm.tests.dll" id="ed219a79-dfe4-17e2-f88b-1555e253229f">
      <Execution id="8e434a5a-adfb-4d63-bcac-aeb9468a424e" />
      <TestMethod codeBase="/workspace/wt-webdav-sync/tests/bin/Debug/net10.0/Slopterm.Tests.dll" adapterTypeName="executor://xunit/VsTestRunner2/netcoreapp" className="Slopterm.Tests.CollectionShareCodecTests" name="RoundTripsAWholeSyncConfiguration" />
    </UnitTest>
    <UnitTest name="Slopterm.Tests.HybridLogicalClockTests.DoesntInheritABehindPeersCounter" storage="/workspace/wt-webdav-sync/tests/bin/debug/net10.0/slopterm.tests.dll" id="3502e061-f81d-d8fe-3328-cce0a12c38fe">
      <Execution id="ecfa00dc-e389-435d-aaeb-0073df6f5b8b" />
      <TestMethod codeBase="/workspace/wt-webdav-sync/tests/bin/Debug/net10.0/Slopterm.Tests.dll" adapterTypeName="executor://xunit/VsTestRunner2/netcoreapp" className="Slopterm.Tests.HybridLogicalClockTests" name="DoesntInheritABehindPeersCounter" />
    </UnitTest>
    <UnitTest name="Slopterm.Tests.CollectionShareCodecTests.RejectsAnythingThatIsntOneOfItsTokens(token: &quot;slopterm:collection:v1:&quot;)" storage="/workspace/wt-webdav-sync/tests/bin/debug/net10.0/slopterm.tests.dll" id="f3280c23-027a-ad8f-0c3d-66466293ec0e">
      <Execution id="5c03a9c4-8f14-4448-af72-70de37459aa5" />
      <TestMethod codeBase="/workspace/wt-webdav-sync/tests/bin/Debug/net10.0/Slopterm.Tests.dll" adapterTypeName="executor://xunit/VsTestRunner2/netcoreapp" className="Slopterm.Tests.CollectionShareCodecTests" name="RejectsAnythingThatIsntOneOfItsTokens" />
    </UnitTest>
    <UnitTest name="Slopterm.Tests.CollectionCryptoTests.GeneratesADistinctKeyEveryTime" storage="/workspace/wt-webdav-sync/tests/bin/debug/net10.0/slopterm.tests.dll" id="ed7bdbc4-8e0d-b459-05e1-5ea6a55b5e1d">
      <Execution id="4ca24512-0272-4a31-b4a2-ec4bf361f0bf" />
      <TestMethod codeBase="/workspace/wt-webdav-sync/tests/bin/Debug/net10.0/Slopterm.Tests.dll" adapterTypeName="executor://xunit/VsTestRunner2/netcoreapp" className="Slopterm.Tests.CollectionCryptoTests" name="GeneratesADistinctKeyEveryTime" />
    </UnitTest>
    <UnitTest name="Slopterm.Tests.WebDavRemoteTests.RoundTripsRecordsThroughEveryVerbTheSyncLoopUses" storage="/workspace/wt-webdav-sync/tests/bin/debug/net10.0/slopterm.tests.dll" id="02390621-47f6-7eae-b639-73bf5ccfbf0d">
      <Execution id="80fd4427-e2d4-4231-8ac4-f5658b997025" />
      <TestMethod codeBase="/workspace/wt-webdav-sync/tests/bin/Debug/net10.0/Slopterm.Tests.dll" adapterTypeName="executor://xunit/VsTestRunner2/netcoreapp" className="Slopterm.Tests.WebDavRemoteTests" name="RoundTripsRecordsThroughEveryVerbTheSyncLoopUses" />
    </UnitTest>
    <UnitTest name="Slopterm.Tests.HybridLogicalClockTests.NeverIssuesTheSameValueTwice" storage="/workspace/wt-webdav-sync/tests/bin/debug/net10.0/slopterm.tests.dll" id="444961b3-2c6d-e8bc-d1ef-fa18eda762da">
      <Execution id="ad74d412-a157-4d52-a8fe-2dbe8917fc57" />
      <TestMethod codeBase="/workspace/wt-webdav-sync/tests/bin/Debug/net10.0/Slopterm.Tests.dll" adapterTypeName="executor://xunit/VsTestRunner2/netcoreapp" className="Slopterm.Tests.HybridLogicalClockTests" name="NeverIssuesTheSameValueTwice" />
    </UnitTest>
    <UnitTest name="Slopterm.Tests.CollectionShareCodecTests.RejectsAnythingThatIsntOneOfItsTokens(token: &quot;slopterm:collection:v1:!!!!&quot;)" storage="/workspace/wt-webdav-sync/tests/bin/debug/net10.0/slopterm.tests.dll" id="017b9ccd-ff1b-0643-3dd1-e788df54300a">
      <Execution id="f4e5be60-e48f-4d07-9467-1fda316a2b0f" />
      <TestMethod codeBase="/workspace/wt-webdav-sync/tests/bin/Debug/net10.0/Slopterm.Tests.dll" adapterTypeName="executor://xunit/VsTestRunner2/netcoreapp" className="Slopterm.Tests.CollectionShareCodecTests" name="RejectsAnythingThatIsntOneOfItsTokens" />
    </UnitTest>
    <UnitTest name="Slopterm.Tests.HybridLogicalClockTests.StampsAfterAPeerEvenWhenThisClockIsBehind" storage="/workspace/wt-webdav-sync/tests/bin/debug/net10.0/slopterm.tests.dll" id="060cf423-72e3-14b7-68ce-860f034fbcb7">
      <Execution id="0f8da1c5-f4a3-49fb-9606-e938bef664ac" />
      <TestMethod codeBase="/workspace/wt-webdav-sync/tests/bin/Debug/net10.0/Slopterm.Tests.dll" adapterTypeName="executor://xunit/VsTestRunner2/netcoreapp" className="Slopterm.Tests.HybridLogicalClockTests" name="StampsAfterAPeerEvenWhenThisClockIsBehind" />
    </UnitTest>
    <UnitTest name="Slopterm.Tests.CredentialResolverTests.TheLocalCollectionBeatsTheHostsOwnCollection" storage="/workspace/wt-webdav-sync/tests/bin/debug/net10.0/slopterm.tests.dll" id="c366ff22-21b6-eacd-2440-193eee8a9102">
      <Execution id="c5415d38-de4a-484b-97b7-a51a16189d5e" />
      <TestMethod codeBase="/workspace/wt-webdav-sync/tests/bin/Debug/net10.0/Slopterm.Tests.dll" adapterTypeName="executor://xunit/VsTestRunner2/netcoreapp" className="Slopterm.Tests.CredentialResolverTests" name="TheLocalCollectionBeatsTheHostsOwnCollection" />
    </UnitTest>
    <UnitTest name="Slopterm.Tests.CollectionShareCodecTests.RejectsAnythingThatIsntOneOfItsTokens(token: &quot;slopterm:host:v1:abc&quot;)" storage="/workspace/wt-webdav-sync/tests/bin/debug/net10.0/slopterm.tests.dll" id="4e16dc8e-dcc7-043a-dff8-4c0f731bc698">
      <Execution id="a06c6ae3-9b1b-4029-8de6-caa835b143a8" />
      <TestMethod codeBase="/workspace/wt-webdav-sync/tests/bin/Debug/net10.0/Slopterm.Tests.dll" adapterTypeName="executor://xunit/VsTestRunner2/netcoreapp" className="Slopterm.Tests.CollectionShareCodecTests" name="RejectsAnythingThatIsntOneOfItsTokens" />
    </UnitTest>
    <UnitTest name="Slopterm.Tests.CollectionShareCodecTests.RoundTripsAnInvite" storage="/workspace/wt-webdav-sync/tests/bin/debug/net10.0/slopterm.tests.dll" id="465822e1-3dfb-b4f9-7a1c-eaadf5be5c10">
      <Execution id="654c9190-1163-434c-b4f1-f27878d742d9" />
      <TestMethod codeBase="/workspace/wt-webdav-sync/tests/bin/Debug/net10.0/Slopterm.Tests.dll" adapterTypeName="executor://xunit/VsTestRunner2/netcoreapp" className="Slopterm.Tests.CollectionShareCodecTests" name="RoundTripsAnInvite" />
    </UnitTest>
    <UnitTest name="Slopterm.Tests.HybridLogicalClockTests.RoundTripsThroughItsSerializedForm" storage="/workspace/wt-webdav-sync/tests/bin/debug/net10.0/slopterm.tests.dll" id="ace97d1e-bb36-4bd8-cb57-74305f304697">
      <Execution id="7c1710db-e2c3-4fc6-adfe-c4a922ff705d" />
      <TestMethod codeBase="/workspace/wt-webdav-sync/tests/bin/Debug/net10.0/Slopterm.Tests.dll" adapterTypeName="executor://xunit/VsTestRunner2/netcoreapp" className="Slopterm.Tests.HybridLogicalClockTests" name="RoundTripsThroughItsSerializedForm" />
    </UnitTest>
    <UnitTest name="Slopterm.Tests.VaultSyncServiceTests.NothingReadableLeavesTheDevice" storage="/workspace/wt-webdav-sync/tests/bin/debug/net10.0/slopterm.tests.dll" id="dc3366cd-f140-f2aa-a8b4-dcdc0fcb6960">
      <Execution id="cc8727f8-959e-425f-b790-e3faefa34f45" />
      <TestMethod codeBase="/workspace/wt-webdav-sync/tests/bin/Debug/net10.0/Slopterm.Tests.dll" adapterTypeName="executor://xunit/VsTestRunner2/netcoreapp" className="Slopterm.Tests.VaultSyncServiceTests" name="NothingReadableLeavesTheDevice" />
    </UnitTest>
    <UnitTest name="Slopterm.Tests.VaultSyncServiceTests.AnEditOnOneDeviceOverwritesTheOlderCopyOnTheOther" storage="/workspace/wt-webdav-sync/tests/bin/debug/net10.0/slopterm.tests.dll" id="9bd2e220-c72e-961a-c9c4-81740a2596fd">
      <Execution id="e7d1df6d-f579-4df3-b96c-bf4e2772b290" />
      <TestMethod codeBase="/workspace/wt-webdav-sync/tests/bin/Debug/net10.0/Slopterm.Tests.dll" adapterTypeName="executor://xunit/VsTestRunner2/netcoreapp" className="Slopterm.Tests.VaultSyncServiceTests" name="AnEditOnOneDeviceOverwritesTheOlderCopyOnTheOther" />
    </UnitTest>
    <UnitTest name="Slopterm.Tests.HybridLogicalClockTests.ParsesAnythingUnusableAsTheEpoch(value: &quot;2026-07-30T12:00:00.123Z&quot;)" storage="/workspace/wt-webdav-sync/tests/bin/debug/net10.0/slopterm.tests.dll" id="7395c2d5-dbf5-675f-dcc3-5b1269890c18">
      <Execution id="35fc57ac-997b-49a8-8c5c-38e1bcd82c18" />
      <TestMethod codeBase="/workspace/wt-webdav-sync/tests/bin/Debug/net10.0/Slopterm.Tests.dll" adapterTypeName="executor://xunit/VsTestRunner2/netcoreapp" className="Slopterm.Tests.HybridLogicalClockTests" name="ParsesAnythingUnusableAsTheEpoch" />
    </UnitTest>
    <UnitTest name="Slopterm.Tests.CredentialResolverTests.ReportsNoKeyOnThisDeviceRatherThanConnectingWithSomethingElse" storage="/workspace/wt-webdav-sync/tests/bin/debug/net10.0/slopterm.tests.dll" id="42eef3d6-1a1b-bc2c-2bb9-eed7f9a6da87">
      <Execution id="0feb7e0e-8af6-40ef-a1fc-1bee6aad6c06" />
      <TestMethod codeBase="/workspace/wt-webdav-sync/tests/bin/Debug/net10.0/Slopterm.Tests.dll" adapterTypeName="executor://xunit/VsTestRunner2/netcoreapp" className="Slopterm.Tests.CredentialResolverTests" name="ReportsNoKeyOnThisDeviceRatherThanConnectingWithSomethingElse" />
    </UnitTest>
    <UnitTest name="Slopterm.Tests.HybridLogicalClockTests.ParsesAnythingUnusableAsTheEpoch(value: &quot;garbage&quot;)" storage="/workspace/wt-webdav-sync/tests/bin/debug/net10.0/slopterm.tests.dll" id="a1f4fcbc-e816-b8de-1560-7c097c5babe2">
      <Execution id="6c4d0ddd-3e42-4f6a-8388-1bb52a05686d" />
      <TestMethod codeBase="/workspace/wt-webdav-sync/tests/bin/Debug/net10.0/Slopterm.Tests.dll" adapterTypeName="executor://xunit/VsTestRunner2/netcoreapp" className="Slopterm.Tests.HybridLogicalClockTests" name="ParsesAnythingUnusableAsTheEpoch" />
    </UnitTest>
    <UnitTest name="Slopterm.Tests.VaultSyncServiceTests.TheLocalCollectionIsNeverListedAsSyncable" storage="/workspace/wt-webdav-sync/tests/bin/debug/net10.0/slopterm.tests.dll" id="34e91c7f-8b58-2310-9fbf-5980191d33cb">
      <Execution id="1ec5315d-587a-4444-89da-715870f59c8d" />
      <TestMethod codeBase="/workspace/wt-webdav-sync/tests/bin/Debug/net10.0/Slopterm.Tests.dll" adapterTypeName="executor://xunit/VsTestRunner2/netcoreapp" className="Slopterm.Tests.VaultSyncServiceTests" name="TheLocalCollectionIsNeverListedAsSyncable" />
    </UnitTest>
    <UnitTest name="Slopterm.Tests.VaultSyncServiceTests.DevicesCanUseTheirOwnWebDavAccounts" storage="/workspace/wt-webdav-sync/tests/bin/debug/net10.0/slopterm.tests.dll" id="8d8dc28c-9c06-eab3-d1c9-135b98593f8f">
      <Execution id="e4eecaef-3f52-478f-ba62-89fffd747346" />
      <TestMethod codeBase="/workspace/wt-webdav-sync/tests/bin/Debug/net10.0/Slopterm.Tests.dll" adapterTypeName="executor://xunit/VsTestRunner2/netcoreapp" className="Slopterm.Tests.VaultSyncServiceTests" name="DevicesCanUseTheirOwnWebDavAccounts" />
    </UnitTest>
    <UnitTest name="Slopterm.Tests.CollectionShareCodecTests.RejectsAnythingThatIsntOneOfItsTokens(token: &quot;hello&quot;)" storage="/workspace/wt-webdav-sync/tests/bin/debug/net10.0/slopterm.tests.dll" id="50a79d9a-729d-94c5-3c94-9cda87bc27c6">
      <Execution id="1dfe191b-4735-4407-82df-beb9fcef8de9" />
      <TestMethod codeBase="/workspace/wt-webdav-sync/tests/bin/Debug/net10.0/Slopterm.Tests.dll" adapterTypeName="executor://xunit/VsTestRunner2/netcoreapp" className="Slopterm.Tests.CollectionShareCodecTests" name="RejectsAnythingThatIsntOneOfItsTokens" />
    </UnitTest>
    <UnitTest name="Slopterm.Tests.VaultSyncServiceTests.ASecondPassDoesntRefetchUnchangedRecords" storage="/workspace/wt-webdav-sync/tests/bin/debug/net10.0/slopterm.tests.dll" id="3638f16d-ec7b-19f3-39c7-c4b79b7f1212">
      <Execution id="c74ca234-dfab-4085-b569-4f583d95e395" />
      <TestMethod codeBase="/workspace/wt-webdav-sync/tests/bin/Debug/net10.0/Slopterm.Tests.dll" adapterTypeName="executor://xunit/VsTestRunner2/netcoreapp" className="Slopterm.Tests.VaultSyncServiceTests" name="ASecondPassDoesntRefetchUnchangedRecords" />
    </UnitTest>
    <UnitTest name="Slopterm.Tests.CollectionShareCodecTests.UnwrappedTokensDontClaimToNeedAPassphrase" storage="/workspace/wt-webdav-sync/tests/bin/debug/net10.0/slopterm.tests.dll" id="d92550b1-0ca2-1c5e-d0ad-b298d5786c0c">
      <Execution id="e17f42b8-6f6d-451e-bd16-dbe1b330d325" />
      <TestMethod codeBase="/workspace/wt-webdav-sync/tests/bin/Debug/net10.0/Slopterm.Tests.dll" adapterTypeName="executor://xunit/VsTestRunner2/netcoreapp" className="Slopterm.Tests.CollectionShareCodecTests" name="UnwrappedTokensDontClaimToNeedAPassphrase" />
    </UnitTest>
    <UnitTest name="Slopterm.Tests.WebDavIntegrationTests.ConcurrentEditsKeepBothSidesThroughARealServer" storage="/workspace/wt-webdav-sync/tests/bin/debug/net10.0/slopterm.tests.dll" id="ffa15a08-53f5-f4ed-b590-9cc41b2148ac">
      <Execution id="316e1197-1f93-4dd8-b8de-6561ce9e0c58" />
      <TestMethod codeBase="/workspace/wt-webdav-sync/tests/bin/Debug/net10.0/Slopterm.Tests.dll" adapterTypeName="executor://xunit/VsTestRunner2/netcoreapp" className="Slopterm.Tests.WebDavIntegrationTests" name="ConcurrentEditsKeepBothSidesThroughARealServer" />
    </UnitTest>
    <UnitTest name="Slopterm.Tests.VaultSyncServiceTests.ARecordSavedOnOneDeviceReachesTheOther" storage="/workspace/wt-webdav-sync/tests/bin/debug/net10.0/slopterm.tests.dll" id="baa5793b-4d8d-4949-34e9-a10290558d9c">
      <Execution id="94674a3a-8f89-4316-8dd9-ece26bf2aeb9" />
      <TestMethod codeBase="/workspace/wt-webdav-sync/tests/bin/Debug/net10.0/Slopterm.Tests.dll" adapterTypeName="executor://xunit/VsTestRunner2/netcoreapp" className="Slopterm.Tests.VaultSyncServiceTests" name="ARecordSavedOnOneDeviceReachesTheOther" />
    </UnitTest>
    <UnitTest name="Slopterm.Tests.CredentialResolverTests.FallsBackToAnyOtherCollectionThisDeviceHolds" storage="/workspace/wt-webdav-sync/tests/bin/debug/net10.0/slopterm.tests.dll" id="1c182ae5-f201-71c5-46a6-ed4c74bfea6d">
      <Execution id="5271f9b4-b430-4041-9b5e-e5c23213977c" />
      <TestMethod codeBase="/workspace/wt-webdav-sync/tests/bin/Debug/net10.0/Slopterm.Tests.dll" adapterTypeName="executor://xunit/VsTestRunner2/netcoreapp" className="Slopterm.Tests.CredentialResolverTests" name="FallsBackToAnyOtherCollectionThisDeviceHolds" />
    </UnitTest>
    <UnitTest name="Slopterm.Tests.CollectionCryptoTests.GeneratesADistinctCollectionIdEveryTime" storage="/workspace/wt-webdav-sync/tests/bin/debug/net10.0/slopterm.tests.dll" id="5df95f92-d822-2ac4-88f5-db2748997ad7">
      <Execution id="2c4a2f49-ce92-465b-a272-828c3e6325f8" />
      <TestMethod codeBase="/workspace/wt-webdav-sync/tests/bin/Debug/net10.0/Slopterm.Tests.dll" adapterTypeName="executor://xunit/VsTestRunner2/netcoreapp" className="Slopterm.Tests.CollectionCryptoTests" name="GeneratesADistinctCollectionIdEveryTime" />
    </UnitTest>
    <UnitTest name="Slopterm.Tests.CollectionShareCodecTests.RoundTripsAPassphraseWrappedToken" storage="/workspace/wt-webdav-sync/tests/bin/debug/net10.0/slopterm.tests.dll" id="d2bc2e0b-f0b1-50b0-b03d-d0f5cf78c923">
      <Execution id="c60d300d-518e-4013-bde3-3d21b2e129c6" />
      <TestMethod codeBase="/workspace/wt-webdav-sync/tests/bin/Debug/net10.0/Slopterm.Tests.dll" adapterTypeName="executor://xunit/VsTestRunner2/netcoreapp" className="Slopterm.Tests.CollectionShareCodecTests" name="RoundTripsAPassphraseWrappedToken" />
    </UnitTest>
    <UnitTest name="Slopterm.Tests.WebDavRemoteTests.RejectsAUrlThatIsntHttp" storage="/workspace/wt-webdav-sync/tests/bin/debug/net10.0/slopterm.tests.dll" id="8f88247e-66be-e104-f96e-bdc2018f97ab">
      <Execution id="181aed9d-971d-4456-8fa1-fb83a162c41d" />
      <TestMethod codeBase="/workspace/wt-webdav-sync/tests/bin/Debug/net10.0/Slopterm.Tests.dll" adapterTypeName="executor://xunit/VsTestRunner2/netcoreapp" className="Slopterm.Tests.WebDavRemoteTests" name="RejectsAUrlThatIsntHttp" />
    </UnitTest>
    <UnitTest name="Slopterm.Tests.CredentialResolverTests.SkipsAnUnresolvableCredentialForOneThatWorks" storage="/workspace/wt-webdav-sync/tests/bin/debug/net10.0/slopterm.tests.dll" id="8c3e9572-a4e0-399c-9fe0-0f0550b315b9">
      <Execution id="299f6c8b-ff76-4285-ae54-38ca68469dc9" />
      <TestMethod codeBase="/workspace/wt-webdav-sync/tests/bin/Debug/net10.0/Slopterm.Tests.dll" adapterTypeName="executor://xunit/VsTestRunner2/netcoreapp" className="Slopterm.Tests.CredentialResolverTests" name="SkipsAnUnresolvableCredentialForOneThatWorks" />
    </UnitTest>
    <UnitTest name="Slopterm.Tests.HybridLogicalClockTests.ParsesAnythingUnusableAsTheEpoch(value: &quot;&quot;)" storage="/workspace/wt-webdav-sync/tests/bin/debug/net10.0/slopterm.tests.dll" id="96324546-0b4c-657a-38bf-87cae044038f">
      <Execution id="4a7eeb73-6822-4e64-8534-9f76dd579b15" />
      <TestMethod codeBase="/workspace/wt-webdav-sync/tests/bin/Debug/net10.0/Slopterm.Tests.dll" adapterTypeName="executor://xunit/VsTestRunner2/netcoreapp" className="Slopterm.Tests.HybridLogicalClockTests" name="ParsesAnythingUnusableAsTheEpoch" />
    </UnitTest>
    <UnitTest name="Slopterm.Tests.WebDavIntegrationTests.TheServerOnlyEverHoldsCiphertext" storage="/workspace/wt-webdav-sync/tests/bin/debug/net10.0/slopterm.tests.dll" id="c7b98515-873e-4c51-15e6-b7d069e96c30">
      <Execution id="59a6d0c3-34b2-4701-a2de-8ec488e0b965" />
      <TestMethod codeBase="/workspace/wt-webdav-sync/tests/bin/Debug/net10.0/Slopterm.Tests.dll" adapterTypeName="executor://xunit/VsTestRunner2/netcoreapp" className="Slopterm.Tests.WebDavIntegrationTests" name="TheServerOnlyEverHoldsCiphertext" />
    </UnitTest>
    <UnitTest name="Slopterm.Tests.CollectionShareCodecTests.CarriesItsFormatInThePrefix" storage="/workspace/wt-webdav-sync/tests/bin/debug/net10.0/slopterm.tests.dll" id="e198fe80-7158-dfe3-2784-6c9576c401c3">
      <Execution id="2190d781-6c0e-41bc-9a30-eeafcf684376" />
      <TestMethod codeBase="/workspace/wt-webdav-sync/tests/bin/Debug/net10.0/Slopterm.Tests.dll" adapterTypeName="executor://xunit/VsTestRunner2/netcoreapp" className="Slopterm.Tests.CollectionShareCodecTests" name="CarriesItsFormatInThePrefix" />
    </UnitTest>
    <UnitTest name="Slopterm.Tests.WebDavRemoteTests.ReportsPreconditionFailuresRatherThanThrowing" storage="/workspace/wt-webdav-sync/tests/bin/debug/net10.0/slopterm.tests.dll" id="eacf0f88-eeb6-33b8-0e5b-d752d937e9a4">
      <Execution id="9c32e8a3-a1e4-4d51-8789-3333f76fafa0" />
      <TestMethod codeBase="/workspace/wt-webdav-sync/tests/bin/Debug/net10.0/Slopterm.Tests.dll" adapterTypeName="executor://xunit/VsTestRunner2/netcoreapp" className="Slopterm.Tests.WebDavRemoteTests" name="ReportsPreconditionFailuresRatherThanThrowing" />
    </UnitTest>
    <UnitTest name="Slopterm.Tests.CollectionShareCodecTests.RefusesAPassphraseWrappedTokenWithoutOrWithTheWrongPassphrase" storage="/workspace/wt-webdav-sync/tests/bin/debug/net10.0/slopterm.tests.dll" id="5206b762-cc18-3e6b-af1c-3dc696e6473a">
      <Execution id="a49b0b5f-008a-44e4-9e62-e3ac0b9e77a6" />
      <TestMethod codeBase="/workspace/wt-webdav-sync/tests/bin/Debug/net10.0/Slopterm.Tests.dll" adapterTypeName="executor://xunit/VsTestRunner2/netcoreapp" className="Slopterm.Tests.CollectionShareCodecTests" name="RefusesAPassphraseWrappedTokenWithoutOrWithTheWrongPassphrase" />
    </UnitTest>
    <UnitTest name="Slopterm.Tests.CredentialResolverTests.MatchesNamesCaseInsensitively" storage="/workspace/wt-webdav-sync/tests/bin/debug/net10.0/slopterm.tests.dll" id="889dff0c-cda9-e59a-b47f-c5ea36b2b1ce">
      <Execution id="67f2c0c0-ac45-4705-9dc5-573b1622f5f4" />
      <TestMethod codeBase="/workspace/wt-webdav-sync/tests/bin/Debug/net10.0/Slopterm.Tests.dll" adapterTypeName="executor://xunit/VsTestRunner2/netcoreapp" className="Slopterm.Tests.CredentialResolverTests" name="MatchesNamesCaseInsensitively" />
    </UnitTest>
    <UnitTest name="Slopterm.Tests.CollectionCryptoTests.RoundTripsARecordUnderTheCollectionKey" storage="/workspace/wt-webdav-sync/tests/bin/debug/net10.0/slopterm.tests.dll" id="0a4e1810-0bf7-19b5-6dfd-536b16e6da89">
      <Execution id="3bea4d44-1178-47a1-ad54-c43e83d3fb88" />
      <TestMethod codeBase="/workspace/wt-webdav-sync/tests/bin/Debug/net10.0/Slopterm.Tests.dll" adapterTypeName="executor://xunit/VsTestRunner2/netcoreapp" className="Slopterm.Tests.CollectionCryptoTests" name="RoundTripsARecordUnderTheCollectionKey" />
    </UnitTest>
    <UnitTest name="Slopterm.Tests.VaultSyncServiceTests.BothSidesEditingKeepsTheLoserAsAConflictCopy" storage="/workspace/wt-webdav-sync/tests/bin/debug/net10.0/slopterm.tests.dll" id="73304184-e608-ecdd-9533-712d61466eb6">
      <Execution id="251700d9-616a-4cb0-b0b5-20ec550e92f3" />
      <TestMethod codeBase="/workspace/wt-webdav-sync/tests/bin/Debug/net10.0/Slopterm.Tests.dll" adapterTypeName="executor://xunit/VsTestRunner2/netcoreapp" className="Slopterm.Tests.VaultSyncServiceTests" name="BothSidesEditingKeepsTheLoserAsAConflictCopy" />
    </UnitTest>
    <UnitTest name="Slopterm.Tests.HybridLogicalClockTests.ParsesAnythingUnusableAsTheEpoch(value: null)" storage="/workspace/wt-webdav-sync/tests/bin/debug/net10.0/slopterm.tests.dll" id="21170c22-35bc-f34b-f68d-39e80a76a48e">
      <Execution id="89e94140-7f00-41c5-8613-1085483796d1" />
      <TestMethod codeBase="/workspace/wt-webdav-sync/tests/bin/Debug/net10.0/Slopterm.Tests.dll" adapterTypeName="executor://xunit/VsTestRunner2/netcoreapp" className="Slopterm.Tests.HybridLogicalClockTests" name="ParsesAnythingUnusableAsTheEpoch" />
    </UnitTest>
    <UnitTest name="Slopterm.Tests.CredentialResolverTests.TheSameNameResolvesToADifferentLocalKeyOnEachDevice" storage="/workspace/wt-webdav-sync/tests/bin/debug/net10.0/slopterm.tests.dll" id="9bc58c4f-cbc4-efed-8f90-e6abb762f55f">
      <Execution id="59f3603e-c630-4c7f-8e26-edac65542b2d" />
      <TestMethod codeBase="/workspace/wt-webdav-sync/tests/bin/Debug/net10.0/Slopterm.Tests.dll" adapterTypeName="executor://xunit/VsTestRunner2/netcoreapp" className="Slopterm.Tests.CredentialResolverTests" name="TheSameNameResolvesToADifferentLocalKeyOnEachDevice" />
    </UnitTest>
    <UnitTest name="Slopterm.Tests.WebDavIntegrationTests.TwoDevicesConvergeThroughARealServer" storage="/workspace/wt-webdav-sync/tests/bin/debug/net10.0/slopterm.tests.dll" id="27b0f2a2-b48b-3ccb-d1da-68ddd4669ec1">
      <Execution id="797de23b-5a21-45b7-975f-bf5c01c3caa6" />
      <TestMethod codeBase="/workspace/wt-webdav-sync/tests/bin/Debug/net10.0/Slopterm.Tests.dll" adapterTypeName="executor://xunit/VsTestRunner2/netcoreapp" className="Slopterm.Tests.WebDavIntegrationTests" name="TwoDevicesConvergeThroughARealServer" />
    </UnitTest>
    <UnitTest name="Slopterm.Tests.CredentialResolverTests.IgnoresCredentialKindsThatArentForConnecting" storage="/workspace/wt-webdav-sync/tests/bin/debug/net10.0/slopterm.tests.dll" id="e207733b-4e5c-1b59-c14b-c82e9bb1f146">
      <Execution id="301c7868-20e9-489f-8e71-6f4a9140b503" />
      <TestMethod codeBase="/workspace/wt-webdav-sync/tests/bin/Debug/net10.0/Slopterm.Tests.dll" adapterTypeName="executor://xunit/VsTestRunner2/netcoreapp" className="Slopterm.Tests.CredentialResolverTests" name="IgnoresCredentialKindsThatArentForConnecting" />
    </UnitTest>
    <UnitTest name="Slopterm.Tests.CollectionCryptoTests.EncryptingTwiceNeverProducesTheSameBytes" storage="/workspace/wt-webdav-sync/tests/bin/debug/net10.0/slopterm.tests.dll" id="0e82ef00-9678-0855-062e-421292b832a9">
      <Execution id="3d4edca9-20b8-491f-aff5-537625e04c7d" />
      <TestMethod codeBase="/workspace/wt-webdav-sync/tests/bin/Debug/net10.0/Slopterm.Tests.dll" adapterTypeName="executor://xunit/VsTestRunner2/netcoreapp" className="Slopterm.Tests.CollectionCryptoTests" name="EncryptingTwiceNeverProducesTheSameBytes" />
    </UnitTest>
    <UnitTest name="Slopterm.Tests.CollectionCryptoTests.KeyFingerprintIsStableDistinctAndReadable" storage="/workspace/wt-webdav-sync/tests/bin/debug/net10.0/slopterm.tests.dll" id="dee05ed0-16b7-2bf7-c3d9-eef784c5f1d8">
      <Execution id="9a1af2d9-191d-448f-8653-972f28626553" />
      <TestMethod codeBase="/workspace/wt-webdav-sync/tests/bin/Debug/net10.0/Slopterm.Tests.dll" adapterTypeName="executor://xunit/VsTestRunner2/netcoreapp" className="Slopterm.Tests.CollectionCryptoTests" name="KeyFingerprintIsStableDistinctAndReadable" />
    </UnitTest>
    <UnitTest name="Slopterm.Tests.CredentialResolverTests.FallsBackToTheHostsOwnCollection" storage="/workspace/wt-webdav-sync/tests/bin/debug/net10.0/slopterm.tests.dll" id="430204c9-0521-a730-6d2e-f3540ef7fdc4">
      <Execution id="611146af-7a35-4ff1-8ed1-94207315f642" />
      <TestMethod codeBase="/workspace/wt-webdav-sync/tests/bin/Debug/net10.0/Slopterm.Tests.dll" adapterTypeName="executor://xunit/VsTestRunner2/netcoreapp" className="Slopterm.Tests.CredentialResolverTests" name="FallsBackToTheHostsOwnCollection" />
    </UnitTest>
    <UnitTest name="Slopterm.Tests.HybridLogicalClockTests.OrdersByPhysicalThenCounterThenNode" storage="/workspace/wt-webdav-sync/tests/bin/debug/net10.0/slopterm.tests.dll" id="6849cfb4-3363-071d-8910-aa2cbb6a33f2">
      <Execution id="b8b850c7-25b0-467e-9e16-0db66a906d96" />
      <TestMethod codeBase="/workspace/wt-webdav-sync/tests/bin/Debug/net10.0/Slopterm.Tests.dll" adapterTypeName="executor://xunit/VsTestRunner2/netcoreapp" className="Slopterm.Tests.HybridLogicalClockTests" name="OrdersByPhysicalThenCounterThenNode" />
    </UnitTest>
    <UnitTest name="Slopterm.Tests.VaultSyncServiceTests.LeavingKeepsTheRecordsLocallyByDefault" storage="/workspace/wt-webdav-sync/tests/bin/debug/net10.0/slopterm.tests.dll" id="45f2e750-b21c-b90a-09cf-d05d0a4953f0">
      <Execution id="10a42e71-2e47-4c28-965d-0eb761cbaabb" />
      <TestMethod codeBase="/workspace/wt-webdav-sync/tests/bin/Debug/net10.0/Slopterm.Tests.dll" adapterTypeName="executor://xunit/VsTestRunner2/netcoreapp" className="Slopterm.Tests.VaultSyncServiceTests" name="LeavingKeepsTheRecordsLocallyByDefault" />
    </UnitTest>
    <UnitTest name="Slopterm.Tests.CollectionCryptoTests.ADifferentKeyCannotReadTheRecord" storage="/workspace/wt-webdav-sync/tests/bin/debug/net10.0/slopterm.tests.dll" id="49bd07ab-c8c8-3778-5ebb-ff4ba300a01f">
      <Execution id="ea438b18-e2e8-44e1-855a-5d77874ba64a" />
      <TestMethod codeBase="/workspace/wt-webdav-sync/tests/bin/Debug/net10.0/Slopterm.Tests.dll" adapterTypeName="executor://xunit/VsTestRunner2/netcoreapp" className="Slopterm.Tests.CollectionCryptoTests" name="ADifferentKeyCannotReadTheRecord" />
    </UnitTest>
    <UnitTest name="Slopterm.Tests.VaultSyncServiceTests.AnEditAfterADeleteWinsOverTheTombstone" storage="/workspace/wt-webdav-sync/tests/bin/debug/net10.0/slopterm.tests.dll" id="04bfe952-fb94-f9d3-6611-10bdb76d4645">
      <Execution id="8fbeba14-8934-49c7-8b3b-08b8f4c99d4b" />
      <TestMethod codeBase="/workspace/wt-webdav-sync/tests/bin/Debug/net10.0/Slopterm.Tests.dll" adapterTypeName="executor://xunit/VsTestRunner2/netcoreapp" className="Slopterm.Tests.VaultSyncServiceTests" name="AnEditAfterADeleteWinsOverTheTombstone" />
    </UnitTest>
    <UnitTest name="Slopterm.Tests.VaultSyncServiceTests.ReportsAReadOnlyShareAsSuchRatherThanAsAGenericFailure" storage="/workspace/wt-webdav-sync/tests/bin/debug/net10.0/slopterm.tests.dll" id="80e9bea8-0cd1-e930-6c99-7f1fea9cef6a">
      <Execution id="3b68b124-1e2c-44aa-ac3b-686662700fc0" />
      <TestMethod codeBase="/workspace/wt-webdav-sync/tests/bin/Debug/net10.0/Slopterm.Tests.dll" adapterTypeName="executor://xunit/VsTestRunner2/netcoreapp" className="Slopterm.Tests.VaultSyncServiceTests" name="ReportsAReadOnlyShareAsSuchRatherThanAsAGenericFailure" />
    </UnitTest>
    <UnitTest name="Slopterm.Tests.CredentialResolverTests.PassesInlineCredentialsStraightThrough" storage="/workspace/wt-webdav-sync/tests/bin/debug/net10.0/slopterm.tests.dll" id="045e6a50-629f-2e28-9672-b26a2baab094">
      <Execution id="03d368d1-5634-4e35-8b67-f387c90851fb" />
      <TestMethod codeBase="/workspace/wt-webdav-sync/tests/bin/Debug/net10.0/Slopterm.Tests.dll" adapterTypeName="executor://xunit/VsTestRunner2/netcoreapp" className="Slopterm.Tests.CredentialResolverTests" name="PassesInlineCredentialsStraightThrough" />
    </UnitTest>
    <UnitTest name="Slopterm.Tests.CollectionShareCodecTests.RejectsAnythingThatIsntOneOfItsTokens(token: &quot;&quot;)" storage="/workspace/wt-webdav-sync/tests/bin/debug/net10.0/slopterm.tests.dll" id="77349aaa-1753-779f-55d6-ede529593f51">
      <Execution id="d9c6bbb8-0b5f-4c09-ae5d-836081a87ae6" />
      <TestMethod codeBase="/workspace/wt-webdav-sync/tests/bin/Debug/net10.0/Slopterm.Tests.dll" adapterTypeName="executor://xunit/VsTestRunner2/netcoreapp" className="Slopterm.Tests.CollectionShareCodecTests" name="RejectsAnythingThatIsntOneOfItsTokens" />
    </UnitTest>
    <UnitTest name="Slopterm.Tests.CredentialResolverTests.DescribeNeverCarriesTheSecret" storage="/workspace/wt-webdav-sync/tests/bin/debug/net10.0/slopterm.tests.dll" id="96bd3bc6-f493-dcc9-71ea-289a724d3fe0">
      <Execution id="5f3cfaf2-bde1-41ef-ac74-0cb23e223140" />
      <TestMethod codeBase="/workspace/wt-webdav-sync/tests/bin/Debug/net10.0/Slopterm.Tests.dll" adapterTypeName="executor://xunit/VsTestRunner2/netcoreapp" className="Slopterm.Tests.CredentialResolverTests" name="DescribeNeverCarriesTheSecret" />
    </UnitTest>
    <UnitTest name="Slopterm.Tests.VaultSyncServiceTests.RetriesAWriteThatLostAPreconditionRace" storage="/workspace/wt-webdav-sync/tests/bin/debug/net10.0/slopterm.tests.dll" id="a373e96e-b62c-eb77-19ec-ac8fabf309f6">
      <Execution id="a5c5ad7a-f2e9-4c3d-a379-afcdf20d3909" />
      <TestMethod codeBase="/workspace/wt-webdav-sync/tests/bin/Debug/net10.0/Slopterm.Tests.dll" adapterTypeName="executor://xunit/VsTestRunner2/netcoreapp" className="Slopterm.Tests.VaultSyncServiceTests" name="RetriesAWriteThatLostAPreconditionRace" />
    </UnitTest>
    <UnitTest name="Slopterm.Tests.VaultSyncServiceTests.DoesntSyncAScopeTheCollectionDoesntCarry" storage="/workspace/wt-webdav-sync/tests/bin/debug/net10.0/slopterm.tests.dll" id="e5b060c5-66ff-9bf7-42a1-23cec33ce2da">
      <Execution id="0f165e45-d761-4b17-88e7-0f4bd964e902" />
      <TestMethod codeBase="/workspace/wt-webdav-sync/tests/bin/Debug/net10.0/Slopterm.Tests.dll" adapterTypeName="executor://xunit/VsTestRunner2/netcoreapp" className="Slopterm.Tests.VaultSyncServiceTests" name="DoesntSyncAScopeTheCollectionDoesntCarry" />
    </UnitTest>
    <UnitTest name="Slopterm.Tests.VaultSyncServiceTests.ATieBetweenTwoDevicesResolvesTheSameWayOnBoth" storage="/workspace/wt-webdav-sync/tests/bin/debug/net10.0/slopterm.tests.dll" id="1169cd94-c0e7-0844-b786-b04448fa3759">
      <Execution id="d32e886c-22c3-4f96-a8bf-92526b5b8189" />
      <TestMethod codeBase="/workspace/wt-webdav-sync/tests/bin/Debug/net10.0/Slopterm.Tests.dll" adapterTypeName="executor://xunit/VsTestRunner2/netcoreapp" className="Slopterm.Tests.VaultSyncServiceTests" name="ATieBetweenTwoDevicesResolvesTheSameWayOnBoth" />
    </UnitTest>
    <UnitTest name="Slopterm.Tests.VaultSyncServiceTests.ADeleteOnOneDevicePropagatesAndStaysDeleted" storage="/workspace/wt-webdav-sync/tests/bin/debug/net10.0/slopterm.tests.dll" id="7e62a782-392b-a478-cebd-8214101a20c5">
      <Execution id="f875c12c-8c7a-48d1-8f0c-456b2de97376" />
      <TestMethod codeBase="/workspace/wt-webdav-sync/tests/bin/Debug/net10.0/Slopterm.Tests.dll" adapterTypeName="executor://xunit/VsTestRunner2/netcoreapp" className="Slopterm.Tests.VaultSyncServiceTests" name="ADeleteOnOneDevicePropagatesAndStaysDeleted" />
    </UnitTest>
  </TestDefinitions>
  <TestEntries>
    <TestEntry testId="e207733b-4e5c-1b59-c14b-c82e9bb1f146" executionId="301c7868-20e9-489f-8e71-6f4a9140b503" testListId="8c84fa94-04c1-424b-9868-57a2d4851a1d" />
    <TestEntry testId="27b0f2a2-b48b-3ccb-d1da-68ddd4669ec1" executionId="797de23b-5a21-45b7-975f-bf5c01c3caa6" testListId="8c84fa94-04c1-424b-9868-57a2d4851a1d" />
    <TestEntry testId="96bd3bc6-f493-dcc9-71ea-289a724d3fe0" executionId="5f3cfaf2-bde1-41ef-ac74-0cb23e223140" testListId="8c84fa94-04c1-424b-9868-57a2d4851a1d" />
    <TestEntry testId="c7b98515-873e-4c51-15e6-b7d069e96c30" executionId="59a6d0c3-34b2-4701-a2de-8ec488e0b965" testListId="8c84fa94-04c1-424b-9868-57a2d4851a1d" />
    <TestEntry testId="889dff0c-cda9-e59a-b47f-c5ea36b2b1ce" executionId="67f2c0c0-ac45-4705-9dc5-573b1622f5f4" testListId="8c84fa94-04c1-424b-9868-57a2d4851a1d" />
    <TestEntry testId="c366ff22-21b6-eacd-2440-193eee8a9102" executionId="c5415d38-de4a-484b-97b7-a51a16189d5e" testListId="8c84fa94-04c1-424b-9868-57a2d4851a1d" />
    <TestEntry testId="0a4e1810-0bf7-19b5-6dfd-536b16e6da89" executionId="3bea4d44-1178-47a1-ad54-c43e83d3fb88" testListId="8c84fa94-04c1-424b-9868-57a2d4851a1d" />
    <TestEntry testId="f3280c23-027a-ad8f-0c3d-66466293ec0e" executionId="5c03a9c4-8f14-4448-af72-70de37459aa5" testListId="8c84fa94-04c1-424b-9868-57a2d4851a1d" />
    <TestEntry testId="7395c2d5-dbf5-675f-dcc3-5b1269890c18" executionId="35fc57ac-997b-49a8-8c5c-38e1bcd82c18" testListId="8c84fa94-04c1-424b-9868-57a2d4851a1d" />
    <TestEntry testId="9bc58c4f-cbc4-efed-8f90-e6abb762f55f" executionId="59f3603e-c630-4c7f-8e26-edac65542b2d" testListId="8c84fa94-04c1-424b-9868-57a2d4851a1d" />
    <TestEntry testId="4e16dc8e-dcc7-043a-dff8-4c0f731bc698" executionId="a06c6ae3-9b1b-4029-8de6-caa835b143a8" testListId="8c84fa94-04c1-424b-9868-57a2d4851a1d" />
    <TestEntry testId="1c182ae5-f201-71c5-46a6-ed4c74bfea6d" executionId="5271f9b4-b430-4041-9b5e-e5c23213977c" testListId="8c84fa94-04c1-424b-9868-57a2d4851a1d" />
    <TestEntry testId="96324546-0b4c-657a-38bf-87cae044038f" executionId="4a7eeb73-6822-4e64-8534-9f76dd579b15" testListId="8c84fa94-04c1-424b-9868-57a2d4851a1d" />
    <TestEntry testId="e198fe80-7158-dfe3-2784-6c9576c401c3" executionId="2190d781-6c0e-41bc-9a30-eeafcf684376" testListId="8c84fa94-04c1-424b-9868-57a2d4851a1d" />
    <TestEntry testId="ffa15a08-53f5-f4ed-b590-9cc41b2148ac" executionId="316e1197-1f93-4dd8-b8de-6561ce9e0c58" testListId="8c84fa94-04c1-424b-9868-57a2d4851a1d" />
    <TestEntry testId="49bd07ab-c8c8-3778-5ebb-ff4ba300a01f" executionId="ea438b18-e2e8-44e1-855a-5d77874ba64a" testListId="8c84fa94-04c1-424b-9868-57a2d4851a1d" />
    <TestEntry testId="5df95f92-d822-2ac4-88f5-db2748997ad7" executionId="2c4a2f49-ce92-465b-a272-828c3e6325f8" testListId="8c84fa94-04c1-424b-9868-57a2d4851a1d" />
    <TestEntry testId="dee05ed0-16b7-2bf7-c3d9-eef784c5f1d8" executionId="9a1af2d9-191d-448f-8653-972f28626553" testListId="8c84fa94-04c1-424b-9868-57a2d4851a1d" />
    <TestEntry testId="3502e061-f81d-d8fe-3328-cce0a12c38fe" executionId="ecfa00dc-e389-435d-aaeb-0073df6f5b8b" testListId="8c84fa94-04c1-424b-9868-57a2d4851a1d" />
    <TestEntry testId="a1f4fcbc-e816-b8de-1560-7c097c5babe2" executionId="6c4d0ddd-3e42-4f6a-8388-1bb52a05686d" testListId="8c84fa94-04c1-424b-9868-57a2d4851a1d" />
    <TestEntry testId="ace97d1e-bb36-4bd8-cb57-74305f304697" executionId="7c1710db-e2c3-4fc6-adfe-c4a922ff705d" testListId="8c84fa94-04c1-424b-9868-57a2d4851a1d" />
    <TestEntry testId="e5b060c5-66ff-9bf7-42a1-23cec33ce2da" executionId="0f165e45-d761-4b17-88e7-0f4bd964e902" testListId="8c84fa94-04c1-424b-9868-57a2d4851a1d" />
    <TestEntry testId="1169cd94-c0e7-0844-b786-b04448fa3759" executionId="d32e886c-22c3-4f96-a8bf-92526b5b8189" testListId="8c84fa94-04c1-424b-9868-57a2d4851a1d" />
    <TestEntry testId="45f2e750-b21c-b90a-09cf-d05d0a4953f0" executionId="10a42e71-2e47-4c28-965d-0eb761cbaabb" testListId="8c84fa94-04c1-424b-9868-57a2d4851a1d" />
    <TestEntry testId="8c3e9572-a4e0-399c-9fe0-0f0550b315b9" executionId="299f6c8b-ff76-4285-ae54-38ca68469dc9" testListId="8c84fa94-04c1-424b-9868-57a2d4851a1d" />
    <TestEntry testId="017b9ccd-ff1b-0643-3dd1-e788df54300a" executionId="f4e5be60-e48f-4d07-9467-1fda316a2b0f" testListId="8c84fa94-04c1-424b-9868-57a2d4851a1d" />
    <TestEntry testId="430204c9-0521-a730-6d2e-f3540ef7fdc4" executionId="611146af-7a35-4ff1-8ed1-94207315f642" testListId="8c84fa94-04c1-424b-9868-57a2d4851a1d" />
    <TestEntry testId="5206b762-cc18-3e6b-af1c-3dc696e6473a" executionId="a49b0b5f-008a-44e4-9e62-e3ac0b9e77a6" testListId="8c84fa94-04c1-424b-9868-57a2d4851a1d" />
    <TestEntry testId="50a79d9a-729d-94c5-3c94-9cda87bc27c6" executionId="1dfe191b-4735-4407-82df-beb9fcef8de9" testListId="8c84fa94-04c1-424b-9868-57a2d4851a1d" />
    <TestEntry testId="baa5793b-4d8d-4949-34e9-a10290558d9c" executionId="94674a3a-8f89-4316-8dd9-ece26bf2aeb9" testListId="8c84fa94-04c1-424b-9868-57a2d4851a1d" />
    <TestEntry testId="80e9bea8-0cd1-e930-6c99-7f1fea9cef6a" executionId="3b68b124-1e2c-44aa-ac3b-686662700fc0" testListId="8c84fa94-04c1-424b-9868-57a2d4851a1d" />
    <TestEntry testId="0e82ef00-9678-0855-062e-421292b832a9" executionId="3d4edca9-20b8-491f-aff5-537625e04c7d" testListId="8c84fa94-04c1-424b-9868-57a2d4851a1d" />
    <TestEntry testId="444961b3-2c6d-e8bc-d1ef-fa18eda762da" executionId="ad74d412-a157-4d52-a8fe-2dbe8917fc57" testListId="8c84fa94-04c1-424b-9868-57a2d4851a1d" />
    <TestEntry testId="ed7bdbc4-8e0d-b459-05e1-5ea6a55b5e1d" executionId="4ca24512-0272-4a31-b4a2-ec4bf361f0bf" testListId="8c84fa94-04c1-424b-9868-57a2d4851a1d" />
    <TestEntry testId="a373e96e-b62c-eb77-19ec-ac8fabf309f6" executionId="a5c5ad7a-f2e9-4c3d-a379-afcdf20d3909" testListId="8c84fa94-04c1-424b-9868-57a2d4851a1d" />
    <TestEntry testId="21170c22-35bc-f34b-f68d-39e80a76a48e" executionId="89e94140-7f00-41c5-8613-1085483796d1" testListId="8c84fa94-04c1-424b-9868-57a2d4851a1d" />
    <TestEntry testId="7e62a782-392b-a478-cebd-8214101a20c5" executionId="f875c12c-8c7a-48d1-8f0c-456b2de97376" testListId="8c84fa94-04c1-424b-9868-57a2d4851a1d" />
    <TestEntry testId="9bd2e220-c72e-961a-c9c4-81740a2596fd" executionId="e7d1df6d-f579-4df3-b96c-bf4e2772b290" testListId="8c84fa94-04c1-424b-9868-57a2d4851a1d" />
    <TestEntry testId="02390621-47f6-7eae-b639-73bf5ccfbf0d" executionId="80fd4427-e2d4-4231-8ac4-f5658b997025" testListId="8c84fa94-04c1-424b-9868-57a2d4851a1d" />
    <TestEntry testId="04bfe952-fb94-f9d3-6611-10bdb76d4645" executionId="8fbeba14-8934-49c7-8b3b-08b8f4c99d4b" testListId="8c84fa94-04c1-424b-9868-57a2d4851a1d" />
    <TestEntry testId="ed219a79-dfe4-17e2-f88b-1555e253229f" executionId="8e434a5a-adfb-4d63-bcac-aeb9468a424e" testListId="8c84fa94-04c1-424b-9868-57a2d4851a1d" />
    <TestEntry testId="34e91c7f-8b58-2310-9fbf-5980191d33cb" executionId="1ec5315d-587a-4444-89da-715870f59c8d" testListId="8c84fa94-04c1-424b-9868-57a2d4851a1d" />
    <TestEntry testId="73304184-e608-ecdd-9533-712d61466eb6" executionId="251700d9-616a-4cb0-b0b5-20ec550e92f3" testListId="8c84fa94-04c1-424b-9868-57a2d4851a1d" />
    <TestEntry testId="eacf0f88-eeb6-33b8-0e5b-d752d937e9a4" executionId="9c32e8a3-a1e4-4d51-8789-3333f76fafa0" testListId="8c84fa94-04c1-424b-9868-57a2d4851a1d" />
    <TestEntry testId="42eef3d6-1a1b-bc2c-2bb9-eed7f9a6da87" executionId="0feb7e0e-8af6-40ef-a1fc-1bee6aad6c06" testListId="8c84fa94-04c1-424b-9868-57a2d4851a1d" />
    <TestEntry testId="8f88247e-66be-e104-f96e-bdc2018f97ab" executionId="181aed9d-971d-4456-8fa1-fb83a162c41d" testListId="8c84fa94-04c1-424b-9868-57a2d4851a1d" />
    <TestEntry testId="d2bc2e0b-f0b1-50b0-b03d-d0f5cf78c923" executionId="c60d300d-518e-4013-bde3-3d21b2e129c6" testListId="8c84fa94-04c1-424b-9868-57a2d4851a1d" />
    <TestEntry testId="045e6a50-629f-2e28-9672-b26a2baab094" executionId="03d368d1-5634-4e35-8b67-f387c90851fb" testListId="8c84fa94-04c1-424b-9868-57a2d4851a1d" />
    <TestEntry testId="dc3366cd-f140-f2aa-a8b4-dcdc0fcb6960" executionId="cc8727f8-959e-425f-b790-e3faefa34f45" testListId="8c84fa94-04c1-424b-9868-57a2d4851a1d" />
    <TestEntry testId="3638f16d-ec7b-19f3-39c7-c4b79b7f1212" executionId="c74ca234-dfab-4085-b569-4f583d95e395" testListId="8c84fa94-04c1-424b-9868-57a2d4851a1d" />
    <TestEntry testId="465822e1-3dfb-b4f9-7a1c-eaadf5be5c10" executionId="654c9190-1163-434c-b4f1-f27878d742d9" testListId="8c84fa94-04c1-424b-9868-57a2d4851a1d" />
    <TestEntry testId="060cf423-72e3-14b7-68ce-860f034fbcb7" executionId="0f8da1c5-f4a3-49fb-9606-e938bef664ac" testListId="8c84fa94-04c1-424b-9868-57a2d4851a1d" />
    <TestEntry testId="d92550b1-0ca2-1c5e-d0ad-b298d5786c0c" executionId="e17f42b8-6f6d-451e-bd16-dbe1b330d325" testListId="8c84fa94-04c1-424b-9868-57a2d4851a1d" />
    <TestEntry testId="8d8dc28c-9c06-eab3-d1c9-135b98593f8f" executionId="e4eecaef-3f52-478f-ba62-89fffd747346" testListId="8c84fa94-04c1-424b-9868-57a2d4851a1d" />
    <TestEntry testId="77349aaa-1753-779f-55d6-ede529593f51" executionId="d9c6bbb8-0b5f-4c09-ae5d-836081a87ae6" testListId="8c84fa94-04c1-424b-9868-57a2d4851a1d" />
    <TestEntry testId="6849cfb4-3363-071d-8910-aa2cbb6a33f2" executionId="b8b850c7-25b0-467e-9e16-0db66a906d96" testListId="8c84fa94-04c1-424b-9868-57a2d4851a1d" />
  </TestEntries>
  <TestLists>
    <TestList name="Results Not in a List" id="8c84fa94-04c1-424b-9868-57a2d4851a1d" />
    <TestList name="All Loaded Results" id="19431567-8539-422a-85d7-44ee4e166bda" />
  </TestLists>
  <ResultSummary outcome="Completed">
    <Counters total="56" executed="51" passed="51" failed="0" error="0" timeout="0" aborted="0" inconclusive="0" passedButRunAborted="0" notRunnable="0" notExecuted="0" disconnected="0" warning="0" completed="0" inProgress="0" pending="0" />
    <Output>
      <StdOut>[xUnit.net 00:00:00.00] xUnit.net VSTest Adapter v2.8.2+699d445a1a (64-bit .NET 10.0.0)
[xUnit.net 00:00:00.25]   Discovering: Slopterm.Tests
[xUnit.net 00:00:00.60]   Discovered:  Slopterm.Tests
[xUnit.net 00:00:00.61]   Starting:    Slopterm.Tests
[xUnit.net 00:00:37.71]       SLOPTERM_WEBDAV_URL not set
[xUnit.net 00:00:37.71]       SLOPTERM_WEBDAV_URL not set
[xUnit.net 00:00:37.72]       SLOPTERM_WEBDAV_URL not set
Test 'Slopterm.Tests.WebDavIntegrationTests.TheServerOnlyEverHoldsCiphertext' was skipped in the test run.
Test 'Slopterm.Tests.WebDavIntegrationTests.ConcurrentEditsKeepBothSidesThroughARealServer' was skipped in the test run.
Test 'Slopterm.Tests.WebDavIntegrationTests.TwoDevicesConvergeThroughARealServer' was skipped in the test run.
[xUnit.net 00:00:40.54]       SLOPTERM_WEBDAV_URL not set
[xUnit.net 00:00:40.54]       SLOPTERM_WEBDAV_URL not set
Test 'Slopterm.Tests.WebDavRemoteTests.RoundTripsRecordsThroughEveryVerbTheSyncLoopUses' was skipped in the test run.
Test 'Slopterm.Tests.WebDavRemoteTests.ReportsPreconditionFailuresRatherThanThrowing' was skipped in the test run.
[xUnit.net 00:00:40.58]   Finished:    Slopterm.Tests
</StdOut>
    </Output>
    <RunInfos>
      <RunInfo computerName="e48a8263a08a" outcome="Warning" timestamp="2026-08-03T17:48:14.4635854+00:00">
        <Text>[xUnit.net 00:00:37.71]     Slopterm.Tests.WebDavIntegrationTests.TheServerOnlyEverHoldsCiphertext [SKIP]</Text>
      </RunInfo>
      <RunInfo computerName="e48a8263a08a" outcome="Warning" timestamp="2026-08-03T17:48:14.4653737+00:00">
        <Text>[xUnit.net 00:00:37.71]     Slopterm.Tests.WebDavIntegrationTests.ConcurrentEditsKeepBothSidesThroughARealServer [SKIP]</Text>
      </RunInfo>
      <RunInfo computerName="e48a8263a08a" outcome="Warning" timestamp="2026-08-03T17:48:14.4702314+00:00">
        <Text>[xUnit.net 00:00:37.72]     Slopterm.Tests.WebDavIntegrationTests.TwoDevicesConvergeThroughARealServer [SKIP]</Text>
      </RunInfo>
      <RunInfo computerName="e48a8263a08a" outcome="Warning" timestamp="2026-08-03T17:48:17.3037227+00:00">
        <Text>[xUnit.net 00:00:40.54]     Slopterm.Tests.WebDavRemoteTests.RoundTripsRecordsThroughEveryVerbTheSyncLoopUses [SKIP]</Text>
      </RunInfo>
      <RunInfo computerName="e48a8263a08a" outcome="Warning" timestamp="2026-08-03T17:48:17.3037402+00:00">
        <Text>[xUnit.net 00:00:40.54]     Slopterm.Tests.WebDavRemoteTests.ReportsPreconditionFailuresRatherThanThrowing [SKIP]</Text>
      </RunInfo>
    </RunInfos>
  </ResultSummary>
</TestRun>