<?xml version="1.0" encoding="utf-8"?>
<TestRun id="03c5d8e0-bb42-48d8-9764-56f5c588e123" name="@e48a8263a08a 2026-08-03 17:48:25" xmlns="http://microsoft.com/schemas/VisualStudio/TeamTest/2010">
  <Times creation="2026-08-03T17:48:25.1556658+00:00" queuing="2026-08-03T17:48:25.1556666+00:00" start="2026-08-03T17:48:22.1578212+00:00" finish="2026-08-03T17:49:04.5967944+00:00" />
  <TestSettings name="default" id="75e7cda0-58a2-4a87-a2b8-4ca4c3f8663e">
    <Deployment runDeploymentRoot="_e48a8263a08a_2026-08-03_17_48_25" />
  </TestSettings>
  <Results>
    <UnitTestResult executionId="163a3525-bac2-418b-b72d-5a9e087785f7" testId="80e9bea8-0cd1-e930-6c99-7f1fea9cef6a" testName="Slopterm.Tests.VaultSyncServiceTests.ReportsAReadOnlyShareAsSuchRatherThanAsAGenericFailure" computerName="e48a8263a08a" duration="00:00:01.2910621" startTime="2026-08-03T17:49:01.7600462+00:00" endTime="2026-08-03T17:49:01.7600470+00:00" testType="13cdc9d9-ddb5-4fa4-a97d-d965ccfc6d4b" outcome="Passed" testListId="8c84fa94-04c1-424b-9868-57a2d4851a1d" relativeResultsDirectory="163a3525-bac2-418b-b72d-5a9e087785f7" />
    <UnitTestResult executionId="9a71d35b-37e6-42e1-bb40-f66dbf565083" testId="ffa15a08-53f5-f4ed-b590-9cc41b2148ac" testName="Slopterm.Tests.WebDavIntegrationTests.ConcurrentEditsKeepBothSidesThroughARealServer" computerName="e48a8263a08a" duration="00:00:00.0010000" startTime="2026-08-03T17:49:04.4496571+00:00" endTime="2026-08-03T17:49:04.4496573+00:00" testType="13cdc9d9-ddb5-4fa4-a97d-d965ccfc6d4b" outcome="NotExecuted" testListId="8c84fa94-04c1-424b-9868-57a2d4851a1d" relativeResultsDirectory="9a71d35b-37e6-42e1-bb40-f66dbf565083">
      <Output>
        <ErrorInfo>
          <Message>SLOPTERM_WEBDAV_URL not set</Message>
        </ErrorInfo>
      </Output>
    </UnitTestResult>
    <UnitTestResult executionId="2a92b408-dc22-4884-94bc-1046cbd42d51" testId="42eef3d6-1a1b-bc2c-2bb9-eed7f9a6da87" testName="Slopterm.Tests.CredentialResolverTests.ReportsNoKeyOnThisDeviceRatherThanConnectingWithSomethingElse" computerName="e48a8263a08a" duration="00:00:01.6345900" startTime="2026-08-03T17:48:36.4422129+00:00" endTime="2026-08-03T17:48:36.4422132+00:00" testType="13cdc9d9-ddb5-4fa4-a97d-d965ccfc6d4b" outcome="Passed" testListId="8c84fa94-04c1-424b-9868-57a2d4851a1d" relativeResultsDirectory="2a92b408-dc22-4884-94bc-1046cbd42d51" />
    <UnitTestResult executionId="96afec6d-ad26-4666-9380-2a3dd1524c14" testId="dee05ed0-16b7-2bf7-c3d9-eef784c5f1d8" testName="Slopterm.Tests.CollectionCryptoTests.KeyFingerprintIsStableDistinctAndReadable" computerName="e48a8263a08a" duration="00:00:00.0243657" startTime="2026-08-03T17:48:24.7559856+00:00" endTime="2026-08-03T17:48:24.7559859+00:00" testType="13cdc9d9-ddb5-4fa4-a97d-d965ccfc6d4b" outcome="Passed" testListId="8c84fa94-04c1-424b-9868-57a2d4851a1d" relativeResultsDirectory="96afec6d-ad26-4666-9380-2a3dd1524c14" />
    <UnitTestResult executionId="c3861acd-0dde-425e-add5-d08f89cb5a0c" testId="3638f16d-ec7b-19f3-39c7-c4b79b7f1212" testName="Slopterm.Tests.VaultSyncServiceTests.ASecondPassDoesntRefetchUnchangedRecords" computerName="e48a8263a08a" duration="00:00:01.6778432" startTime="2026-08-03T17:48:49.5614802+00:00" endTime="2026-08-03T17:48:49.5614805+00:00" testType="13cdc9d9-ddb5-4fa4-a97d-d965ccfc6d4b" outcome="Passed" testListId="8c84fa94-04c1-424b-9868-57a2d4851a1d" relativeResultsDirectory="c3861acd-0dde-425e-add5-d08f89cb5a0c" />
    <UnitTestResult executionId="8c3a509b-3c9d-4aac-94b0-ac4f57e21db1" testId="465822e1-3dfb-b4f9-7a1c-eaadf5be5c10" testName="Slopterm.Tests.CollectionShareCodecTests.RoundTripsAnInvite" computerName="e48a8263a08a" duration="00:00:00.4134544" startTime="2026-08-03T17:48:25.1916392+00:00" endTime="2026-08-03T17:48:25.1916395+00:00" testType="13cdc9d9-ddb5-4fa4-a97d-d965ccfc6d4b" outcome="Passed" testListId="8c84fa94-04c1-424b-9868-57a2d4851a1d" relativeResultsDirectory="8c3a509b-3c9d-4aac-94b0-ac4f57e21db1" />
    <UnitTestResult executionId="2bb6cf92-1d82-4a2d-90e7-3e56a7c1116c" testId="0e82ef00-9678-0855-062e-421292b832a9" testName="Slopterm.Tests.CollectionCryptoTests.EncryptingTwiceNeverProducesTheSameBytes" computerName="e48a8263a08a" duration="00:00:00.0002619" startTime="2026-08-03T17:48:24.7572005+00:00" endTime="2026-08-03T17:48:24.7572006+00:00" testType="13cdc9d9-ddb5-4fa4-a97d-d965ccfc6d4b" outcome="Passed" testListId="8c84fa94-04c1-424b-9868-57a2d4851a1d" relativeResultsDirectory="2bb6cf92-1d82-4a2d-90e7-3e56a7c1116c" />
    <UnitTestResult executionId="7fbe31af-5ab4-4e12-90b8-6fb4a660f75a" testId="e5b060c5-66ff-9bf7-42a1-23cec33ce2da" testName="Slopterm.Tests.VaultSyncServiceTests.DoesntSyncAScopeTheCollectionDoesntCarry" computerName="e48a8263a08a" duration="00:00:01.2916312" startTime="2026-08-03T17:48:56.4180853+00:00" endTime="2026-08-03T17:48:56.4180856+00:00" testType="13cdc9d9-ddb5-4fa4-a97d-d965ccfc6d4b" outcome="Passed" testListId="8c84fa94-04c1-424b-9868-57a2d4851a1d" relativeResultsDirectory="7fbe31af-5ab4-4e12-90b8-6fb4a660f75a" />
    <UnitTestResult executionId="655301e3-7166-4c42-941c-ebdb91e0b1b6" testId="96324546-0b4c-657a-38bf-87cae044038f" testName="Slopterm.Tests.HybridLogicalClockTests.ParsesAnythingUnusableAsTheEpoch(value: &quot;&quot;)" computerName="e48a8263a08a" duration="00:00:00.0000328" startTime="2026-08-03T17:49:04.4705015+00:00" endTime="2026-08-03T17:49:04.4705016+00:00" testType="13cdc9d9-ddb5-4fa4-a97d-d965ccfc6d4b" outcome="Passed" testListId="8c84fa94-04c1-424b-9868-57a2d4851a1d" relativeResultsDirectory="655301e3-7166-4c42-941c-ebdb91e0b1b6" />
    <UnitTestResult executionId="df67f451-18bf-4d95-8d2e-134afca6e056" testId="444961b3-2c6d-e8bc-d1ef-fa18eda762da" testName="Slopterm.Tests.HybridLogicalClockTests.NeverIssuesTheSameValueTwice" computerName="e48a8263a08a" duration="00:00:00.0090060" startTime="2026-08-03T17:49:04.4776907+00:00" endTime="2026-08-03T17:49:04.4776909+00:00" testType="13cdc9d9-ddb5-4fa4-a97d-d965ccfc6d4b" outcome="Passed" testListId="8c84fa94-04c1-424b-9868-57a2d4851a1d" relativeResultsDirectory="df67f451-18bf-4d95-8d2e-134afca6e056" />
    <UnitTestResult executionId="96cd9753-f62f-4707-aa16-0755c5cdf7df" testId="02390621-47f6-7eae-b639-73bf5ccfbf0d" testName="Slopterm.Tests.WebDavRemoteTests.RoundTripsRecordsThroughEveryVerbTheSyncLoopUses" computerName="e48a8263a08a" duration="00:00:00.0010000" startTime="2026-08-03T17:48:29.8676845+00:00" endTime="2026-08-03T17:48:29.8676848+00:00" testType="13cdc9d9-ddb5-4fa4-a97d-d965ccfc6d4b" outcome="NotExecuted" testListId="8c84fa94-04c1-424b-9868-57a2d4851a1d" relativeResultsDirectory="96cd9753-f62f-4707-aa16-0755c5cdf7df">
      <Output>
        <ErrorInfo>
          <Message>SLOPTERM_WEBDAV_URL not set</Message>
        </ErrorInfo>
      </Output>
    </UnitTestResult>
    <UnitTestResult executionId="b13fa54a-5f94-43e1-96da-08c9138c68da" testId="4e16dc8e-dcc7-043a-dff8-4c0f731bc698" testName="Slopterm.Tests.CollectionShareCodecTests.RejectsAnythingThatIsntOneOfItsTokens(token: &quot;slopterm:host:v1:abc&quot;)" computerName="e48a8263a08a" duration="00:00:00.0000528" startTime="2026-08-03T17:48:25.0664290+00:00" endTime="2026-08-03T17:48:25.0664292+00:00" testType="13cdc9d9-ddb5-4fa4-a97d-d965ccfc6d4b" outcome="Passed" testListId="8c84fa94-04c1-424b-9868-57a2d4851a1d" relativeResultsDirectory="b13fa54a-5f94-43e1-96da-08c9138c68da" />
    <UnitTestResult executionId="45b01e2d-5561-4baa-b5a7-318ce95066fe" testId="dc3366cd-f140-f2aa-a8b4-dcdc0fcb6960" testName="Slopterm.Tests.VaultSyncServiceTests.NothingReadableLeavesTheDevice" computerName="e48a8263a08a" duration="00:00:01.3387800" startTime="2026-08-03T17:49:04.4450216+00:00" endTime="2026-08-03T17:49:04.4450220+00:00" testType="13cdc9d9-ddb5-4fa4-a97d-d965ccfc6d4b" outcome="Passed" testListId="8c84fa94-04c1-424b-9868-57a2d4851a1d" relativeResultsDirectory="45b01e2d-5561-4baa-b5a7-318ce95066fe" />
    <UnitTestResult executionId="c5a6199f-48e2-4098-b90c-6a659cb63507" testId="34e91c7f-8b58-2310-9fbf-5980191d33cb" testName="Slopterm.Tests.VaultSyncServiceTests.TheLocalCollectionIsNeverListedAsSyncable" computerName="e48a8263a08a" duration="00:00:01.3103807" startTime="2026-08-03T17:48:52.3001328+00:00" endTime="2026-08-03T17:48:52.3001330+00:00" testType="13cdc9d9-ddb5-4fa4-a97d-d965ccfc6d4b" outcome="Passed" testListId="8c84fa94-04c1-424b-9868-57a2d4851a1d" relativeResultsDirectory="c5a6199f-48e2-4098-b90c-6a659cb63507" />
    <UnitTestResult executionId="0ab1229c-bc9a-44fc-83d7-867d596e050b" testId="7395c2d5-dbf5-675f-dcc3-5b1269890c18" testName="Slopterm.Tests.HybridLogicalClockTests.ParsesAnythingUnusableAsTheEpoch(value: &quot;2026-07-30T12:00:00.123Z&quot;)" computerName="e48a8263a08a" duration="00:00:00.0000209" startTime="2026-08-03T17:49:04.4704613+00:00" endTime="2026-08-03T17:49:04.4704616+00:00" testType="13cdc9d9-ddb5-4fa4-a97d-d965ccfc6d4b" outcome="Passed" testListId="8c84fa94-04c1-424b-9868-57a2d4851a1d" relativeResultsDirectory="0ab1229c-bc9a-44fc-83d7-867d596e050b" />
    <UnitTestResult executionId="f6573de9-f08f-4709-9bfe-74d5cada8d7b" testId="77349aaa-1753-779f-55d6-ede529593f51" testName="Slopterm.Tests.CollectionShareCodecTests.RejectsAnythingThatIsntOneOfItsTokens(token: &quot;&quot;)" computerName="e48a8263a08a" duration="00:00:00.0005457" startTime="2026-08-03T17:48:24.7777908+00:00" endTime="2026-08-03T17:48:24.7777909+00:00" testType="13cdc9d9-ddb5-4fa4-a97d-d965ccfc6d4b" outcome="Passed" testListId="8c84fa94-04c1-424b-9868-57a2d4851a1d" relativeResultsDirectory="f6573de9-f08f-4709-9bfe-74d5cada8d7b" />
    <UnitTestResult executionId="0ccdab69-67fc-4ec0-abb1-40b50ef6ddaa" testId="0a4e1810-0bf7-19b5-6dfd-536b16e6da89" testName="Slopterm.Tests.CollectionCryptoTests.RoundTripsARecordUnderTheCollectionKey" computerName="e48a8263a08a" duration="00:00:00.0029619" startTime="2026-08-03T17:48:24.7570735+00:00" endTime="2026-08-03T17:48:24.7570736+00:00" testType="13cdc9d9-ddb5-4fa4-a97d-d965ccfc6d4b" outcome="Passed" testListId="8c84fa94-04c1-424b-9868-57a2d4851a1d" relativeResultsDirectory="0ccdab69-67fc-4ec0-abb1-40b50ef6ddaa" />
    <UnitTestResult executionId="5b134518-34cd-4c96-b2ec-6229ee5537be" testId="45f2e750-b21c-b90a-09cf-d05d0a4953f0" testName="Slopterm.Tests.VaultSyncServiceTests.LeavingKeepsTheRecordsLocallyByDefault" computerName="e48a8263a08a" duration="00:00:01.5305988" startTime="2026-08-03T17:48:53.8316712+00:00" endTime="2026-08-03T17:48:53.8316714+00:00" testType="13cdc9d9-ddb5-4fa4-a97d-d965ccfc6d4b" outcome="Passed" testListId="8c84fa94-04c1-424b-9868-57a2d4851a1d" relativeResultsDirectory="5b134518-34cd-4c96-b2ec-6229ee5537be" />
    <UnitTestResult executionId="f1e710fa-d1f5-4940-ad48-eee690e89f08" testId="6849cfb4-3363-071d-8910-aa2cbb6a33f2" testName="Slopterm.Tests.HybridLogicalClockTests.OrdersByPhysicalThenCounterThenNode" computerName="e48a8263a08a" duration="00:00:00.0006244" startTime="2026-08-03T17:49:04.4673661+00:00" endTime="2026-08-03T17:49:04.4673663+00:00" testType="13cdc9d9-ddb5-4fa4-a97d-d965ccfc6d4b" outcome="Passed" testListId="8c84fa94-04c1-424b-9868-57a2d4851a1d" relativeResultsDirectory="f1e710fa-d1f5-4940-ad48-eee690e89f08" />
    <UnitTestResult executionId="017007e3-e143-46bc-b465-c6b84e11be6a" testId="8d8dc28c-9c06-eab3-d1c9-135b98593f8f" testName="Slopterm.Tests.VaultSyncServiceTests.DevicesCanUseTheirOwnWebDavAccounts" computerName="e48a8263a08a" duration="00:00:01.5554381" startTime="2026-08-03T17:49:00.4686588+00:00" endTime="2026-08-03T17:49:00.4686592+00:00" testType="13cdc9d9-ddb5-4fa4-a97d-d965ccfc6d4b" outcome="Passed" testListId="8c84fa94-04c1-424b-9868-57a2d4851a1d" relativeResultsDirectory="017007e3-e143-46bc-b465-c6b84e11be6a" />
    <UnitTestResult executionId="15c74b94-4c9f-4f11-b2e0-5aa52555ed26" testId="ed7bdbc4-8e0d-b459-05e1-5ea6a55b5e1d" testName="Slopterm.Tests.CollectionCryptoTests.GeneratesADistinctKeyEveryTime" computerName="e48a8263a08a" duration="00:00:00.0176131" startTime="2026-08-03T17:48:24.7336639+00:00" endTime="2026-08-03T17:48:24.7337260+00:00" testType="13cdc9d9-ddb5-4fa4-a97d-d965ccfc6d4b" outcome="Passed" testListId="8c84fa94-04c1-424b-9868-57a2d4851a1d" relativeResultsDirectory="15c74b94-4c9f-4f11-b2e0-5aa52555ed26" />
    <UnitTestResult executionId="68101705-814c-45ba-9724-f16914f8ed6d" testId="1169cd94-c0e7-0844-b786-b04448fa3759" testName="Slopterm.Tests.VaultSyncServiceTests.ATieBetweenTwoDevicesResolvesTheSameWayOnBoth" computerName="e48a8263a08a" duration="00:00:01.9026968" startTime="2026-08-03T17:48:47.8833202+00:00" endTime="2026-08-03T17:48:47.8833204+00:00" testType="13cdc9d9-ddb5-4fa4-a97d-d965ccfc6d4b" outcome="Passed" testListId="8c84fa94-04c1-424b-9868-57a2d4851a1d" relativeResultsDirectory="68101705-814c-45ba-9724-f16914f8ed6d" />
    <UnitTestResult executionId="deab9619-ec0e-4aff-8d07-450ccba6b3d2" testId="7e62a782-392b-a478-cebd-8214101a20c5" testName="Slopterm.Tests.VaultSyncServiceTests.ADeleteOnOneDevicePropagatesAndStaysDeleted" computerName="e48a8263a08a" duration="00:00:01.2652647" startTime="2026-08-03T17:48:57.6851003+00:00" endTime="2026-08-03T17:48:57.6851007+00:00" testType="13cdc9d9-ddb5-4fa4-a97d-d965ccfc6d4b" outcome="Passed" testListId="8c84fa94-04c1-424b-9868-57a2d4851a1d" relativeResultsDirectory="deab9619-ec0e-4aff-8d07-450ccba6b3d2" />
    <UnitTestResult executionId="27c8f083-1976-47a1-94c1-8318457250c0" testId="d92550b1-0ca2-1c5e-d0ad-b298d5786c0c" testName="Slopterm.Tests.CollectionShareCodecTests.UnwrappedTokensDontClaimToNeedAPassphrase" computerName="e48a8263a08a" duration="00:00:00.0011490" startTime="2026-08-03T17:48:28.2609608+00:00" endTime="2026-08-03T17:48:28.2609610+00:00" testType="13cdc9d9-ddb5-4fa4-a97d-d965ccfc6d4b" outcome="Passed" testListId="8c84fa94-04c1-424b-9868-57a2d4851a1d" relativeResultsDirectory="27c8f083-1976-47a1-94c1-8318457250c0" />
    <UnitTestResult executionId="4aa71347-9a54-41d1-9a09-d3c0582c16dd" testId="ace97d1e-bb36-4bd8-cb57-74305f304697" testName="Slopterm.Tests.HybridLogicalClockTests.RoundTripsThroughItsSerializedForm" computerName="e48a8263a08a" duration="00:00:00.0080470" startTime="2026-08-03T17:49:04.4651826+00:00" endTime="2026-08-03T17:49:04.4651829+00:00" testType="13cdc9d9-ddb5-4fa4-a97d-d965ccfc6d4b" outcome="Passed" testListId="8c84fa94-04c1-424b-9868-57a2d4851a1d" relativeResultsDirectory="4aa71347-9a54-41d1-9a09-d3c0582c16dd" />
    <UnitTestResult executionId="4eb8fe06-b158-45df-aabc-b1b1cbff997e" testId="9bd2e220-c72e-961a-c9c4-81740a2596fd" testName="Slopterm.Tests.VaultSyncServiceTests.AnEditOnOneDeviceOverwritesTheOlderCopyOnTheOther" computerName="e48a8263a08a" duration="00:00:01.4269868" startTime="2026-08-03T17:48:50.9899978+00:00" endTime="2026-08-03T17:48:50.9899980+00:00" testType="13cdc9d9-ddb5-4fa4-a97d-d965ccfc6d4b" outcome="Passed" testListId="8c84fa94-04c1-424b-9868-57a2d4851a1d" relativeResultsDirectory="4eb8fe06-b158-45df-aabc-b1b1cbff997e" />
    <UnitTestResult executionId="0e1c6151-04e2-44b4-b727-d1ab2666840a" testId="49bd07ab-c8c8-3778-5ebb-ff4ba300a01f" testName="Slopterm.Tests.CollectionCryptoTests.ADifferentKeyCannotReadTheRecord" computerName="e48a8263a08a" duration="00:00:00.0019520" startTime="2026-08-03T17:48:24.7571464+00:00" endTime="2026-08-03T17:48:24.7571464+00:00" testType="13cdc9d9-ddb5-4fa4-a97d-d965ccfc6d4b" outcome="Passed" testListId="8c84fa94-04c1-424b-9868-57a2d4851a1d" relativeResultsDirectory="0e1c6151-04e2-44b4-b727-d1ab2666840a" />
    <UnitTestResult executionId="2670b975-5eb6-403b-86be-9d881e738a7c" testId="e198fe80-7158-dfe3-2784-6c9576c401c3" testName="Slopterm.Tests.CollectionShareCodecTests.CarriesItsFormatInThePrefix" computerName="e48a8263a08a" duration="00:00:00.0085448" startTime="2026-08-03T17:48:28.2608041+00:00" endTime="2026-08-03T17:48:28.2608043+00:00" testType="13cdc9d9-ddb5-4fa4-a97d-d965ccfc6d4b" outcome="Passed" testListId="8c84fa94-04c1-424b-9868-57a2d4851a1d" relativeResultsDirectory="2670b975-5eb6-403b-86be-9d881e738a7c" />
    <UnitTestResult executionId="76d9e1e5-6c88-4b9d-b3b5-d1a158661621" testId="04bfe952-fb94-f9d3-6611-10bdb76d4645" testName="Slopterm.Tests.VaultSyncServiceTests.AnEditAfterADeleteWinsOverTheTombstone" computerName="e48a8263a08a" duration="00:00:01.5471037" startTime="2026-08-03T17:48:45.9759926+00:00" endTime="2026-08-03T17:48:45.9759928+00:00" testType="13cdc9d9-ddb5-4fa4-a97d-d965ccfc6d4b" outcome="Passed" testListId="8c84fa94-04c1-424b-9868-57a2d4851a1d" relativeResultsDirectory="76d9e1e5-6c88-4b9d-b3b5-d1a158661621" />
    <UnitTestResult executionId="a0f97553-e6a1-4aa4-a49d-1d545f6ff230" testId="c7b98515-873e-4c51-15e6-b7d069e96c30" testName="Slopterm.Tests.WebDavIntegrationTests.TheServerOnlyEverHoldsCiphertext" computerName="e48a8263a08a" duration="00:00:00.0010000" startTime="2026-08-03T17:49:04.4469633+00:00" endTime="2026-08-03T17:49:04.4469635+00:00" testType="13cdc9d9-ddb5-4fa4-a97d-d965ccfc6d4b" outcome="NotExecuted" testListId="8c84fa94-04c1-424b-9868-57a2d4851a1d" relativeResultsDirectory="a0f97553-e6a1-4aa4-a49d-1d545f6ff230">
      <Output>
        <ErrorInfo>
          <Message>SLOPTERM_WEBDAV_URL not set</Message>
        </ErrorInfo>
      </Output>
    </UnitTestResult>
    <UnitTestResult executionId="11556134-0b2a-4671-970f-4fac59a64327" testId="f3280c23-027a-ad8f-0c3d-66466293ec0e" testName="Slopterm.Tests.CollectionShareCodecTests.RejectsAnythingThatIsntOneOfItsTokens(token: &quot;slopterm:collection:v1:&quot;)" computerName="e48a8263a08a" duration="00:00:00.0005725" startTime="2026-08-03T17:48:25.0660484+00:00" endTime="2026-08-03T17:48:25.0660486+00:00" testType="13cdc9d9-ddb5-4fa4-a97d-d965ccfc6d4b" outcome="Passed" testListId="8c84fa94-04c1-424b-9868-57a2d4851a1d" relativeResultsDirectory="11556134-0b2a-4671-970f-4fac59a64327" />
    <UnitTestResult executionId="8a5c1f66-8585-4082-82ea-974f103fd7cd" testId="c366ff22-21b6-eacd-2440-193eee8a9102" testName="Slopterm.Tests.CredentialResolverTests.TheLocalCollectionBeatsTheHostsOwnCollection" computerName="e48a8263a08a" duration="00:00:01.3247317" startTime="2026-08-03T17:48:37.7679345+00:00" endTime="2026-08-03T17:48:37.7679349+00:00" testType="13cdc9d9-ddb5-4fa4-a97d-d965ccfc6d4b" outcome="Passed" testListId="8c84fa94-04c1-424b-9868-57a2d4851a1d" relativeResultsDirectory="8a5c1f66-8585-4082-82ea-974f103fd7cd" />
    <UnitTestResult executionId="16fb9da2-6e67-416f-b05a-3c8afc6dd3ca" testId="96bd3bc6-f493-dcc9-71ea-289a724d3fe0" testName="Slopterm.Tests.CredentialResolverTests.DescribeNeverCarriesTheSecret" computerName="e48a8263a08a" duration="00:00:01.9019655" startTime="2026-08-03T17:48:31.7759397+00:00" endTime="2026-08-03T17:48:31.7759401+00:00" testType="13cdc9d9-ddb5-4fa4-a97d-d965ccfc6d4b" outcome="Passed" testListId="8c84fa94-04c1-424b-9868-57a2d4851a1d" relativeResultsDirectory="16fb9da2-6e67-416f-b05a-3c8afc6dd3ca" />
    <UnitTestResult executionId="108a39f7-a413-4147-a442-b12c414e24a6" testId="d2bc2e0b-f0b1-50b0-b03d-d0f5cf78c923" testName="Slopterm.Tests.CollectionShareCodecTests.RoundTripsAPassphraseWrappedToken" computerName="e48a8263a08a" duration="00:00:01.5728063" startTime="2026-08-03T17:48:29.8333967+00:00" endTime="2026-08-03T17:48:29.8333969+00:00" testType="13cdc9d9-ddb5-4fa4-a97d-d965ccfc6d4b" outcome="Passed" testListId="8c84fa94-04c1-424b-9868-57a2d4851a1d" relativeResultsDirectory="108a39f7-a413-4147-a442-b12c414e24a6" />
    <UnitTestResult executionId="16953f76-18ef-4ed4-ad7e-0ffa54ffaa25" testId="a1f4fcbc-e816-b8de-1560-7c097c5babe2" testName="Slopterm.Tests.HybridLogicalClockTests.ParsesAnythingUnusableAsTheEpoch(value: &quot;garbage&quot;)" computerName="e48a8263a08a" duration="00:00:00.0004850" startTime="2026-08-03T17:49:04.4683768+00:00" endTime="2026-08-03T17:49:04.4683770+00:00" testType="13cdc9d9-ddb5-4fa4-a97d-d965ccfc6d4b" outcome="Passed" testListId="8c84fa94-04c1-424b-9868-57a2d4851a1d" relativeResultsDirectory="16953f76-18ef-4ed4-ad7e-0ffa54ffaa25" />
    <UnitTestResult executionId="bf4291aa-8dc2-42d2-a83e-60f05168b498" testId="889dff0c-cda9-e59a-b47f-c5ea36b2b1ce" testName="Slopterm.Tests.CredentialResolverTests.MatchesNamesCaseInsensitively" computerName="e48a8263a08a" duration="00:00:01.2764412" startTime="2026-08-03T17:48:40.3209039+00:00" endTime="2026-08-03T17:48:40.3209042+00:00" testType="13cdc9d9-ddb5-4fa4-a97d-d965ccfc6d4b" outcome="Passed" testListId="8c84fa94-04c1-424b-9868-57a2d4851a1d" relativeResultsDirectory="bf4291aa-8dc2-42d2-a83e-60f05168b498" />
    <UnitTestResult executionId="ded84f9f-4a03-497a-82e9-9fd1dcff3ed0" testId="baa5793b-4d8d-4949-34e9-a10290558d9c" testName="Slopterm.Tests.VaultSyncServiceTests.ARecordSavedOnOneDeviceReachesTheOther" computerName="e48a8263a08a" duration="00:00:01.2931466" startTime="2026-08-03T17:48:55.1321090+00:00" endTime="2026-08-03T17:48:55.1321093+00:00" testType="13cdc9d9-ddb5-4fa4-a97d-d965ccfc6d4b" outcome="Passed" testListId="8c84fa94-04c1-424b-9868-57a2d4851a1d" relativeResultsDirectory="ded84f9f-4a03-497a-82e9-9fd1dcff3ed0" />
    <UnitTestResult executionId="45ecdc79-941e-46a7-a2c6-94e249d2364a" testId="017b9ccd-ff1b-0643-3dd1-e788df54300a" testName="Slopterm.Tests.CollectionShareCodecTests.RejectsAnythingThatIsntOneOfItsTokens(token: &quot;slopterm:collection:v1:!!!!&quot;)" computerName="e48a8263a08a" duration="00:00:00.0027563" startTime="2026-08-03T17:48:24.7776479+00:00" endTime="2026-08-03T17:48:24.7776481+00:00" testType="13cdc9d9-ddb5-4fa4-a97d-d965ccfc6d4b" outcome="Passed" testListId="8c84fa94-04c1-424b-9868-57a2d4851a1d" relativeResultsDirectory="45ecdc79-941e-46a7-a2c6-94e249d2364a" />
    <UnitTestResult executionId="1a66e53e-9a2d-4dc4-b500-94b9e3fde7bb" testId="eacf0f88-eeb6-33b8-0e5b-d752d937e9a4" testName="Slopterm.Tests.WebDavRemoteTests.ReportsPreconditionFailuresRatherThanThrowing" computerName="e48a8263a08a" duration="00:00:00.0010000" startTime="2026-08-03T17:48:29.8691965+00:00" endTime="2026-08-03T17:48:29.8691968+00:00" testType="13cdc9d9-ddb5-4fa4-a97d-d965ccfc6d4b" outcome="NotExecuted" testListId="8c84fa94-04c1-424b-9868-57a2d4851a1d" relativeResultsDirectory="1a66e53e-9a2d-4dc4-b500-94b9e3fde7bb">
      <Output>
        <ErrorInfo>
          <Message>SLOPTERM_WEBDAV_URL not set</Message>
        </ErrorInfo>
      </Output>
    </UnitTestResult>
    <UnitTestResult executionId="bfbe74f1-1cae-4d4d-b5de-08b2b77ddfd7" testId="8f88247e-66be-e104-f96e-bdc2018f97ab" testName="Slopterm.Tests.WebDavRemoteTests.RejectsAUrlThatIsntHttp" computerName="e48a8263a08a" duration="00:00:00.0028385" startTime="2026-08-03T17:48:29.8778804+00:00" endTime="2026-08-03T17:48:29.8778807+00:00" testType="13cdc9d9-ddb5-4fa4-a97d-d965ccfc6d4b" outcome="Passed" testListId="8c84fa94-04c1-424b-9868-57a2d4851a1d" relativeResultsDirectory="bfbe74f1-1cae-4d4d-b5de-08b2b77ddfd7" />
    <UnitTestResult executionId="fa645cb1-cbb9-4103-bf54-8a097b393e5a" testId="045e6a50-629f-2e28-9672-b26a2baab094" testName="Slopterm.Tests.CredentialResolverTests.PassesInlineCredentialsStraightThrough" computerName="e48a8263a08a" duration="00:00:01.2767226" startTime="2026-08-03T17:48:39.0446730+00:00" endTime="2026-08-03T17:48:39.0446735+00:00" testType="13cdc9d9-ddb5-4fa4-a97d-d965ccfc6d4b" outcome="Passed" testListId="8c84fa94-04c1-424b-9868-57a2d4851a1d" relativeResultsDirectory="fa645cb1-cbb9-4103-bf54-8a097b393e5a" />
    <UnitTestResult executionId="a5cff7ad-5bc1-4efe-8199-07e5b2d807e8" testId="21170c22-35bc-f34b-f68d-39e80a76a48e" testName="Slopterm.Tests.HybridLogicalClockTests.ParsesAnythingUnusableAsTheEpoch(value: null)" computerName="e48a8263a08a" duration="00:00:00.0003148" startTime="2026-08-03T17:49:04.4678439+00:00" endTime="2026-08-03T17:49:04.4678441+00:00" testType="13cdc9d9-ddb5-4fa4-a97d-d965ccfc6d4b" outcome="Passed" testListId="8c84fa94-04c1-424b-9868-57a2d4851a1d" relativeResultsDirectory="a5cff7ad-5bc1-4efe-8199-07e5b2d807e8" />
    <UnitTestResult executionId="515f1943-9bdc-4ddd-9f42-f661590a7f92" testId="50a79d9a-729d-94c5-3c94-9cda87bc27c6" testName="Slopterm.Tests.CollectionShareCodecTests.RejectsAnythingThatIsntOneOfItsTokens(token: &quot;hello&quot;)" computerName="e48a8263a08a" duration="00:00:00.0001574" startTime="2026-08-03T17:48:24.7778668+00:00" endTime="2026-08-03T17:48:24.7778669+00:00" testType="13cdc9d9-ddb5-4fa4-a97d-d965ccfc6d4b" outcome="Passed" testListId="8c84fa94-04c1-424b-9868-57a2d4851a1d" relativeResultsDirectory="515f1943-9bdc-4ddd-9f42-f661590a7f92" />
    <UnitTestResult executionId="e88fb1c6-72e7-418d-bdb5-9937d714f894" testId="3502e061-f81d-d8fe-3328-cce0a12c38fe" testName="Slopterm.Tests.HybridLogicalClockTests.DoesntInheritABehindPeersCounter" computerName="e48a8263a08a" duration="00:00:00.0007450" startTime="2026-08-03T17:49:04.4666309+00:00" endTime="2026-08-03T17:49:04.4666311+00:00" testType="13cdc9d9-ddb5-4fa4-a97d-d965ccfc6d4b" outcome="Passed" testListId="8c84fa94-04c1-424b-9868-57a2d4851a1d" relativeResultsDirectory="e88fb1c6-72e7-418d-bdb5-9937d714f894" />
    <UnitTestResult executionId="65d5cdc3-1a53-4929-a168-277b31b521af" testId="060cf423-72e3-14b7-68ce-860f034fbcb7" testName="Slopterm.Tests.HybridLogicalClockTests.StampsAfterAPeerEvenWhenThisClockIsBehind" computerName="e48a8263a08a" duration="00:00:00.0005285" startTime="2026-08-03T17:49:04.4657988+00:00" endTime="2026-08-03T17:49:04.4657990+00:00" testType="13cdc9d9-ddb5-4fa4-a97d-d965ccfc6d4b" outcome="Passed" testListId="8c84fa94-04c1-424b-9868-57a2d4851a1d" relativeResultsDirectory="65d5cdc3-1a53-4929-a168-277b31b521af" />
    <UnitTestResult executionId="c0962fe0-f40f-4254-b8ed-82dbe0e485e9" testId="a373e96e-b62c-eb77-19ec-ac8fabf309f6" testName="Slopterm.Tests.VaultSyncServiceTests.RetriesAWriteThatLostAPreconditionRace" computerName="e48a8263a08a" duration="00:00:01.2266524" startTime="2026-08-03T17:48:58.9230451+00:00" endTime="2026-08-03T17:48:58.9230454+00:00" testType="13cdc9d9-ddb5-4fa4-a97d-d965ccfc6d4b" outcome="Passed" testListId="8c84fa94-04c1-424b-9868-57a2d4851a1d" relativeResultsDirectory="c0962fe0-f40f-4254-b8ed-82dbe0e485e9" />
    <UnitTestResult executionId="5c84b01a-1a21-4f69-8765-f7da666042fc" testId="8c3e9572-a4e0-399c-9fe0-0f0550b315b9" testName="Slopterm.Tests.CredentialResolverTests.SkipsAnUnresolvableCredentialForOneThatWorks" computerName="e48a8263a08a" duration="00:00:01.3037145" startTime="2026-08-03T17:48:41.6249567+00:00" endTime="2026-08-03T17:48:41.6249570+00:00" testType="13cdc9d9-ddb5-4fa4-a97d-d965ccfc6d4b" outcome="Passed" testListId="8c84fa94-04c1-424b-9868-57a2d4851a1d" relativeResultsDirectory="5c84b01a-1a21-4f69-8765-f7da666042fc" />
    <UnitTestResult executionId="eabc9fb7-d6e8-4519-b49e-bb399cb17f6c" testId="430204c9-0521-a730-6d2e-f3540ef7fdc4" testName="Slopterm.Tests.CredentialResolverTests.FallsBackToTheHostsOwnCollection" computerName="e48a8263a08a" duration="00:00:01.4082134" startTime="2026-08-03T17:48:34.8079086+00:00" endTime="2026-08-03T17:48:34.8079090+00:00" testType="13cdc9d9-ddb5-4fa4-a97d-d965ccfc6d4b" outcome="Passed" testListId="8c84fa94-04c1-424b-9868-57a2d4851a1d" relativeResultsDirectory="eabc9fb7-d6e8-4519-b49e-bb399cb17f6c" />
    <UnitTestResult executionId="e20d0913-f989-4d1b-a10a-2af18661910c" testId="5206b762-cc18-3e6b-af1c-3dc696e6473a" testName="Slopterm.Tests.CollectionShareCodecTests.RefusesAPassphraseWrappedTokenWithoutOrWithTheWrongPassphrase" computerName="e48a8263a08a" duration="00:00:03.0672626" startTime="2026-08-03T17:48:28.2508354+00:00" endTime="2026-08-03T17:48:28.2508356+00:00" testType="13cdc9d9-ddb5-4fa4-a97d-d965ccfc6d4b" outcome="Passed" testListId="8c84fa94-04c1-424b-9868-57a2d4851a1d" relativeResultsDirectory="e20d0913-f989-4d1b-a10a-2af18661910c" />
    <UnitTestResult executionId="47e1c661-7364-4a41-9d40-387df3964dbf" testId="5df95f92-d822-2ac4-88f5-db2748997ad7" testName="Slopterm.Tests.CollectionCryptoTests.GeneratesADistinctCollectionIdEveryTime" computerName="e48a8263a08a" duration="00:00:00.0031782" startTime="2026-08-03T17:48:24.7666367+00:00" endTime="2026-08-03T17:48:24.7666368+00:00" testType="13cdc9d9-ddb5-4fa4-a97d-d965ccfc6d4b" outcome="Passed" testListId="8c84fa94-04c1-424b-9868-57a2d4851a1d" relativeResultsDirectory="47e1c661-7364-4a41-9d40-387df3964dbf" />
    <UnitTestResult executionId="e6425d1f-e474-41e7-bccc-c03ca59e3f23" testId="e207733b-4e5c-1b59-c14b-c82e9bb1f146" testName="Slopterm.Tests.CredentialResolverTests.IgnoresCredentialKindsThatArentForConnecting" computerName="e48a8263a08a" duration="00:00:01.3707216" startTime="2026-08-03T17:48:42.9960079+00:00" endTime="2026-08-03T17:48:42.9960082+00:00" testType="13cdc9d9-ddb5-4fa4-a97d-d965ccfc6d4b" outcome="Passed" testListId="8c84fa94-04c1-424b-9868-57a2d4851a1d" relativeResultsDirectory="e6425d1f-e474-41e7-bccc-c03ca59e3f23" />
    <UnitTestResult executionId="9a9c586a-f8d0-44a6-a9c8-c152ea17a727" testId="ed219a79-dfe4-17e2-f88b-1555e253229f" testName="Slopterm.Tests.CollectionShareCodecTests.RoundTripsAWholeSyncConfiguration" computerName="e48a8263a08a" duration="00:00:00.0043878" startTime="2026-08-03T17:48:29.8378567+00:00" endTime="2026-08-03T17:48:29.8378570+00:00" testType="13cdc9d9-ddb5-4fa4-a97d-d965ccfc6d4b" outcome="Passed" testListId="8c84fa94-04c1-424b-9868-57a2d4851a1d" relativeResultsDirectory="9a9c586a-f8d0-44a6-a9c8-c152ea17a727" />
    <UnitTestResult executionId="57457508-60c5-4c3c-a65c-1abd2fc7428e" testId="1c182ae5-f201-71c5-46a6-ed4c74bfea6d" testName="Slopterm.Tests.CredentialResolverTests.FallsBackToAnyOtherCollectionThisDeviceHolds" computerName="e48a8263a08a" duration="00:00:01.4239417" startTime="2026-08-03T17:48:44.4228651+00:00" endTime="2026-08-03T17:48:44.4228654+00:00" testType="13cdc9d9-ddb5-4fa4-a97d-d965ccfc6d4b" outcome="Passed" testListId="8c84fa94-04c1-424b-9868-57a2d4851a1d" relativeResultsDirectory="57457508-60c5-4c3c-a65c-1abd2fc7428e" />
    <UnitTestResult executionId="b42b571e-c6bb-466e-be86-8eab4c8169d3" testId="9bc58c4f-cbc4-efed-8f90-e6abb762f55f" testName="Slopterm.Tests.CredentialResolverTests.TheSameNameResolvesToADifferentLocalKeyOnEachDevice" computerName="e48a8263a08a" duration="00:00:01.6231499" startTime="2026-08-03T17:48:33.3993127+00:00" endTime="2026-08-03T17:48:33.3993130+00:00" testType="13cdc9d9-ddb5-4fa4-a97d-d965ccfc6d4b" outcome="Passed" testListId="8c84fa94-04c1-424b-9868-57a2d4851a1d" relativeResultsDirectory="b42b571e-c6bb-466e-be86-8eab4c8169d3" />
    <UnitTestResult executionId="3d09e759-a790-471a-a962-54279aa45730" testId="27b0f2a2-b48b-3ccb-d1da-68ddd4669ec1" testName="Slopterm.Tests.WebDavIntegrationTests.TwoDevicesConvergeThroughARealServer" computerName="e48a8263a08a" duration="00:00:00.0010000" startTime="2026-08-03T17:49:04.4549171+00:00" endTime="2026-08-03T17:49:04.4549173+00:00" testType="13cdc9d9-ddb5-4fa4-a97d-d965ccfc6d4b" outcome="NotExecuted" testListId="8c84fa94-04c1-424b-9868-57a2d4851a1d" relativeResultsDirectory="3d09e759-a790-471a-a962-54279aa45730">
      <Output>
        <ErrorInfo>
          <Message>SLOPTERM_WEBDAV_URL not set</Message>
        </ErrorInfo>
      </Output>
    </UnitTestResult>
    <UnitTestResult executionId="9ac66427-c825-47a0-bb7a-404c0d1ff010" testId="73304184-e608-ecdd-9533-712d61466eb6" testName="Slopterm.Tests.VaultSyncServiceTests.BothSidesEditingKeepsTheLoserAsAConflictCopy" computerName="e48a8263a08a" duration="00:00:01.3391211" startTime="2026-08-03T17:49:03.1101546+00:00" endTime="2026-08-03T17:49:03.1101550+00:00" testType="13cdc9d9-ddb5-4fa4-a97d-d965ccfc6d4b" outcome="Passed" testListId="8c84fa94-04c1-424b-9868-57a2d4851a1d" relativeResultsDirectory="9ac66427-c825-47a0-bb7a-404c0d1ff010" />
  </Results>
  <TestDefinitions>
    <UnitTest name="Slopterm.Tests.CollectionShareCodecTests.RoundTripsAWholeSyncConfiguration" storage="/workspace/wt-webdav-sync/tests/bin/debug/net10.0/slopterm.tests.dll" id="ed219a79-dfe4-17e2-f88b-1555e253229f">
      <Execution id="9a9c586a-f8d0-44a6-a9c8-c152ea17a727" />
      <TestMethod codeBase="/workspace/wt-webdav-sync/tests/bin/Debug/net10.0/Slopterm.Tests.dll" adapterTypeName="executor://xunit/VsTestRunner2/netcoreapp" className="Slopterm.Tests.CollectionShareCodecTests" name="RoundTripsAWholeSyncConfiguration" />
    </UnitTest>
    <UnitTest name="Slopterm.Tests.HybridLogicalClockTests.DoesntInheritABehindPeersCounter" storage="/workspace/wt-webdav-sync/tests/bin/debug/net10.0/slopterm.tests.dll" id="3502e061-f81d-d8fe-3328-cce0a12c38fe">
      <Execution id="e88fb1c6-72e7-418d-bdb5-9937d714f894" />
      <TestMethod codeBase="/workspace/wt-webdav-sync/tests/bin/Debug/net10.0/Slopterm.Tests.dll" adapterTypeName="executor://xunit/VsTestRunner2/netcoreapp" className="Slopterm.Tests.HybridLogicalClockTests" name="DoesntInheritABehindPeersCounter" />
    </UnitTest>
    <UnitTest name="Slopterm.Tests.CollectionShareCodecTests.RejectsAnythingThatIsntOneOfItsTokens(token: &quot;slopterm:collection:v1:&quot;)" storage="/workspace/wt-webdav-sync/tests/bin/debug/net10.0/slopterm.tests.dll" id="f3280c23-027a-ad8f-0c3d-66466293ec0e">
      <Execution id="11556134-0b2a-4671-970f-4fac59a64327" />
      <TestMethod codeBase="/workspace/wt-webdav-sync/tests/bin/Debug/net10.0/Slopterm.Tests.dll" adapterTypeName="executor://xunit/VsTestRunner2/netcoreapp" className="Slopterm.Tests.CollectionShareCodecTests" name="RejectsAnythingThatIsntOneOfItsTokens" />
    </UnitTest>
    <UnitTest name="Slopterm.Tests.CollectionCryptoTests.GeneratesADistinctKeyEveryTime" storage="/workspace/wt-webdav-sync/tests/bin/debug/net10.0/slopterm.tests.dll" id="ed7bdbc4-8e0d-b459-05e1-5ea6a55b5e1d">
      <Execution id="15c74b94-4c9f-4f11-b2e0-5aa52555ed26" />
      <TestMethod codeBase="/workspace/wt-webdav-sync/tests/bin/Debug/net10.0/Slopterm.Tests.dll" adapterTypeName="executor://xunit/VsTestRunner2/netcoreapp" className="Slopterm.Tests.CollectionCryptoTests" name="GeneratesADistinctKeyEveryTime" />
    </UnitTest>
    <UnitTest name="Slopterm.Tests.WebDavRemoteTests.RoundTripsRecordsThroughEveryVerbTheSyncLoopUses" storage="/workspace/wt-webdav-sync/tests/bin/debug/net10.0/slopterm.tests.dll" id="02390621-47f6-7eae-b639-73bf5ccfbf0d">
      <Execution id="96cd9753-f62f-4707-aa16-0755c5cdf7df" />
      <TestMethod codeBase="/workspace/wt-webdav-sync/tests/bin/Debug/net10.0/Slopterm.Tests.dll" adapterTypeName="executor://xunit/VsTestRunner2/netcoreapp" className="Slopterm.Tests.WebDavRemoteTests" name="RoundTripsRecordsThroughEveryVerbTheSyncLoopUses" />
    </UnitTest>
    <UnitTest name="Slopterm.Tests.HybridLogicalClockTests.NeverIssuesTheSameValueTwice" storage="/workspace/wt-webdav-sync/tests/bin/debug/net10.0/slopterm.tests.dll" id="444961b3-2c6d-e8bc-d1ef-fa18eda762da">
      <Execution id="df67f451-18bf-4d95-8d2e-134afca6e056" />
      <TestMethod codeBase="/workspace/wt-webdav-sync/tests/bin/Debug/net10.0/Slopterm.Tests.dll" adapterTypeName="executor://xunit/VsTestRunner2/netcoreapp" className="Slopterm.Tests.HybridLogicalClockTests" name="NeverIssuesTheSameValueTwice" />
    </UnitTest>
    <UnitTest name="Slopterm.Tests.CollectionShareCodecTests.RejectsAnythingThatIsntOneOfItsTokens(token: &quot;slopterm:collection:v1:!!!!&quot;)" storage="/workspace/wt-webdav-sync/tests/bin/debug/net10.0/slopterm.tests.dll" id="017b9ccd-ff1b-0643-3dd1-e788df54300a">
      <Execution id="45ecdc79-941e-46a7-a2c6-94e249d2364a" />
      <TestMethod codeBase="/workspace/wt-webdav-sync/tests/bin/Debug/net10.0/Slopterm.Tests.dll" adapterTypeName="executor://xunit/VsTestRunner2/netcoreapp" className="Slopterm.Tests.CollectionShareCodecTests" name="RejectsAnythingThatIsntOneOfItsTokens" />
    </UnitTest>
    <UnitTest name="Slopterm.Tests.HybridLogicalClockTests.StampsAfterAPeerEvenWhenThisClockIsBehind" storage="/workspace/wt-webdav-sync/tests/bin/debug/net10.0/slopterm.tests.dll" id="060cf423-72e3-14b7-68ce-860f034fbcb7">
      <Execution id="65d5cdc3-1a53-4929-a168-277b31b521af" />
      <TestMethod codeBase="/workspace/wt-webdav-sync/tests/bin/Debug/net10.0/Slopterm.Tests.dll" adapterTypeName="executor://xunit/VsTestRunner2/netcoreapp" className="Slopterm.Tests.HybridLogicalClockTests" name="StampsAfterAPeerEvenWhenThisClockIsBehind" />
    </UnitTest>
    <UnitTest name="Slopterm.Tests.CredentialResolverTests.TheLocalCollectionBeatsTheHostsOwnCollection" storage="/workspace/wt-webdav-sync/tests/bin/debug/net10.0/slopterm.tests.dll" id="c366ff22-21b6-eacd-2440-193eee8a9102">
      <Execution id="8a5c1f66-8585-4082-82ea-974f103fd7cd" />
      <TestMethod codeBase="/workspace/wt-webdav-sync/tests/bin/Debug/net10.0/Slopterm.Tests.dll" adapterTypeName="executor://xunit/VsTestRunner2/netcoreapp" className="Slopterm.Tests.CredentialResolverTests" name="TheLocalCollectionBeatsTheHostsOwnCollection" />
    </UnitTest>
    <UnitTest name="Slopterm.Tests.CollectionShareCodecTests.RejectsAnythingThatIsntOneOfItsTokens(token: &quot;slopterm:host:v1:abc&quot;)" storage="/workspace/wt-webdav-sync/tests/bin/debug/net10.0/slopterm.tests.dll" id="4e16dc8e-dcc7-043a-dff8-4c0f731bc698">
      <Execution id="b13fa54a-5f94-43e1-96da-08c9138c68da" />
      <TestMethod codeBase="/workspace/wt-webdav-sync/tests/bin/Debug/net10.0/Slopterm.Tests.dll" adapterTypeName="executor://xunit/VsTestRunner2/netcoreapp" className="Slopterm.Tests.CollectionShareCodecTests" name="RejectsAnythingThatIsntOneOfItsTokens" />
    </UnitTest>
    <UnitTest name="Slopterm.Tests.CollectionShareCodecTests.RoundTripsAnInvite" storage="/workspace/wt-webdav-sync/tests/bin/debug/net10.0/slopterm.tests.dll" id="465822e1-3dfb-b4f9-7a1c-eaadf5be5c10">
      <Execution id="8c3a509b-3c9d-4aac-94b0-ac4f57e21db1" />
      <TestMethod codeBase="/workspace/wt-webdav-sync/tests/bin/Debug/net10.0/Slopterm.Tests.dll" adapterTypeName="executor://xunit/VsTestRunner2/netcoreapp" className="Slopterm.Tests.CollectionShareCodecTests" name="RoundTripsAnInvite" />
    </UnitTest>
    <UnitTest name="Slopterm.Tests.HybridLogicalClockTests.RoundTripsThroughItsSerializedForm" storage="/workspace/wt-webdav-sync/tests/bin/debug/net10.0/slopterm.tests.dll" id="ace97d1e-bb36-4bd8-cb57-74305f304697">
      <Execution id="4aa71347-9a54-41d1-9a09-d3c0582c16dd" />
      <TestMethod codeBase="/workspace/wt-webdav-sync/tests/bin/Debug/net10.0/Slopterm.Tests.dll" adapterTypeName="executor://xunit/VsTestRunner2/netcoreapp" className="Slopterm.Tests.HybridLogicalClockTests" name="RoundTripsThroughItsSerializedForm" />
    </UnitTest>
    <UnitTest name="Slopterm.Tests.VaultSyncServiceTests.NothingReadableLeavesTheDevice" storage="/workspace/wt-webdav-sync/tests/bin/debug/net10.0/slopterm.tests.dll" id="dc3366cd-f140-f2aa-a8b4-dcdc0fcb6960">
      <Execution id="45b01e2d-5561-4baa-b5a7-318ce95066fe" />
      <TestMethod codeBase="/workspace/wt-webdav-sync/tests/bin/Debug/net10.0/Slopterm.Tests.dll" adapterTypeName="executor://xunit/VsTestRunner2/netcoreapp" className="Slopterm.Tests.VaultSyncServiceTests" name="NothingReadableLeavesTheDevice" />
    </UnitTest>
    <UnitTest name="Slopterm.Tests.VaultSyncServiceTests.AnEditOnOneDeviceOverwritesTheOlderCopyOnTheOther" storage="/workspace/wt-webdav-sync/tests/bin/debug/net10.0/slopterm.tests.dll" id="9bd2e220-c72e-961a-c9c4-81740a2596fd">
      <Execution id="4eb8fe06-b158-45df-aabc-b1b1cbff997e" />
      <TestMethod codeBase="/workspace/wt-webdav-sync/tests/bin/Debug/net10.0/Slopterm.Tests.dll" adapterTypeName="executor://xunit/VsTestRunner2/netcoreapp" className="Slopterm.Tests.VaultSyncServiceTests" name="AnEditOnOneDeviceOverwritesTheOlderCopyOnTheOther" />
    </UnitTest>
    <UnitTest name="Slopterm.Tests.HybridLogicalClockTests.ParsesAnythingUnusableAsTheEpoch(value: &quot;2026-07-30T12:00:00.123Z&quot;)" storage="/workspace/wt-webdav-sync/tests/bin/debug/net10.0/slopterm.tests.dll" id="7395c2d5-dbf5-675f-dcc3-5b1269890c18">
      <Execution id="0ab1229c-bc9a-44fc-83d7-867d596e050b" />
      <TestMethod codeBase="/workspace/wt-webdav-sync/tests/bin/Debug/net10.0/Slopterm.Tests.dll" adapterTypeName="executor://xunit/VsTestRunner2/netcoreapp" className="Slopterm.Tests.HybridLogicalClockTests" name="ParsesAnythingUnusableAsTheEpoch" />
    </UnitTest>
    <UnitTest name="Slopterm.Tests.CredentialResolverTests.ReportsNoKeyOnThisDeviceRatherThanConnectingWithSomethingElse" storage="/workspace/wt-webdav-sync/tests/bin/debug/net10.0/slopterm.tests.dll" id="42eef3d6-1a1b-bc2c-2bb9-eed7f9a6da87">
      <Execution id="2a92b408-dc22-4884-94bc-1046cbd42d51" />
      <TestMethod codeBase="/workspace/wt-webdav-sync/tests/bin/Debug/net10.0/Slopterm.Tests.dll" adapterTypeName="executor://xunit/VsTestRunner2/netcoreapp" className="Slopterm.Tests.CredentialResolverTests" name="ReportsNoKeyOnThisDeviceRatherThanConnectingWithSomethingElse" />
    </UnitTest>
    <UnitTest name="Slopterm.Tests.HybridLogicalClockTests.ParsesAnythingUnusableAsTheEpoch(value: &quot;garbage&quot;)" storage="/workspace/wt-webdav-sync/tests/bin/debug/net10.0/slopterm.tests.dll" id="a1f4fcbc-e816-b8de-1560-7c097c5babe2">
      <Execution id="16953f76-18ef-4ed4-ad7e-0ffa54ffaa25" />
      <TestMethod codeBase="/workspace/wt-webdav-sync/tests/bin/Debug/net10.0/Slopterm.Tests.dll" adapterTypeName="executor://xunit/VsTestRunner2/netcoreapp" className="Slopterm.Tests.HybridLogicalClockTests" name="ParsesAnythingUnusableAsTheEpoch" />
    </UnitTest>
    <UnitTest name="Slopterm.Tests.VaultSyncServiceTests.DevicesCanUseTheirOwnWebDavAccounts" storage="/workspace/wt-webdav-sync/tests/bin/debug/net10.0/slopterm.tests.dll" id="8d8dc28c-9c06-eab3-d1c9-135b98593f8f">
      <Execution id="017007e3-e143-46bc-b465-c6b84e11be6a" />
      <TestMethod codeBase="/workspace/wt-webdav-sync/tests/bin/Debug/net10.0/Slopterm.Tests.dll" adapterTypeName="executor://xunit/VsTestRunner2/netcoreapp" className="Slopterm.Tests.VaultSyncServiceTests" name="DevicesCanUseTheirOwnWebDavAccounts" />
    </UnitTest>
    <UnitTest name="Slopterm.Tests.VaultSyncServiceTests.TheLocalCollectionIsNeverListedAsSyncable" storage="/workspace/wt-webdav-sync/tests/bin/debug/net10.0/slopterm.tests.dll" id="34e91c7f-8b58-2310-9fbf-5980191d33cb">
      <Execution id="c5a6199f-48e2-4098-b90c-6a659cb63507" />
      <TestMethod codeBase="/workspace/wt-webdav-sync/tests/bin/Debug/net10.0/Slopterm.Tests.dll" adapterTypeName="executor://xunit/VsTestRunner2/netcoreapp" className="Slopterm.Tests.VaultSyncServiceTests" name="TheLocalCollectionIsNeverListedAsSyncable" />
    </UnitTest>
    <UnitTest name="Slopterm.Tests.CollectionShareCodecTests.RejectsAnythingThatIsntOneOfItsTokens(token: &quot;hello&quot;)" storage="/workspace/wt-webdav-sync/tests/bin/debug/net10.0/slopterm.tests.dll" id="50a79d9a-729d-94c5-3c94-9cda87bc27c6">
      <Execution id="515f1943-9bdc-4ddd-9f42-f661590a7f92" />
      <TestMethod codeBase="/workspace/wt-webdav-sync/tests/bin/Debug/net10.0/Slopterm.Tests.dll" adapterTypeName="executor://xunit/VsTestRunner2/netcoreapp" className="Slopterm.Tests.CollectionShareCodecTests" name="RejectsAnythingThatIsntOneOfItsTokens" />
    </UnitTest>
    <UnitTest name="Slopterm.Tests.VaultSyncServiceTests.ASecondPassDoesntRefetchUnchangedRecords" storage="/workspace/wt-webdav-sync/tests/bin/debug/net10.0/slopterm.tests.dll" id="3638f16d-ec7b-19f3-39c7-c4b79b7f1212">
      <Execution id="c3861acd-0dde-425e-add5-d08f89cb5a0c" />
      <TestMethod codeBase="/workspace/wt-webdav-sync/tests/bin/Debug/net10.0/Slopterm.Tests.dll" adapterTypeName="executor://xunit/VsTestRunner2/netcoreapp" className="Slopterm.Tests.VaultSyncServiceTests" name="ASecondPassDoesntRefetchUnchangedRecords" />
    </UnitTest>
    <UnitTest name="Slopterm.Tests.CollectionShareCodecTests.UnwrappedTokensDontClaimToNeedAPassphrase" storage="/workspace/wt-webdav-sync/tests/bin/debug/net10.0/slopterm.tests.dll" id="d92550b1-0ca2-1c5e-d0ad-b298d5786c0c">
      <Execution id="27c8f083-1976-47a1-94c1-8318457250c0" />
      <TestMethod codeBase="/workspace/wt-webdav-sync/tests/bin/Debug/net10.0/Slopterm.Tests.dll" adapterTypeName="executor://xunit/VsTestRunner2/netcoreapp" className="Slopterm.Tests.CollectionShareCodecTests" name="UnwrappedTokensDontClaimToNeedAPassphrase" />
    </UnitTest>
    <UnitTest name="Slopterm.Tests.WebDavIntegrationTests.ConcurrentEditsKeepBothSidesThroughARealServer" storage="/workspace/wt-webdav-sync/tests/bin/debug/net10.0/slopterm.tests.dll" id="ffa15a08-53f5-f4ed-b590-9cc41b2148ac">
      <Execution id="9a71d35b-37e6-42e1-bb40-f66dbf565083" />
      <TestMethod codeBase="/workspace/wt-webdav-sync/tests/bin/Debug/net10.0/Slopterm.Tests.dll" adapterTypeName="executor://xunit/VsTestRunner2/netcoreapp" className="Slopterm.Tests.WebDavIntegrationTests" name="ConcurrentEditsKeepBothSidesThroughARealServer" />
    </UnitTest>
    <UnitTest name="Slopterm.Tests.VaultSyncServiceTests.ARecordSavedOnOneDeviceReachesTheOther" storage="/workspace/wt-webdav-sync/tests/bin/debug/net10.0/slopterm.tests.dll" id="baa5793b-4d8d-4949-34e9-a10290558d9c">
      <Execution id="ded84f9f-4a03-497a-82e9-9fd1dcff3ed0" />
      <TestMethod codeBase="/workspace/wt-webdav-sync/tests/bin/Debug/net10.0/Slopterm.Tests.dll" adapterTypeName="executor://xunit/VsTestRunner2/netcoreapp" className="Slopterm.Tests.VaultSyncServiceTests" name="ARecordSavedOnOneDeviceReachesTheOther" />
    </UnitTest>
    <UnitTest name="Slopterm.Tests.CredentialResolverTests.FallsBackToAnyOtherCollectionThisDeviceHolds" storage="/workspace/wt-webdav-sync/tests/bin/debug/net10.0/slopterm.tests.dll" id="1c182ae5-f201-71c5-46a6-ed4c74bfea6d">
      <Execution id="57457508-60c5-4c3c-a65c-1abd2fc7428e" />
      <TestMethod codeBase="/workspace/wt-webdav-sync/tests/bin/Debug/net10.0/Slopterm.Tests.dll" adapterTypeName="executor://xunit/VsTestRunner2/netcoreapp" className="Slopterm.Tests.CredentialResolverTests" name="FallsBackToAnyOtherCollectionThisDeviceHolds" />
    </UnitTest>
    <UnitTest name="Slopterm.Tests.CollectionCryptoTests.GeneratesADistinctCollectionIdEveryTime" storage="/workspace/wt-webdav-sync/tests/bin/debug/net10.0/slopterm.tests.dll" id="5df95f92-d822-2ac4-88f5-db2748997ad7">
      <Execution id="47e1c661-7364-4a41-9d40-387df3964dbf" />
      <TestMethod codeBase="/workspace/wt-webdav-sync/tests/bin/Debug/net10.0/Slopterm.Tests.dll" adapterTypeName="executor://xunit/VsTestRunner2/netcoreapp" className="Slopterm.Tests.CollectionCryptoTests" name="GeneratesADistinctCollectionIdEveryTime" />
    </UnitTest>
    <UnitTest name="Slopterm.Tests.CollectionShareCodecTests.RoundTripsAPassphraseWrappedToken" storage="/workspace/wt-webdav-sync/tests/bin/debug/net10.0/slopterm.tests.dll" id="d2bc2e0b-f0b1-50b0-b03d-d0f5cf78c923">
      <Execution id="108a39f7-a413-4147-a442-b12c414e24a6" />
      <TestMethod codeBase="/workspace/wt-webdav-sync/tests/bin/Debug/net10.0/Slopterm.Tests.dll" adapterTypeName="executor://xunit/VsTestRunner2/netcoreapp" className="Slopterm.Tests.CollectionShareCodecTests" name="RoundTripsAPassphraseWrappedToken" />
    </UnitTest>
    <UnitTest name="Slopterm.Tests.WebDavRemoteTests.RejectsAUrlThatIsntHttp" storage="/workspace/wt-webdav-sync/tests/bin/debug/net10.0/slopterm.tests.dll" id="8f88247e-66be-e104-f96e-bdc2018f97ab">
      <Execution id="bfbe74f1-1cae-4d4d-b5de-08b2b77ddfd7" />
      <TestMethod codeBase="/workspace/wt-webdav-sync/tests/bin/Debug/net10.0/Slopterm.Tests.dll" adapterTypeName="executor://xunit/VsTestRunner2/netcoreapp" className="Slopterm.Tests.WebDavRemoteTests" name="RejectsAUrlThatIsntHttp" />
    </UnitTest>
    <UnitTest name="Slopterm.Tests.CredentialResolverTests.SkipsAnUnresolvableCredentialForOneThatWorks" storage="/workspace/wt-webdav-sync/tests/bin/debug/net10.0/slopterm.tests.dll" id="8c3e9572-a4e0-399c-9fe0-0f0550b315b9">
      <Execution id="5c84b01a-1a21-4f69-8765-f7da666042fc" />
      <TestMethod codeBase="/workspace/wt-webdav-sync/tests/bin/Debug/net10.0/Slopterm.Tests.dll" adapterTypeName="executor://xunit/VsTestRunner2/netcoreapp" className="Slopterm.Tests.CredentialResolverTests" name="SkipsAnUnresolvableCredentialForOneThatWorks" />
    </UnitTest>
    <UnitTest name="Slopterm.Tests.HybridLogicalClockTests.ParsesAnythingUnusableAsTheEpoch(value: &quot;&quot;)" storage="/workspace/wt-webdav-sync/tests/bin/debug/net10.0/slopterm.tests.dll" id="96324546-0b4c-657a-38bf-87cae044038f">
      <Execution id="655301e3-7166-4c42-941c-ebdb91e0b1b6" />
      <TestMethod codeBase="/workspace/wt-webdav-sync/tests/bin/Debug/net10.0/Slopterm.Tests.dll" adapterTypeName="executor://xunit/VsTestRunner2/netcoreapp" className="Slopterm.Tests.HybridLogicalClockTests" name="ParsesAnythingUnusableAsTheEpoch" />
    </UnitTest>
    <UnitTest name="Slopterm.Tests.WebDavIntegrationTests.TheServerOnlyEverHoldsCiphertext" storage="/workspace/wt-webdav-sync/tests/bin/debug/net10.0/slopterm.tests.dll" id="c7b98515-873e-4c51-15e6-b7d069e96c30">
      <Execution id="a0f97553-e6a1-4aa4-a49d-1d545f6ff230" />
      <TestMethod codeBase="/workspace/wt-webdav-sync/tests/bin/Debug/net10.0/Slopterm.Tests.dll" adapterTypeName="executor://xunit/VsTestRunner2/netcoreapp" className="Slopterm.Tests.WebDavIntegrationTests" name="TheServerOnlyEverHoldsCiphertext" />
    </UnitTest>
    <UnitTest name="Slopterm.Tests.CollectionShareCodecTests.CarriesItsFormatInThePrefix" storage="/workspace/wt-webdav-sync/tests/bin/debug/net10.0/slopterm.tests.dll" id="e198fe80-7158-dfe3-2784-6c9576c401c3">
      <Execution id="2670b975-5eb6-403b-86be-9d881e738a7c" />
      <TestMethod codeBase="/workspace/wt-webdav-sync/tests/bin/Debug/net10.0/Slopterm.Tests.dll" adapterTypeName="executor://xunit/VsTestRunner2/netcoreapp" className="Slopterm.Tests.CollectionShareCodecTests" name="CarriesItsFormatInThePrefix" />
    </UnitTest>
    <UnitTest name="Slopterm.Tests.CollectionShareCodecTests.RefusesAPassphraseWrappedTokenWithoutOrWithTheWrongPassphrase" storage="/workspace/wt-webdav-sync/tests/bin/debug/net10.0/slopterm.tests.dll" id="5206b762-cc18-3e6b-af1c-3dc696e6473a">
      <Execution id="e20d0913-f989-4d1b-a10a-2af18661910c" />
      <TestMethod codeBase="/workspace/wt-webdav-sync/tests/bin/Debug/net10.0/Slopterm.Tests.dll" adapterTypeName="executor://xunit/VsTestRunner2/netcoreapp" className="Slopterm.Tests.CollectionShareCodecTests" name="RefusesAPassphraseWrappedTokenWithoutOrWithTheWrongPassphrase" />
    </UnitTest>
    <UnitTest name="Slopterm.Tests.WebDavRemoteTests.ReportsPreconditionFailuresRatherThanThrowing" storage="/workspace/wt-webdav-sync/tests/bin/debug/net10.0/slopterm.tests.dll" id="eacf0f88-eeb6-33b8-0e5b-d752d937e9a4">
      <Execution id="1a66e53e-9a2d-4dc4-b500-94b9e3fde7bb" />
      <TestMethod codeBase="/workspace/wt-webdav-sync/tests/bin/Debug/net10.0/Slopterm.Tests.dll" adapterTypeName="executor://xunit/VsTestRunner2/netcoreapp" className="Slopterm.Tests.WebDavRemoteTests" name="ReportsPreconditionFailuresRatherThanThrowing" />
    </UnitTest>
    <UnitTest name="Slopterm.Tests.CredentialResolverTests.MatchesNamesCaseInsensitively" storage="/workspace/wt-webdav-sync/tests/bin/debug/net10.0/slopterm.tests.dll" id="889dff0c-cda9-e59a-b47f-c5ea36b2b1ce">
      <Execution id="bf4291aa-8dc2-42d2-a83e-60f05168b498" />
      <TestMethod codeBase="/workspace/wt-webdav-sync/tests/bin/Debug/net10.0/Slopterm.Tests.dll" adapterTypeName="executor://xunit/VsTestRunner2/netcoreapp" className="Slopterm.Tests.CredentialResolverTests" name="MatchesNamesCaseInsensitively" />
    </UnitTest>
    <UnitTest name="Slopterm.Tests.VaultSyncServiceTests.BothSidesEditingKeepsTheLoserAsAConflictCopy" storage="/workspace/wt-webdav-sync/tests/bin/debug/net10.0/slopterm.tests.dll" id="73304184-e608-ecdd-9533-712d61466eb6">
      <Execution id="9ac66427-c825-47a0-bb7a-404c0d1ff010" />
      <TestMethod codeBase="/workspace/wt-webdav-sync/tests/bin/Debug/net10.0/Slopterm.Tests.dll" adapterTypeName="executor://xunit/VsTestRunner2/netcoreapp" className="Slopterm.Tests.VaultSyncServiceTests" name="BothSidesEditingKeepsTheLoserAsAConflictCopy" />
    </UnitTest>
    <UnitTest name="Slopterm.Tests.CollectionCryptoTests.RoundTripsARecordUnderTheCollectionKey" storage="/workspace/wt-webdav-sync/tests/bin/debug/net10.0/slopterm.tests.dll" id="0a4e1810-0bf7-19b5-6dfd-536b16e6da89">
      <Execution id="0ccdab69-67fc-4ec0-abb1-40b50ef6ddaa" />
      <TestMethod codeBase="/workspace/wt-webdav-sync/tests/bin/Debug/net10.0/Slopterm.Tests.dll" adapterTypeName="executor://xunit/VsTestRunner2/netcoreapp" className="Slopterm.Tests.CollectionCryptoTests" name="RoundTripsARecordUnderTheCollectionKey" />
    </UnitTest>
    <UnitTest name="Slopterm.Tests.HybridLogicalClockTests.ParsesAnythingUnusableAsTheEpoch(value: null)" storage="/workspace/wt-webdav-sync/tests/bin/debug/net10.0/slopterm.tests.dll" id="21170c22-35bc-f34b-f68d-39e80a76a48e">
      <Execution id="a5cff7ad-5bc1-4efe-8199-07e5b2d807e8" />
      <TestMethod codeBase="/workspace/wt-webdav-sync/tests/bin/Debug/net10.0/Slopterm.Tests.dll" adapterTypeName="executor://xunit/VsTestRunner2/netcoreapp" className="Slopterm.Tests.HybridLogicalClockTests" name="ParsesAnythingUnusableAsTheEpoch" />
    </UnitTest>
    <UnitTest name="Slopterm.Tests.WebDavIntegrationTests.TwoDevicesConvergeThroughARealServer" storage="/workspace/wt-webdav-sync/tests/bin/debug/net10.0/slopterm.tests.dll" id="27b0f2a2-b48b-3ccb-d1da-68ddd4669ec1">
      <Execution id="3d09e759-a790-471a-a962-54279aa45730" />
      <TestMethod codeBase="/workspace/wt-webdav-sync/tests/bin/Debug/net10.0/Slopterm.Tests.dll" adapterTypeName="executor://xunit/VsTestRunner2/netcoreapp" className="Slopterm.Tests.WebDavIntegrationTests" name="TwoDevicesConvergeThroughARealServer" />
    </UnitTest>
    <UnitTest name="Slopterm.Tests.CredentialResolverTests.TheSameNameResolvesToADifferentLocalKeyOnEachDevice" storage="/workspace/wt-webdav-sync/tests/bin/debug/net10.0/slopterm.tests.dll" id="9bc58c4f-cbc4-efed-8f90-e6abb762f55f">
      <Execution id="b42b571e-c6bb-466e-be86-8eab4c8169d3" />
      <TestMethod codeBase="/workspace/wt-webdav-sync/tests/bin/Debug/net10.0/Slopterm.Tests.dll" adapterTypeName="executor://xunit/VsTestRunner2/netcoreapp" className="Slopterm.Tests.CredentialResolverTests" name="TheSameNameResolvesToADifferentLocalKeyOnEachDevice" />
    </UnitTest>
    <UnitTest name="Slopterm.Tests.CredentialResolverTests.IgnoresCredentialKindsThatArentForConnecting" storage="/workspace/wt-webdav-sync/tests/bin/debug/net10.0/slopterm.tests.dll" id="e207733b-4e5c-1b59-c14b-c82e9bb1f146">
      <Execution id="e6425d1f-e474-41e7-bccc-c03ca59e3f23" />
      <TestMethod codeBase="/workspace/wt-webdav-sync/tests/bin/Debug/net10.0/Slopterm.Tests.dll" adapterTypeName="executor://xunit/VsTestRunner2/netcoreapp" className="Slopterm.Tests.CredentialResolverTests" name="IgnoresCredentialKindsThatArentForConnecting" />
    </UnitTest>
    <UnitTest name="Slopterm.Tests.CollectionCryptoTests.KeyFingerprintIsStableDistinctAndReadable" storage="/workspace/wt-webdav-sync/tests/bin/debug/net10.0/slopterm.tests.dll" id="dee05ed0-16b7-2bf7-c3d9-eef784c5f1d8">
      <Execution id="96afec6d-ad26-4666-9380-2a3dd1524c14" />
      <TestMethod codeBase="/workspace/wt-webdav-sync/tests/bin/Debug/net10.0/Slopterm.Tests.dll" adapterTypeName="executor://xunit/VsTestRunner2/netcoreapp" className="Slopterm.Tests.CollectionCryptoTests" name="KeyFingerprintIsStableDistinctAndReadable" />
    </UnitTest>
    <UnitTest name="Slopterm.Tests.CollectionCryptoTests.EncryptingTwiceNeverProducesTheSameBytes" storage="/workspace/wt-webdav-sync/tests/bin/debug/net10.0/slopterm.tests.dll" id="0e82ef00-9678-0855-062e-421292b832a9">
      <Execution id="2bb6cf92-1d82-4a2d-90e7-3e56a7c1116c" />
      <TestMethod codeBase="/workspace/wt-webdav-sync/tests/bin/Debug/net10.0/Slopterm.Tests.dll" adapterTypeName="executor://xunit/VsTestRunner2/netcoreapp" className="Slopterm.Tests.CollectionCryptoTests" name="EncryptingTwiceNeverProducesTheSameBytes" />
    </UnitTest>
    <UnitTest name="Slopterm.Tests.CredentialResolverTests.FallsBackToTheHostsOwnCollection" storage="/workspace/wt-webdav-sync/tests/bin/debug/net10.0/slopterm.tests.dll" id="430204c9-0521-a730-6d2e-f3540ef7fdc4">
      <Execution id="eabc9fb7-d6e8-4519-b49e-bb399cb17f6c" />
      <TestMethod codeBase="/workspace/wt-webdav-sync/tests/bin/Debug/net10.0/Slopterm.Tests.dll" adapterTypeName="executor://xunit/VsTestRunner2/netcoreapp" className="Slopterm.Tests.CredentialResolverTests" name="FallsBackToTheHostsOwnCollection" />
    </UnitTest>
    <UnitTest name="Slopterm.Tests.HybridLogicalClockTests.OrdersByPhysicalThenCounterThenNode" storage="/workspace/wt-webdav-sync/tests/bin/debug/net10.0/slopterm.tests.dll" id="6849cfb4-3363-071d-8910-aa2cbb6a33f2">
      <Execution id="f1e710fa-d1f5-4940-ad48-eee690e89f08" />
      <TestMethod codeBase="/workspace/wt-webdav-sync/tests/bin/Debug/net10.0/Slopterm.Tests.dll" adapterTypeName="executor://xunit/VsTestRunner2/netcoreapp" className="Slopterm.Tests.HybridLogicalClockTests" name="OrdersByPhysicalThenCounterThenNode" />
    </UnitTest>
    <UnitTest name="Slopterm.Tests.VaultSyncServiceTests.LeavingKeepsTheRecordsLocallyByDefault" storage="/workspace/wt-webdav-sync/tests/bin/debug/net10.0/slopterm.tests.dll" id="45f2e750-b21c-b90a-09cf-d05d0a4953f0">
      <Execution id="5b134518-34cd-4c96-b2ec-6229ee5537be" />
      <TestMethod codeBase="/workspace/wt-webdav-sync/tests/bin/Debug/net10.0/Slopterm.Tests.dll" adapterTypeName="executor://xunit/VsTestRunner2/netcoreapp" className="Slopterm.Tests.VaultSyncServiceTests" name="LeavingKeepsTheRecordsLocallyByDefault" />
    </UnitTest>
    <UnitTest name="Slopterm.Tests.CollectionCryptoTests.ADifferentKeyCannotReadTheRecord" storage="/workspace/wt-webdav-sync/tests/bin/debug/net10.0/slopterm.tests.dll" id="49bd07ab-c8c8-3778-5ebb-ff4ba300a01f">
      <Execution id="0e1c6151-04e2-44b4-b727-d1ab2666840a" />
      <TestMethod codeBase="/workspace/wt-webdav-sync/tests/bin/Debug/net10.0/Slopterm.Tests.dll" adapterTypeName="executor://xunit/VsTestRunner2/netcoreapp" className="Slopterm.Tests.CollectionCryptoTests" name="ADifferentKeyCannotReadTheRecord" />
    </UnitTest>
    <UnitTest name="Slopterm.Tests.VaultSyncServiceTests.AnEditAfterADeleteWinsOverTheTombstone" storage="/workspace/wt-webdav-sync/tests/bin/debug/net10.0/slopterm.tests.dll" id="04bfe952-fb94-f9d3-6611-10bdb76d4645">
      <Execution id="76d9e1e5-6c88-4b9d-b3b5-d1a158661621" />
      <TestMethod codeBase="/workspace/wt-webdav-sync/tests/bin/Debug/net10.0/Slopterm.Tests.dll" adapterTypeName="executor://xunit/VsTestRunner2/netcoreapp" className="Slopterm.Tests.VaultSyncServiceTests" name="AnEditAfterADeleteWinsOverTheTombstone" />
    </UnitTest>
    <UnitTest name="Slopterm.Tests.VaultSyncServiceTests.ReportsAReadOnlyShareAsSuchRatherThanAsAGenericFailure" storage="/workspace/wt-webdav-sync/tests/bin/debug/net10.0/slopterm.tests.dll" id="80e9bea8-0cd1-e930-6c99-7f1fea9cef6a">
      <Execution id="163a3525-bac2-418b-b72d-5a9e087785f7" />
      <TestMethod codeBase="/workspace/wt-webdav-sync/tests/bin/Debug/net10.0/Slopterm.Tests.dll" adapterTypeName="executor://xunit/VsTestRunner2/netcoreapp" className="Slopterm.Tests.VaultSyncServiceTests" name="ReportsAReadOnlyShareAsSuchRatherThanAsAGenericFailure" />
    </UnitTest>
    <UnitTest name="Slopterm.Tests.CredentialResolverTests.PassesInlineCredentialsStraightThrough" storage="/workspace/wt-webdav-sync/tests/bin/debug/net10.0/slopterm.tests.dll" id="045e6a50-629f-2e28-9672-b26a2baab094">
      <Execution id="fa645cb1-cbb9-4103-bf54-8a097b393e5a" />
      <TestMethod codeBase="/workspace/wt-webdav-sync/tests/bin/Debug/net10.0/Slopterm.Tests.dll" adapterTypeName="executor://xunit/VsTestRunner2/netcoreapp" className="Slopterm.Tests.CredentialResolverTests" name="PassesInlineCredentialsStraightThrough" />
    </UnitTest>
    <UnitTest name="Slopterm.Tests.CollectionShareCodecTests.RejectsAnythingThatIsntOneOfItsTokens(token: &quot;&quot;)" storage="/workspace/wt-webdav-sync/tests/bin/debug/net10.0/slopterm.tests.dll" id="77349aaa-1753-779f-55d6-ede529593f51">
      <Execution id="f6573de9-f08f-4709-9bfe-74d5cada8d7b" />
      <TestMethod codeBase="/workspace/wt-webdav-sync/tests/bin/Debug/net10.0/Slopterm.Tests.dll" adapterTypeName="executor://xunit/VsTestRunner2/netcoreapp" className="Slopterm.Tests.CollectionShareCodecTests" name="RejectsAnythingThatIsntOneOfItsTokens" />
    </UnitTest>
    <UnitTest name="Slopterm.Tests.CredentialResolverTests.DescribeNeverCarriesTheSecret" storage="/workspace/wt-webdav-sync/tests/bin/debug/net10.0/slopterm.tests.dll" id="96bd3bc6-f493-dcc9-71ea-289a724d3fe0">
      <Execution id="16fb9da2-6e67-416f-b05a-3c8afc6dd3ca" />
      <TestMethod codeBase="/workspace/wt-webdav-sync/tests/bin/Debug/net10.0/Slopterm.Tests.dll" adapterTypeName="executor://xunit/VsTestRunner2/netcoreapp" className="Slopterm.Tests.CredentialResolverTests" name="DescribeNeverCarriesTheSecret" />
    </UnitTest>
    <UnitTest name="Slopterm.Tests.VaultSyncServiceTests.RetriesAWriteThatLostAPreconditionRace" storage="/workspace/wt-webdav-sync/tests/bin/debug/net10.0/slopterm.tests.dll" id="a373e96e-b62c-eb77-19ec-ac8fabf309f6">
      <Execution id="c0962fe0-f40f-4254-b8ed-82dbe0e485e9" />
      <TestMethod codeBase="/workspace/wt-webdav-sync/tests/bin/Debug/net10.0/Slopterm.Tests.dll" adapterTypeName="executor://xunit/VsTestRunner2/netcoreapp" className="Slopterm.Tests.VaultSyncServiceTests" name="RetriesAWriteThatLostAPreconditionRace" />
    </UnitTest>
    <UnitTest name="Slopterm.Tests.VaultSyncServiceTests.DoesntSyncAScopeTheCollectionDoesntCarry" storage="/workspace/wt-webdav-sync/tests/bin/debug/net10.0/slopterm.tests.dll" id="e5b060c5-66ff-9bf7-42a1-23cec33ce2da">
      <Execution id="7fbe31af-5ab4-4e12-90b8-6fb4a660f75a" />
      <TestMethod codeBase="/workspace/wt-webdav-sync/tests/bin/Debug/net10.0/Slopterm.Tests.dll" adapterTypeName="executor://xunit/VsTestRunner2/netcoreapp" className="Slopterm.Tests.VaultSyncServiceTests" name="DoesntSyncAScopeTheCollectionDoesntCarry" />
    </UnitTest>
    <UnitTest name="Slopterm.Tests.VaultSyncServiceTests.ATieBetweenTwoDevicesResolvesTheSameWayOnBoth" storage="/workspace/wt-webdav-sync/tests/bin/debug/net10.0/slopterm.tests.dll" id="1169cd94-c0e7-0844-b786-b04448fa3759">
      <Execution id="68101705-814c-45ba-9724-f16914f8ed6d" />
      <TestMethod codeBase="/workspace/wt-webdav-sync/tests/bin/Debug/net10.0/Slopterm.Tests.dll" adapterTypeName="executor://xunit/VsTestRunner2/netcoreapp" className="Slopterm.Tests.VaultSyncServiceTests" name="ATieBetweenTwoDevicesResolvesTheSameWayOnBoth" />
    </UnitTest>
    <UnitTest name="Slopterm.Tests.VaultSyncServiceTests.ADeleteOnOneDevicePropagatesAndStaysDeleted" storage="/workspace/wt-webdav-sync/tests/bin/debug/net10.0/slopterm.tests.dll" id="7e62a782-392b-a478-cebd-8214101a20c5">
      <Execution id="deab9619-ec0e-4aff-8d07-450ccba6b3d2" />
      <TestMethod codeBase="/workspace/wt-webdav-sync/tests/bin/Debug/net10.0/Slopterm.Tests.dll" adapterTypeName="executor://xunit/VsTestRunner2/netcoreapp" className="Slopterm.Tests.VaultSyncServiceTests" name="ADeleteOnOneDevicePropagatesAndStaysDeleted" />
    </UnitTest>
  </TestDefinitions>
  <TestEntries>
    <TestEntry testId="80e9bea8-0cd1-e930-6c99-7f1fea9cef6a" executionId="163a3525-bac2-418b-b72d-5a9e087785f7" testListId="8c84fa94-04c1-424b-9868-57a2d4851a1d" />
    <TestEntry testId="ffa15a08-53f5-f4ed-b590-9cc41b2148ac" executionId="9a71d35b-37e6-42e1-bb40-f66dbf565083" testListId="8c84fa94-04c1-424b-9868-57a2d4851a1d" />
    <TestEntry testId="42eef3d6-1a1b-bc2c-2bb9-eed7f9a6da87" executionId="2a92b408-dc22-4884-94bc-1046cbd42d51" testListId="8c84fa94-04c1-424b-9868-57a2d4851a1d" />
    <TestEntry testId="dee05ed0-16b7-2bf7-c3d9-eef784c5f1d8" executionId="96afec6d-ad26-4666-9380-2a3dd1524c14" testListId="8c84fa94-04c1-424b-9868-57a2d4851a1d" />
    <TestEntry testId="3638f16d-ec7b-19f3-39c7-c4b79b7f1212" executionId="c3861acd-0dde-425e-add5-d08f89cb5a0c" testListId="8c84fa94-04c1-424b-9868-57a2d4851a1d" />
    <TestEntry testId="465822e1-3dfb-b4f9-7a1c-eaadf5be5c10" executionId="8c3a509b-3c9d-4aac-94b0-ac4f57e21db1" testListId="8c84fa94-04c1-424b-9868-57a2d4851a1d" />
    <TestEntry testId="0e82ef00-9678-0855-062e-421292b832a9" executionId="2bb6cf92-1d82-4a2d-90e7-3e56a7c1116c" testListId="8c84fa94-04c1-424b-9868-57a2d4851a1d" />
    <TestEntry testId="e5b060c5-66ff-9bf7-42a1-23cec33ce2da" executionId="7fbe31af-5ab4-4e12-90b8-6fb4a660f75a" testListId="8c84fa94-04c1-424b-9868-57a2d4851a1d" />
    <TestEntry testId="96324546-0b4c-657a-38bf-87cae044038f" executionId="655301e3-7166-4c42-941c-ebdb91e0b1b6" testListId="8c84fa94-04c1-424b-9868-57a2d4851a1d" />
    <TestEntry testId="444961b3-2c6d-e8bc-d1ef-fa18eda762da" executionId="df67f451-18bf-4d95-8d2e-134afca6e056" testListId="8c84fa94-04c1-424b-9868-57a2d4851a1d" />
    <TestEntry testId="02390621-47f6-7eae-b639-73bf5ccfbf0d" executionId="96cd9753-f62f-4707-aa16-0755c5cdf7df" testListId="8c84fa94-04c1-424b-9868-57a2d4851a1d" />
    <TestEntry testId="4e16dc8e-dcc7-043a-dff8-4c0f731bc698" executionId="b13fa54a-5f94-43e1-96da-08c9138c68da" testListId="8c84fa94-04c1-424b-9868-57a2d4851a1d" />
    <TestEntry testId="dc3366cd-f140-f2aa-a8b4-dcdc0fcb6960" executionId="45b01e2d-5561-4baa-b5a7-318ce95066fe" testListId="8c84fa94-04c1-424b-9868-57a2d4851a1d" />
    <TestEntry testId="34e91c7f-8b58-2310-9fbf-5980191d33cb" executionId="c5a6199f-48e2-4098-b90c-6a659cb63507" testListId="8c84fa94-04c1-424b-9868-57a2d4851a1d" />
    <TestEntry testId="7395c2d5-dbf5-675f-dcc3-5b1269890c18" executionId="0ab1229c-bc9a-44fc-83d7-867d596e050b" testListId="8c84fa94-04c1-424b-9868-57a2d4851a1d" />
    <TestEntry testId="77349aaa-1753-779f-55d6-ede529593f51" executionId="f6573de9-f08f-4709-9bfe-74d5cada8d7b" testListId="8c84fa94-04c1-424b-9868-57a2d4851a1d" />
    <TestEntry testId="0a4e1810-0bf7-19b5-6dfd-536b16e6da89" executionId="0ccdab69-67fc-4ec0-abb1-40b50ef6ddaa" testListId="8c84fa94-04c1-424b-9868-57a2d4851a1d" />
    <TestEntry testId="45f2e750-b21c-b90a-09cf-d05d0a4953f0" executionId="5b134518-34cd-4c96-b2ec-6229ee5537be" testListId="8c84fa94-04c1-424b-9868-57a2d4851a1d" />
    <TestEntry testId="6849cfb4-3363-071d-8910-aa2cbb6a33f2" executionId="f1e710fa-d1f5-4940-ad48-eee690e89f08" testListId="8c84fa94-04c1-424b-9868-57a2d4851a1d" />
    <TestEntry testId="8d8dc28c-9c06-eab3-d1c9-135b98593f8f" executionId="017007e3-e143-46bc-b465-c6b84e11be6a" testListId="8c84fa94-04c1-424b-9868-57a2d4851a1d" />
    <TestEntry testId="ed7bdbc4-8e0d-b459-05e1-5ea6a55b5e1d" executionId="15c74b94-4c9f-4f11-b2e0-5aa52555ed26" testListId="8c84fa94-04c1-424b-9868-57a2d4851a1d" />
    <TestEntry testId="1169cd94-c0e7-0844-b786-b04448fa3759" executionId="68101705-814c-45ba-9724-f16914f8ed6d" testListId="8c84fa94-04c1-424b-9868-57a2d4851a1d" />
    <TestEntry testId="7e62a782-392b-a478-cebd-8214101a20c5" executionId="deab9619-ec0e-4aff-8d07-450ccba6b3d2" testListId="8c84fa94-04c1-424b-9868-57a2d4851a1d" />
    <TestEntry testId="d92550b1-0ca2-1c5e-d0ad-b298d5786c0c" executionId="27c8f083-1976-47a1-94c1-8318457250c0" testListId="8c84fa94-04c1-424b-9868-57a2d4851a1d" />
    <TestEntry testId="ace97d1e-bb36-4bd8-cb57-74305f304697" executionId="4aa71347-9a54-41d1-9a09-d3c0582c16dd" testListId="8c84fa94-04c1-424b-9868-57a2d4851a1d" />
    <TestEntry testId="9bd2e220-c72e-961a-c9c4-81740a2596fd" executionId="4eb8fe06-b158-45df-aabc-b1b1cbff997e" testListId="8c84fa94-04c1-424b-9868-57a2d4851a1d" />
    <TestEntry testId="49bd07ab-c8c8-3778-5ebb-ff4ba300a01f" executionId="0e1c6151-04e2-44b4-b727-d1ab2666840a" testListId="8c84fa94-04c1-424b-9868-57a2d4851a1d" />
    <TestEntry testId="e198fe80-7158-dfe3-2784-6c9576c401c3" executionId="2670b975-5eb6-403b-86be-9d881e738a7c" testListId="8c84fa94-04c1-424b-9868-57a2d4851a1d" />
    <TestEntry testId="04bfe952-fb94-f9d3-6611-10bdb76d4645" executionId="76d9e1e5-6c88-4b9d-b3b5-d1a158661621" testListId="8c84fa94-04c1-424b-9868-57a2d4851a1d" />
    <TestEntry testId="c7b98515-873e-4c51-15e6-b7d069e96c30" executionId="a0f97553-e6a1-4aa4-a49d-1d545f6ff230" testListId="8c84fa94-04c1-424b-9868-57a2d4851a1d" />
    <TestEntry testId="f3280c23-027a-ad8f-0c3d-66466293ec0e" executionId="11556134-0b2a-4671-970f-4fac59a64327" testListId="8c84fa94-04c1-424b-9868-57a2d4851a1d" />
    <TestEntry testId="c366ff22-21b6-eacd-2440-193eee8a9102" executionId="8a5c1f66-8585-4082-82ea-974f103fd7cd" testListId="8c84fa94-04c1-424b-9868-57a2d4851a1d" />
    <TestEntry testId="96bd3bc6-f493-dcc9-71ea-289a724d3fe0" executionId="16fb9da2-6e67-416f-b05a-3c8afc6dd3ca" testListId="8c84fa94-04c1-424b-9868-57a2d4851a1d" />
    <TestEntry testId="d2bc2e0b-f0b1-50b0-b03d-d0f5cf78c923" executionId="108a39f7-a413-4147-a442-b12c414e24a6" testListId="8c84fa94-04c1-424b-9868-57a2d4851a1d" />
    <TestEntry testId="a1f4fcbc-e816-b8de-1560-7c097c5babe2" executionId="16953f76-18ef-4ed4-ad7e-0ffa54ffaa25" testListId="8c84fa94-04c1-424b-9868-57a2d4851a1d" />
    <TestEntry testId="889dff0c-cda9-e59a-b47f-c5ea36b2b1ce" executionId="bf4291aa-8dc2-42d2-a83e-60f05168b498" testListId="8c84fa94-04c1-424b-9868-57a2d4851a1d" />
    <TestEntry testId="baa5793b-4d8d-4949-34e9-a10290558d9c" executionId="ded84f9f-4a03-497a-82e9-9fd1dcff3ed0" testListId="8c84fa94-04c1-424b-9868-57a2d4851a1d" />
    <TestEntry testId="017b9ccd-ff1b-0643-3dd1-e788df54300a" executionId="45ecdc79-941e-46a7-a2c6-94e249d2364a" testListId="8c84fa94-04c1-424b-9868-57a2d4851a1d" />
    <TestEntry testId="eacf0f88-eeb6-33b8-0e5b-d752d937e9a4" executionId="1a66e53e-9a2d-4dc4-b500-94b9e3fde7bb" testListId="8c84fa94-04c1-424b-9868-57a2d4851a1d" />
    <TestEntry testId="8f88247e-66be-e104-f96e-bdc2018f97ab" executionId="bfbe74f1-1cae-4d4d-b5de-08b2b77ddfd7" testListId="8c84fa94-04c1-424b-9868-57a2d4851a1d" />
    <TestEntry testId="045e6a50-629f-2e28-9672-b26a2baab094" executionId="fa645cb1-cbb9-4103-bf54-8a097b393e5a" testListId="8c84fa94-04c1-424b-9868-57a2d4851a1d" />
    <TestEntry testId="21170c22-35bc-f34b-f68d-39e80a76a48e" executionId="a5cff7ad-5bc1-4efe-8199-07e5b2d807e8" testListId="8c84fa94-04c1-424b-9868-57a2d4851a1d" />
    <TestEntry testId="50a79d9a-729d-94c5-3c94-9cda87bc27c6" executionId="515f1943-9bdc-4ddd-9f42-f661590a7f92" testListId="8c84fa94-04c1-424b-9868-57a2d4851a1d" />
    <TestEntry testId="3502e061-f81d-d8fe-3328-cce0a12c38fe" executionId="e88fb1c6-72e7-418d-bdb5-9937d714f894" testListId="8c84fa94-04c1-424b-9868-57a2d4851a1d" />
    <TestEntry testId="060cf423-72e3-14b7-68ce-860f034fbcb7" executionId="65d5cdc3-1a53-4929-a168-277b31b521af" testListId="8c84fa94-04c1-424b-9868-57a2d4851a1d" />
    <TestEntry testId="a373e96e-b62c-eb77-19ec-ac8fabf309f6" executionId="c0962fe0-f40f-4254-b8ed-82dbe0e485e9" testListId="8c84fa94-04c1-424b-9868-57a2d4851a1d" />
    <TestEntry testId="8c3e9572-a4e0-399c-9fe0-0f0550b315b9" executionId="5c84b01a-1a21-4f69-8765-f7da666042fc" testListId="8c84fa94-04c1-424b-9868-57a2d4851a1d" />
    <TestEntry testId="430204c9-0521-a730-6d2e-f3540ef7fdc4" executionId="eabc9fb7-d6e8-4519-b49e-bb399cb17f6c" testListId="8c84fa94-04c1-424b-9868-57a2d4851a1d" />
    <TestEntry testId="5206b762-cc18-3e6b-af1c-3dc696e6473a" executionId="e20d0913-f989-4d1b-a10a-2af18661910c" testListId="8c84fa94-04c1-424b-9868-57a2d4851a1d" />
    <TestEntry testId="5df95f92-d822-2ac4-88f5-db2748997ad7" executionId="47e1c661-7364-4a41-9d40-387df3964dbf" testListId="8c84fa94-04c1-424b-9868-57a2d4851a1d" />
    <TestEntry testId="e207733b-4e5c-1b59-c14b-c82e9bb1f146" executionId="e6425d1f-e474-41e7-bccc-c03ca59e3f23" testListId="8c84fa94-04c1-424b-9868-57a2d4851a1d" />
    <TestEntry testId="ed219a79-dfe4-17e2-f88b-1555e253229f" executionId="9a9c586a-f8d0-44a6-a9c8-c152ea17a727" testListId="8c84fa94-04c1-424b-9868-57a2d4851a1d" />
    <TestEntry testId="1c182ae5-f201-71c5-46a6-ed4c74bfea6d" executionId="57457508-60c5-4c3c-a65c-1abd2fc7428e" testListId="8c84fa94-04c1-424b-9868-57a2d4851a1d" />
    <TestEntry testId="9bc58c4f-cbc4-efed-8f90-e6abb762f55f" executionId="b42b571e-c6bb-466e-be86-8eab4c8169d3" testListId="8c84fa94-04c1-424b-9868-57a2d4851a1d" />
    <TestEntry testId="27b0f2a2-b48b-3ccb-d1da-68ddd4669ec1" executionId="3d09e759-a790-471a-a962-54279aa45730" testListId="8c84fa94-04c1-424b-9868-57a2d4851a1d" />
    <TestEntry testId="73304184-e608-ecdd-9533-712d61466eb6" executionId="9ac66427-c825-47a0-bb7a-404c0d1ff010" testListId="8c84fa94-04c1-424b-9868-57a2d4851a1d" />
  </TestEntries>
  <TestLists>
    <TestList name="Results Not in a List" id="8c84fa94-04c1-424b-9868-57a2d4851a1d" />
    <TestList name="All Loaded Results" id="19431567-8539-422a-85d7-44ee4e166bda" />
  </TestLists>
  <ResultSummary outcome="Completed">
    <Counters total="56" executed="51" passed="51" failed="0" error="0" timeout="0" aborted="0" inconclusive="0" passedButRunAborted="0" notRunnable="0" notExecuted="0" disconnected="0" warning="0" completed="0" inProgress="0" pending="0" />
    <Output>
      <StdOut>[xUnit.net 00:00:00.00] xUnit.net VSTest Adapter v2.8.2+699d445a1a (64-bit .NET 10.0.0)
[xUnit.net 00:00:00.28]   Discovering: Slopterm.Tests
[xUnit.net 00:00:00.53]   Discovered:  Slopterm.Tests
[xUnit.net 00:00:00.54]   Starting:    Slopterm.Tests
[xUnit.net 00:00:05.90]       SLOPTERM_WEBDAV_URL not set
[xUnit.net 00:00:05.90]       SLOPTERM_WEBDAV_URL not set
Test 'Slopterm.Tests.WebDavRemoteTests.RoundTripsRecordsThroughEveryVerbTheSyncLoopUses' was skipped in the test run.
Test 'Slopterm.Tests.WebDavRemoteTests.ReportsPreconditionFailuresRatherThanThrowing' was skipped in the test run.
[xUnit.net 00:00:40.47]       SLOPTERM_WEBDAV_URL not set
[xUnit.net 00:00:40.48]       SLOPTERM_WEBDAV_URL not set
[xUnit.net 00:00:40.48]       SLOPTERM_WEBDAV_URL not set
Test 'Slopterm.Tests.WebDavIntegrationTests.TheServerOnlyEverHoldsCiphertext' was skipped in the test run.
Test 'Slopterm.Tests.WebDavIntegrationTests.ConcurrentEditsKeepBothSidesThroughARealServer' was skipped in the test run.
Test 'Slopterm.Tests.WebDavIntegrationTests.TwoDevicesConvergeThroughARealServer' was skipped in the test run.
[xUnit.net 00:00:40.51]   Finished:    Slopterm.Tests
</StdOut>
    </Output>
    <RunInfos>
      <RunInfo computerName="e48a8263a08a" outcome="Warning" timestamp="2026-08-03T17:48:29.8687558+00:00">
        <Text>[xUnit.net 00:00:05.89]     Slopterm.Tests.WebDavRemoteTests.RoundTripsRecordsThroughEveryVerbTheSyncLoopUses [SKIP]</Text>
      </RunInfo>
      <RunInfo computerName="e48a8263a08a" outcome="Warning" timestamp="2026-08-03T17:48:29.8698053+00:00">
        <Text>[xUnit.net 00:00:05.90]     Slopterm.Tests.WebDavRemoteTests.ReportsPreconditionFailuresRatherThanThrowing [SKIP]</Text>
      </RunInfo>
      <RunInfo computerName="e48a8263a08a" outcome="Warning" timestamp="2026-08-03T17:49:04.4478966+00:00">
        <Text>[xUnit.net 00:00:40.47]     Slopterm.Tests.WebDavIntegrationTests.TheServerOnlyEverHoldsCiphertext [SKIP]</Text>
      </RunInfo>
      <RunInfo computerName="e48a8263a08a" outcome="Warning" timestamp="2026-08-03T17:49:04.4499676+00:00">
        <Text>[xUnit.net 00:00:40.48]     Slopterm.Tests.WebDavIntegrationTests.ConcurrentEditsKeepBothSidesThroughARealServer [SKIP]</Text>
      </RunInfo>
      <RunInfo computerName="e48a8263a08a" outcome="Warning" timestamp="2026-08-03T17:49:04.4551649+00:00">
        <Text>[xUnit.net 00:00:40.48]     Slopterm.Tests.WebDavIntegrationTests.TwoDevicesConvergeThroughARealServer [SKIP]</Text>
      </RunInfo>
    </RunInfos>
  </ResultSummary>
</TestRun>