<?xml version="1.0" encoding="utf-8"?>
<TestRun id="355a3c60-d64e-4d1c-a974-98a5e6cb9a67" name="@e48a8263a08a 2026-08-03 17:50:01" xmlns="http://microsoft.com/schemas/VisualStudio/TeamTest/2010">
  <Times creation="2026-08-03T17:50:01.0807328+00:00" queuing="2026-08-03T17:50:01.0807330+00:00" start="2026-08-03T17:49:59.2704934+00:00" finish="2026-08-03T17:50:39.9048447+00:00" />
  <TestSettings name="default" id="a32f280b-09fa-4349-ad2d-4186a0bd7d35">
    <Deployment runDeploymentRoot="_e48a8263a08a_2026-08-03_17_50_01" />
  </TestSettings>
  <Results>
    <UnitTestResult executionId="20de29f9-5395-42dd-83fb-d1285fb2161c" testId="5206b762-cc18-3e6b-af1c-3dc696e6473a" testName="Slopterm.Tests.CollectionShareCodecTests.RefusesAPassphraseWrappedTokenWithoutOrWithTheWrongPassphrase" computerName="e48a8263a08a" duration="00:00:01.6236833" startTime="2026-08-03T17:50:38.4818697+00:00" endTime="2026-08-03T17:50:38.4818699+00:00" testType="13cdc9d9-ddb5-4fa4-a97d-d965ccfc6d4b" outcome="Passed" testListId="8c84fa94-04c1-424b-9868-57a2d4851a1d" relativeResultsDirectory="20de29f9-5395-42dd-83fb-d1285fb2161c" />
    <UnitTestResult executionId="4aa89bb2-1b60-420e-bb4e-c7854f210feb" testId="017b9ccd-ff1b-0643-3dd1-e788df54300a" testName="Slopterm.Tests.CollectionShareCodecTests.RejectsAnythingThatIsntOneOfItsTokens(token: &quot;slopterm:collection:v1:!!!!&quot;)" computerName="e48a8263a08a" duration="00:00:00.0007444" startTime="2026-08-03T17:50:36.8477250+00:00" endTime="2026-08-03T17:50:36.8477252+00:00" testType="13cdc9d9-ddb5-4fa4-a97d-d965ccfc6d4b" outcome="Passed" testListId="8c84fa94-04c1-424b-9868-57a2d4851a1d" relativeResultsDirectory="4aa89bb2-1b60-420e-bb4e-c7854f210feb" />
    <UnitTestResult executionId="d35b3391-d398-4831-8300-824324c7eb76" testId="73304184-e608-ecdd-9533-712d61466eb6" testName="Slopterm.Tests.VaultSyncServiceTests.BothSidesEditingKeepsTheLoserAsAConflictCopy" computerName="e48a8263a08a" duration="00:00:01.3397256" startTime="2026-08-03T17:50:35.4770301+00:00" endTime="2026-08-03T17:50:35.4770304+00:00" testType="13cdc9d9-ddb5-4fa4-a97d-d965ccfc6d4b" outcome="Passed" testListId="8c84fa94-04c1-424b-9868-57a2d4851a1d" relativeResultsDirectory="d35b3391-d398-4831-8300-824324c7eb76" />
    <UnitTestResult executionId="e66d4e5d-c2e5-4ce8-8ce9-283eb372e056" testId="0e82ef00-9678-0855-062e-421292b832a9" testName="Slopterm.Tests.CollectionCryptoTests.EncryptingTwiceNeverProducesTheSameBytes" computerName="e48a8263a08a" duration="00:00:00.0002933" startTime="2026-08-03T17:50:00.7224442+00:00" endTime="2026-08-03T17:50:00.7224444+00:00" testType="13cdc9d9-ddb5-4fa4-a97d-d965ccfc6d4b" outcome="Passed" testListId="8c84fa94-04c1-424b-9868-57a2d4851a1d" relativeResultsDirectory="e66d4e5d-c2e5-4ce8-8ce9-283eb372e056" />
    <UnitTestResult executionId="d8d9c0c6-924f-4354-9c79-54947275583f" testId="04bfe952-fb94-f9d3-6611-10bdb76d4645" testName="Slopterm.Tests.VaultSyncServiceTests.AnEditAfterADeleteWinsOverTheTombstone" computerName="e48a8263a08a" duration="00:00:01.4580252" startTime="2026-08-03T17:50:17.7618390+00:00" endTime="2026-08-03T17:50:17.7618395+00:00" testType="13cdc9d9-ddb5-4fa4-a97d-d965ccfc6d4b" outcome="Passed" testListId="8c84fa94-04c1-424b-9868-57a2d4851a1d" relativeResultsDirectory="d8d9c0c6-924f-4354-9c79-54947275583f" />
    <UnitTestResult executionId="a07820b5-8eb0-476a-be24-963c97bd1e2c" testId="a1f4fcbc-e816-b8de-1560-7c097c5babe2" testName="Slopterm.Tests.HybridLogicalClockTests.ParsesAnythingUnusableAsTheEpoch(value: &quot;garbage&quot;)" computerName="e48a8263a08a" duration="00:00:00.0002936" startTime="2026-08-03T17:50:39.7127264+00:00" endTime="2026-08-03T17:50:39.7127266+00:00" testType="13cdc9d9-ddb5-4fa4-a97d-d965ccfc6d4b" outcome="Passed" testListId="8c84fa94-04c1-424b-9868-57a2d4851a1d" relativeResultsDirectory="a07820b5-8eb0-476a-be24-963c97bd1e2c" />
    <UnitTestResult executionId="835f77c3-83fb-4376-b1d5-f65da7cde316" testId="f3280c23-027a-ad8f-0c3d-66466293ec0e" testName="Slopterm.Tests.CollectionShareCodecTests.RejectsAnythingThatIsntOneOfItsTokens(token: &quot;slopterm:collection:v1:&quot;)" computerName="e48a8263a08a" duration="00:00:00.0000471" startTime="2026-08-03T17:50:36.8480092+00:00" endTime="2026-08-03T17:50:36.8480093+00:00" testType="13cdc9d9-ddb5-4fa4-a97d-d965ccfc6d4b" outcome="Passed" testListId="8c84fa94-04c1-424b-9868-57a2d4851a1d" relativeResultsDirectory="835f77c3-83fb-4376-b1d5-f65da7cde316" />
    <UnitTestResult executionId="c3e60517-08ac-40cd-9150-a2bbbffe543c" testId="dee05ed0-16b7-2bf7-c3d9-eef784c5f1d8" testName="Slopterm.Tests.CollectionCryptoTests.KeyFingerprintIsStableDistinctAndReadable" computerName="e48a8263a08a" duration="00:00:00.0172374" startTime="2026-08-03T17:50:00.7207780+00:00" endTime="2026-08-03T17:50:00.7207782+00:00" testType="13cdc9d9-ddb5-4fa4-a97d-d965ccfc6d4b" outcome="Passed" testListId="8c84fa94-04c1-424b-9868-57a2d4851a1d" relativeResultsDirectory="c3e60517-08ac-40cd-9150-a2bbbffe543c" />
    <UnitTestResult executionId="077a6e00-bf84-4f39-abf7-b93dd84942ee" testId="9bc58c4f-cbc4-efed-8f90-e6abb762f55f" testName="Slopterm.Tests.CredentialResolverTests.TheSameNameResolvesToADifferentLocalKeyOnEachDevice" computerName="e48a8263a08a" duration="00:00:01.5756747" startTime="2026-08-03T17:50:05.1906747+00:00" endTime="2026-08-03T17:50:05.1906749+00:00" testType="13cdc9d9-ddb5-4fa4-a97d-d965ccfc6d4b" outcome="Passed" testListId="8c84fa94-04c1-424b-9868-57a2d4851a1d" relativeResultsDirectory="077a6e00-bf84-4f39-abf7-b93dd84942ee" />
    <UnitTestResult executionId="2050396d-4cbf-4d3f-8c0c-d7a1d8be8c65" testId="21170c22-35bc-f34b-f68d-39e80a76a48e" testName="Slopterm.Tests.HybridLogicalClockTests.ParsesAnythingUnusableAsTheEpoch(value: null)" computerName="e48a8263a08a" duration="00:00:00.0003240" startTime="2026-08-03T17:50:39.7110045+00:00" endTime="2026-08-03T17:50:39.7110046+00:00" testType="13cdc9d9-ddb5-4fa4-a97d-d965ccfc6d4b" outcome="Passed" testListId="8c84fa94-04c1-424b-9868-57a2d4851a1d" relativeResultsDirectory="2050396d-4cbf-4d3f-8c0c-d7a1d8be8c65" />
    <UnitTestResult executionId="3e85b0a4-ab76-4aa8-9d90-ef2efdbbd586" testId="45f2e750-b21c-b90a-09cf-d05d0a4953f0" testName="Slopterm.Tests.VaultSyncServiceTests.LeavingKeepsTheRecordsLocallyByDefault" computerName="e48a8263a08a" duration="00:00:01.4420620" startTime="2026-08-03T17:50:26.0581252+00:00" endTime="2026-08-03T17:50:26.0581255+00:00" testType="13cdc9d9-ddb5-4fa4-a97d-d965ccfc6d4b" outcome="Passed" testListId="8c84fa94-04c1-424b-9868-57a2d4851a1d" relativeResultsDirectory="3e85b0a4-ab76-4aa8-9d90-ef2efdbbd586" />
    <UnitTestResult executionId="a9613d08-4cb3-4753-a600-a5e5e3cc2d18" testId="96bd3bc6-f493-dcc9-71ea-289a724d3fe0" testName="Slopterm.Tests.CredentialResolverTests.DescribeNeverCarriesTheSecret" computerName="e48a8263a08a" duration="00:00:02.8250977" startTime="2026-08-03T17:50:03.6146046+00:00" endTime="2026-08-03T17:50:03.6146049+00:00" testType="13cdc9d9-ddb5-4fa4-a97d-d965ccfc6d4b" outcome="Passed" testListId="8c84fa94-04c1-424b-9868-57a2d4851a1d" relativeResultsDirectory="a9613d08-4cb3-4753-a600-a5e5e3cc2d18" />
    <UnitTestResult executionId="2f9c2143-9d72-4057-a999-dd8a5658367c" testId="6849cfb4-3363-071d-8910-aa2cbb6a33f2" testName="Slopterm.Tests.HybridLogicalClockTests.OrdersByPhysicalThenCounterThenNode" computerName="e48a8263a08a" duration="00:00:00.0002503" startTime="2026-08-03T17:50:39.7104891+00:00" endTime="2026-08-03T17:50:39.7104892+00:00" testType="13cdc9d9-ddb5-4fa4-a97d-d965ccfc6d4b" outcome="Passed" testListId="8c84fa94-04c1-424b-9868-57a2d4851a1d" relativeResultsDirectory="2f9c2143-9d72-4057-a999-dd8a5658367c" />
    <UnitTestResult executionId="a56e7057-48a1-4768-a453-fc654615ef19" testId="444961b3-2c6d-e8bc-d1ef-fa18eda762da" testName="Slopterm.Tests.HybridLogicalClockTests.NeverIssuesTheSameValueTwice" computerName="e48a8263a08a" duration="00:00:00.0110544" startTime="2026-08-03T17:50:39.7237571+00:00" endTime="2026-08-03T17:50:39.7237574+00:00" testType="13cdc9d9-ddb5-4fa4-a97d-d965ccfc6d4b" outcome="Passed" testListId="8c84fa94-04c1-424b-9868-57a2d4851a1d" relativeResultsDirectory="a56e7057-48a1-4768-a453-fc654615ef19" />
    <UnitTestResult executionId="3c135ef8-53d2-4529-80ce-d47d7f802570" testId="7395c2d5-dbf5-675f-dcc3-5b1269890c18" testName="Slopterm.Tests.HybridLogicalClockTests.ParsesAnythingUnusableAsTheEpoch(value: &quot;2026-07-30T12:00:00.123Z&quot;)" computerName="e48a8263a08a" duration="00:00:00.0000181" startTime="2026-08-03T17:50:39.7127750+00:00" endTime="2026-08-03T17:50:39.7127751+00:00" testType="13cdc9d9-ddb5-4fa4-a97d-d965ccfc6d4b" outcome="Passed" testListId="8c84fa94-04c1-424b-9868-57a2d4851a1d" relativeResultsDirectory="3c135ef8-53d2-4529-80ce-d47d7f802570" />
    <UnitTestResult executionId="60d47db9-6d02-44ab-af61-24e4db73d9cb" testId="ace97d1e-bb36-4bd8-cb57-74305f304697" testName="Slopterm.Tests.HybridLogicalClockTests.RoundTripsThroughItsSerializedForm" computerName="e48a8263a08a" duration="00:00:00.0048453" startTime="2026-08-03T17:50:39.7083800+00:00" endTime="2026-08-03T17:50:39.7083802+00:00" testType="13cdc9d9-ddb5-4fa4-a97d-d965ccfc6d4b" outcome="Passed" testListId="8c84fa94-04c1-424b-9868-57a2d4851a1d" relativeResultsDirectory="60d47db9-6d02-44ab-af61-24e4db73d9cb" />
    <UnitTestResult executionId="8cfc8139-d3e7-48fd-84a6-b4d6d4136a57" testId="e207733b-4e5c-1b59-c14b-c82e9bb1f146" testName="Slopterm.Tests.CredentialResolverTests.IgnoresCredentialKindsThatArentForConnecting" computerName="e48a8263a08a" duration="00:00:01.3917765" startTime="2026-08-03T17:50:15.0701571+00:00" endTime="2026-08-03T17:50:15.0701573+00:00" testType="13cdc9d9-ddb5-4fa4-a97d-d965ccfc6d4b" outcome="Passed" testListId="8c84fa94-04c1-424b-9868-57a2d4851a1d" relativeResultsDirectory="8cfc8139-d3e7-48fd-84a6-b4d6d4136a57" />
    <UnitTestResult executionId="4fca3206-925b-4a53-add1-98d23427c846" testId="7e62a782-392b-a478-cebd-8214101a20c5" testName="Slopterm.Tests.VaultSyncServiceTests.ADeleteOnOneDevicePropagatesAndStaysDeleted" computerName="e48a8263a08a" duration="00:00:01.3377774" startTime="2026-08-03T17:50:30.2059898+00:00" endTime="2026-08-03T17:50:30.2059902+00:00" testType="13cdc9d9-ddb5-4fa4-a97d-d965ccfc6d4b" outcome="Passed" testListId="8c84fa94-04c1-424b-9868-57a2d4851a1d" relativeResultsDirectory="4fca3206-925b-4a53-add1-98d23427c846" />
    <UnitTestResult executionId="b244f53e-16d5-4546-ac9d-5eb1a5d2bfaf" testId="27b0f2a2-b48b-3ccb-d1da-68ddd4669ec1" testName="Slopterm.Tests.WebDavIntegrationTests.TwoDevicesConvergeThroughARealServer" computerName="e48a8263a08a" duration="00:00:00.0010000" startTime="2026-08-03T17:50:36.8403059+00:00" endTime="2026-08-03T17:50:36.8403060+00:00" testType="13cdc9d9-ddb5-4fa4-a97d-d965ccfc6d4b" outcome="NotExecuted" testListId="8c84fa94-04c1-424b-9868-57a2d4851a1d" relativeResultsDirectory="b244f53e-16d5-4546-ac9d-5eb1a5d2bfaf">
      <Output>
        <ErrorInfo>
          <Message>SLOPTERM_WEBDAV_URL not set</Message>
        </ErrorInfo>
      </Output>
    </UnitTestResult>
    <UnitTestResult executionId="589c6b70-c904-4e09-8cb7-c9538ae95aa4" testId="ed7bdbc4-8e0d-b459-05e1-5ea6a55b5e1d" testName="Slopterm.Tests.CollectionCryptoTests.GeneratesADistinctKeyEveryTime" computerName="e48a8263a08a" duration="00:00:00.0166583" startTime="2026-08-03T17:50:00.6863896+00:00" endTime="2026-08-03T17:50:00.6864498+00:00" testType="13cdc9d9-ddb5-4fa4-a97d-d965ccfc6d4b" outcome="Passed" testListId="8c84fa94-04c1-424b-9868-57a2d4851a1d" relativeResultsDirectory="589c6b70-c904-4e09-8cb7-c9538ae95aa4" />
    <UnitTestResult executionId="d80abbb8-4444-45b3-a675-db4c87ba4d25" testId="a373e96e-b62c-eb77-19ec-ac8fabf309f6" testName="Slopterm.Tests.VaultSyncServiceTests.RetriesAWriteThatLostAPreconditionRace" computerName="e48a8263a08a" duration="00:00:01.3359035" startTime="2026-08-03T17:50:31.5433177+00:00" endTime="2026-08-03T17:50:31.5433181+00:00" testType="13cdc9d9-ddb5-4fa4-a97d-d965ccfc6d4b" outcome="Passed" testListId="8c84fa94-04c1-424b-9868-57a2d4851a1d" relativeResultsDirectory="d80abbb8-4444-45b3-a675-db4c87ba4d25" />
    <UnitTestResult executionId="bac3d17c-c12d-4645-8a64-ac33aa3e22ac" testId="d92550b1-0ca2-1c5e-d0ad-b298d5786c0c" testName="Slopterm.Tests.CollectionShareCodecTests.UnwrappedTokensDontClaimToNeedAPassphrase" computerName="e48a8263a08a" duration="00:00:00.0004545" startTime="2026-08-03T17:50:38.4865107+00:00" endTime="2026-08-03T17:50:38.4865109+00:00" testType="13cdc9d9-ddb5-4fa4-a97d-d965ccfc6d4b" outcome="Passed" testListId="8c84fa94-04c1-424b-9868-57a2d4851a1d" relativeResultsDirectory="bac3d17c-c12d-4645-8a64-ac33aa3e22ac" />
    <UnitTestResult executionId="4ccabcec-aa0e-423a-aca7-306b987caefd" testId="dc3366cd-f140-f2aa-a8b4-dcdc0fcb6960" testName="Slopterm.Tests.VaultSyncServiceTests.NothingReadableLeavesTheDevice" computerName="e48a8263a08a" duration="00:00:01.3457888" startTime="2026-08-03T17:50:36.8317517+00:00" endTime="2026-08-03T17:50:36.8317519+00:00" testType="13cdc9d9-ddb5-4fa4-a97d-d965ccfc6d4b" outcome="Passed" testListId="8c84fa94-04c1-424b-9868-57a2d4851a1d" relativeResultsDirectory="4ccabcec-aa0e-423a-aca7-306b987caefd" />
    <UnitTestResult executionId="aeee845d-6abd-4501-b96f-03ace3b4e1a3" testId="80e9bea8-0cd1-e930-6c99-7f1fea9cef6a" testName="Slopterm.Tests.VaultSyncServiceTests.ReportsAReadOnlyShareAsSuchRatherThanAsAGenericFailure" computerName="e48a8263a08a" duration="00:00:01.2365895" startTime="2026-08-03T17:50:34.1366445+00:00" endTime="2026-08-03T17:50:34.1366448+00:00" testType="13cdc9d9-ddb5-4fa4-a97d-d965ccfc6d4b" outcome="Passed" testListId="8c84fa94-04c1-424b-9868-57a2d4851a1d" relativeResultsDirectory="aeee845d-6abd-4501-b96f-03ace3b4e1a3" />
    <UnitTestResult executionId="9a375a9b-02f4-410d-92a4-cbf9296c1b1c" testId="5df95f92-d822-2ac4-88f5-db2748997ad7" testName="Slopterm.Tests.CollectionCryptoTests.GeneratesADistinctCollectionIdEveryTime" computerName="e48a8263a08a" duration="00:00:00.0011909" startTime="2026-08-03T17:50:00.7225935+00:00" endTime="2026-08-03T17:50:00.7225937+00:00" testType="13cdc9d9-ddb5-4fa4-a97d-d965ccfc6d4b" outcome="Passed" testListId="8c84fa94-04c1-424b-9868-57a2d4851a1d" relativeResultsDirectory="9a375a9b-02f4-410d-92a4-cbf9296c1b1c" />
    <UnitTestResult executionId="f7fb28aa-3da0-4ce4-b443-13ee1ef7e503" testId="96324546-0b4c-657a-38bf-87cae044038f" testName="Slopterm.Tests.HybridLogicalClockTests.ParsesAnythingUnusableAsTheEpoch(value: &quot;&quot;)" computerName="e48a8263a08a" duration="00:00:00.0000144" startTime="2026-08-03T17:50:39.7128043+00:00" endTime="2026-08-03T17:50:39.7128044+00:00" testType="13cdc9d9-ddb5-4fa4-a97d-d965ccfc6d4b" outcome="Passed" testListId="8c84fa94-04c1-424b-9868-57a2d4851a1d" relativeResultsDirectory="f7fb28aa-3da0-4ce4-b443-13ee1ef7e503" />
    <UnitTestResult executionId="73226562-4537-4b68-aa11-429388af95e2" testId="0a4e1810-0bf7-19b5-6dfd-536b16e6da89" testName="Slopterm.Tests.CollectionCryptoTests.RoundTripsARecordUnderTheCollectionKey" computerName="e48a8263a08a" duration="00:00:00.0029359" startTime="2026-08-03T17:50:00.7222761+00:00" endTime="2026-08-03T17:50:00.7222763+00:00" testType="13cdc9d9-ddb5-4fa4-a97d-d965ccfc6d4b" outcome="Passed" testListId="8c84fa94-04c1-424b-9868-57a2d4851a1d" relativeResultsDirectory="73226562-4537-4b68-aa11-429388af95e2" />
    <UnitTestResult executionId="e08a1367-3b1c-44d9-ba3c-92e6e53d975f" testId="c7b98515-873e-4c51-15e6-b7d069e96c30" testName="Slopterm.Tests.WebDavIntegrationTests.TheServerOnlyEverHoldsCiphertext" computerName="e48a8263a08a" duration="00:00:00.0010000" startTime="2026-08-03T17:50:36.8350911+00:00" endTime="2026-08-03T17:50:36.8350913+00:00" testType="13cdc9d9-ddb5-4fa4-a97d-d965ccfc6d4b" outcome="NotExecuted" testListId="8c84fa94-04c1-424b-9868-57a2d4851a1d" relativeResultsDirectory="e08a1367-3b1c-44d9-ba3c-92e6e53d975f">
      <Output>
        <ErrorInfo>
          <Message>SLOPTERM_WEBDAV_URL not set</Message>
        </ErrorInfo>
      </Output>
    </UnitTestResult>
    <UnitTestResult executionId="18753cc9-f0b8-4fd8-b85e-61683b505c3e" testId="045e6a50-629f-2e28-9672-b26a2baab094" testName="Slopterm.Tests.CredentialResolverTests.PassesInlineCredentialsStraightThrough" computerName="e48a8263a08a" duration="00:00:01.4534632" startTime="2026-08-03T17:50:11.1577322+00:00" endTime="2026-08-03T17:50:11.1577324+00:00" testType="13cdc9d9-ddb5-4fa4-a97d-d965ccfc6d4b" outcome="Passed" testListId="8c84fa94-04c1-424b-9868-57a2d4851a1d" relativeResultsDirectory="18753cc9-f0b8-4fd8-b85e-61683b505c3e" />
    <UnitTestResult executionId="e3234842-e86f-4b91-aee3-8b4710623603" testId="8d8dc28c-9c06-eab3-d1c9-135b98593f8f" testName="Slopterm.Tests.VaultSyncServiceTests.DevicesCanUseTheirOwnWebDavAccounts" computerName="e48a8263a08a" duration="00:00:01.3535580" startTime="2026-08-03T17:50:32.9012110+00:00" endTime="2026-08-03T17:50:32.9012113+00:00" testType="13cdc9d9-ddb5-4fa4-a97d-d965ccfc6d4b" outcome="Passed" testListId="8c84fa94-04c1-424b-9868-57a2d4851a1d" relativeResultsDirectory="e3234842-e86f-4b91-aee3-8b4710623603" />
    <UnitTestResult executionId="1d952141-c591-4d41-baf7-bc03f944c739" testId="465822e1-3dfb-b4f9-7a1c-eaadf5be5c10" testName="Slopterm.Tests.CollectionShareCodecTests.RoundTripsAnInvite" computerName="e48a8263a08a" duration="00:00:00.0017267" startTime="2026-08-03T17:50:36.8596682+00:00" endTime="2026-08-03T17:50:36.8596683+00:00" testType="13cdc9d9-ddb5-4fa4-a97d-d965ccfc6d4b" outcome="Passed" testListId="8c84fa94-04c1-424b-9868-57a2d4851a1d" relativeResultsDirectory="1d952141-c591-4d41-baf7-bc03f944c739" />
    <UnitTestResult executionId="1d9de3ca-2f6c-46c5-9890-590fc429b4dd" testId="8c3e9572-a4e0-399c-9fe0-0f0550b315b9" testName="Slopterm.Tests.CredentialResolverTests.SkipsAnUnresolvableCredentialForOneThatWorks" computerName="e48a8263a08a" duration="00:00:01.2211479" startTime="2026-08-03T17:50:13.6773413+00:00" endTime="2026-08-03T17:50:13.6773430+00:00" testType="13cdc9d9-ddb5-4fa4-a97d-d965ccfc6d4b" outcome="Passed" testListId="8c84fa94-04c1-424b-9868-57a2d4851a1d" relativeResultsDirectory="1d9de3ca-2f6c-46c5-9890-590fc429b4dd" />
    <UnitTestResult executionId="f788ab5f-7678-4796-86ef-057dbd73d5d1" testId="4e16dc8e-dcc7-043a-dff8-4c0f731bc698" testName="Slopterm.Tests.CollectionShareCodecTests.RejectsAnythingThatIsntOneOfItsTokens(token: &quot;slopterm:host:v1:abc&quot;)" computerName="e48a8263a08a" duration="00:00:00.0000519" startTime="2026-08-03T17:50:36.8592089+00:00" endTime="2026-08-03T17:50:36.8592091+00:00" testType="13cdc9d9-ddb5-4fa4-a97d-d965ccfc6d4b" outcome="Passed" testListId="8c84fa94-04c1-424b-9868-57a2d4851a1d" relativeResultsDirectory="f788ab5f-7678-4796-86ef-057dbd73d5d1" />
    <UnitTestResult executionId="3cc2f03e-4bf2-44dc-99c0-0e3480a6eec6" testId="8f88247e-66be-e104-f96e-bdc2018f97ab" testName="Slopterm.Tests.WebDavRemoteTests.RejectsAUrlThatIsntHttp" computerName="e48a8263a08a" duration="00:00:00.0035989" startTime="2026-08-03T17:50:00.7875735+00:00" endTime="2026-08-03T17:50:00.7875737+00:00" testType="13cdc9d9-ddb5-4fa4-a97d-d965ccfc6d4b" outcome="Passed" testListId="8c84fa94-04c1-424b-9868-57a2d4851a1d" relativeResultsDirectory="3cc2f03e-4bf2-44dc-99c0-0e3480a6eec6" />
    <UnitTestResult executionId="88501f17-e649-4601-a0b5-93e70addec76" testId="060cf423-72e3-14b7-68ce-860f034fbcb7" testName="Slopterm.Tests.HybridLogicalClockTests.StampsAfterAPeerEvenWhenThisClockIsBehind" computerName="e48a8263a08a" duration="00:00:00.0005975" startTime="2026-08-03T17:50:39.7091595+00:00" endTime="2026-08-03T17:50:39.7091597+00:00" testType="13cdc9d9-ddb5-4fa4-a97d-d965ccfc6d4b" outcome="Passed" testListId="8c84fa94-04c1-424b-9868-57a2d4851a1d" relativeResultsDirectory="88501f17-e649-4601-a0b5-93e70addec76" />
    <UnitTestResult executionId="1f491d80-2801-467d-9d88-e8ac6b6bfc7e" testId="1169cd94-c0e7-0844-b786-b04448fa3759" testName="Slopterm.Tests.VaultSyncServiceTests.ATieBetweenTwoDevicesResolvesTheSameWayOnBoth" computerName="e48a8263a08a" duration="00:00:02.0549989" startTime="2026-08-03T17:50:19.8250811+00:00" endTime="2026-08-03T17:50:19.8250814+00:00" testType="13cdc9d9-ddb5-4fa4-a97d-d965ccfc6d4b" outcome="Passed" testListId="8c84fa94-04c1-424b-9868-57a2d4851a1d" relativeResultsDirectory="1f491d80-2801-467d-9d88-e8ac6b6bfc7e" />
    <UnitTestResult executionId="8aacaa96-666c-42af-8bda-7648b4589d57" testId="02390621-47f6-7eae-b639-73bf5ccfbf0d" testName="Slopterm.Tests.WebDavRemoteTests.RoundTripsRecordsThroughEveryVerbTheSyncLoopUses" computerName="e48a8263a08a" duration="00:00:00.0010000" startTime="2026-08-03T17:50:00.7868102+00:00" endTime="2026-08-03T17:50:00.7868104+00:00" testType="13cdc9d9-ddb5-4fa4-a97d-d965ccfc6d4b" outcome="NotExecuted" testListId="8c84fa94-04c1-424b-9868-57a2d4851a1d" relativeResultsDirectory="8aacaa96-666c-42af-8bda-7648b4589d57">
      <Output>
        <ErrorInfo>
          <Message>SLOPTERM_WEBDAV_URL not set</Message>
        </ErrorInfo>
      </Output>
    </UnitTestResult>
    <UnitTestResult executionId="ce9db974-52ff-4240-898c-128300df2f1c" testId="430204c9-0521-a730-6d2e-f3540ef7fdc4" testName="Slopterm.Tests.CredentialResolverTests.FallsBackToTheHostsOwnCollection" computerName="e48a8263a08a" duration="00:00:01.6259330" startTime="2026-08-03T17:50:06.8168539+00:00" endTime="2026-08-03T17:50:06.8168540+00:00" testType="13cdc9d9-ddb5-4fa4-a97d-d965ccfc6d4b" outcome="Passed" testListId="8c84fa94-04c1-424b-9868-57a2d4851a1d" relativeResultsDirectory="ce9db974-52ff-4240-898c-128300df2f1c" />
    <UnitTestResult executionId="f95c0103-1eb5-468f-8828-9f97822c29e8" testId="e198fe80-7158-dfe3-2784-6c9576c401c3" testName="Slopterm.Tests.CollectionShareCodecTests.CarriesItsFormatInThePrefix" computerName="e48a8263a08a" duration="00:00:00.0038896" startTime="2026-08-03T17:50:38.4859564+00:00" endTime="2026-08-03T17:50:38.4859566+00:00" testType="13cdc9d9-ddb5-4fa4-a97d-d965ccfc6d4b" outcome="Passed" testListId="8c84fa94-04c1-424b-9868-57a2d4851a1d" relativeResultsDirectory="f95c0103-1eb5-468f-8828-9f97822c29e8" />
    <UnitTestResult executionId="232dbb2c-9125-4f8f-8c44-901bcc9a98c6" testId="baa5793b-4d8d-4949-34e9-a10290558d9c" testName="Slopterm.Tests.VaultSyncServiceTests.ARecordSavedOnOneDeviceReachesTheOther" computerName="e48a8263a08a" duration="00:00:01.3988186" startTime="2026-08-03T17:50:27.5069194+00:00" endTime="2026-08-03T17:50:27.5069197+00:00" testType="13cdc9d9-ddb5-4fa4-a97d-d965ccfc6d4b" outcome="Failed" testListId="8c84fa94-04c1-424b-9868-57a2d4851a1d" relativeResultsDirectory="232dbb2c-9125-4f8f-8c44-901bcc9a98c6">
      <Output>
        <ErrorInfo>
          <Message>Assert.Equal() Failure: Collections differ
                        ↓ (pos 0)
Expected: &lt;generated&gt;  ["prod-db"]
Actual:   List&lt;string&gt; []</Message>
          <StackTrace>   at Slopterm.Tests.VaultSyncServiceTests.ARecordSavedOnOneDeviceReachesTheOther() in /workspace/wt-webdav-sync/tests/VaultSyncServiceTests.cs:line 48
--- End of stack trace from previous location ---</StackTrace>
        </ErrorInfo>
      </Output>
    </UnitTestResult>
    <UnitTestResult executionId="e7380240-2fa6-43cd-b1e8-b6a2337e8022" testId="c366ff22-21b6-eacd-2440-193eee8a9102" testName="Slopterm.Tests.CredentialResolverTests.TheLocalCollectionBeatsTheHostsOwnCollection" computerName="e48a8263a08a" duration="00:00:01.3266065" startTime="2026-08-03T17:50:09.7041039+00:00" endTime="2026-08-03T17:50:09.7041041+00:00" testType="13cdc9d9-ddb5-4fa4-a97d-d965ccfc6d4b" outcome="Passed" testListId="8c84fa94-04c1-424b-9868-57a2d4851a1d" relativeResultsDirectory="e7380240-2fa6-43cd-b1e8-b6a2337e8022" />
    <UnitTestResult executionId="5b1d0e94-b3e1-447c-981c-f74ef8c5285c" testId="ffa15a08-53f5-f4ed-b590-9cc41b2148ac" testName="Slopterm.Tests.WebDavIntegrationTests.ConcurrentEditsKeepBothSidesThroughARealServer" computerName="e48a8263a08a" duration="00:00:00.0010000" startTime="2026-08-03T17:50:36.8400856+00:00" endTime="2026-08-03T17:50:36.8400857+00:00" testType="13cdc9d9-ddb5-4fa4-a97d-d965ccfc6d4b" outcome="NotExecuted" testListId="8c84fa94-04c1-424b-9868-57a2d4851a1d" relativeResultsDirectory="5b1d0e94-b3e1-447c-981c-f74ef8c5285c">
      <Output>
        <ErrorInfo>
          <Message>SLOPTERM_WEBDAV_URL not set</Message>
        </ErrorInfo>
      </Output>
    </UnitTestResult>
    <UnitTestResult executionId="802bd313-4c6d-4851-9505-5faad137c433" testId="50a79d9a-729d-94c5-3c94-9cda87bc27c6" testName="Slopterm.Tests.CollectionShareCodecTests.RejectsAnythingThatIsntOneOfItsTokens(token: &quot;hello&quot;)" computerName="e48a8263a08a" duration="00:00:00.0000812" startTime="2026-08-03T17:50:36.8479384+00:00" endTime="2026-08-03T17:50:36.8479388+00:00" testType="13cdc9d9-ddb5-4fa4-a97d-d965ccfc6d4b" outcome="Passed" testListId="8c84fa94-04c1-424b-9868-57a2d4851a1d" relativeResultsDirectory="802bd313-4c6d-4851-9505-5faad137c433" />
    <UnitTestResult executionId="dc92f1d0-3099-4452-8906-1770c330fc6a" testId="e5b060c5-66ff-9bf7-42a1-23cec33ce2da" testName="Slopterm.Tests.VaultSyncServiceTests.DoesntSyncAScopeTheCollectionDoesntCarry" computerName="e48a8263a08a" duration="00:00:01.4069447" startTime="2026-08-03T17:50:28.8669200+00:00" endTime="2026-08-03T17:50:28.8669202+00:00" testType="13cdc9d9-ddb5-4fa4-a97d-d965ccfc6d4b" outcome="Passed" testListId="8c84fa94-04c1-424b-9868-57a2d4851a1d" relativeResultsDirectory="dc92f1d0-3099-4452-8906-1770c330fc6a" />
    <UnitTestResult executionId="376a46e2-74cf-470b-939a-b501d2940f77" testId="9bd2e220-c72e-961a-c9c4-81740a2596fd" testName="Slopterm.Tests.VaultSyncServiceTests.AnEditOnOneDeviceOverwritesTheOlderCopyOnTheOther" computerName="e48a8263a08a" duration="00:00:01.3647147" startTime="2026-08-03T17:50:23.0885367+00:00" endTime="2026-08-03T17:50:23.0885371+00:00" testType="13cdc9d9-ddb5-4fa4-a97d-d965ccfc6d4b" outcome="Passed" testListId="8c84fa94-04c1-424b-9868-57a2d4851a1d" relativeResultsDirectory="376a46e2-74cf-470b-939a-b501d2940f77" />
    <UnitTestResult executionId="58c058e4-1dae-4a9d-9195-1d415c834a9a" testId="eacf0f88-eeb6-33b8-0e5b-d752d937e9a4" testName="Slopterm.Tests.WebDavRemoteTests.ReportsPreconditionFailuresRatherThanThrowing" computerName="e48a8263a08a" duration="00:00:00.0010000" startTime="2026-08-03T17:50:00.7874461+00:00" endTime="2026-08-03T17:50:00.7874463+00:00" testType="13cdc9d9-ddb5-4fa4-a97d-d965ccfc6d4b" outcome="NotExecuted" testListId="8c84fa94-04c1-424b-9868-57a2d4851a1d" relativeResultsDirectory="58c058e4-1dae-4a9d-9195-1d415c834a9a">
      <Output>
        <ErrorInfo>
          <Message>SLOPTERM_WEBDAV_URL not set</Message>
        </ErrorInfo>
      </Output>
    </UnitTestResult>
    <UnitTestResult executionId="9449d93c-911e-4505-81b1-b3c7e65a26ec" testId="42eef3d6-1a1b-bc2c-2bb9-eed7f9a6da87" testName="Slopterm.Tests.CredentialResolverTests.ReportsNoKeyOnThisDeviceRatherThanConnectingWithSomethingElse" computerName="e48a8263a08a" duration="00:00:01.5592394" startTime="2026-08-03T17:50:08.3764019+00:00" endTime="2026-08-03T17:50:08.3764021+00:00" testType="13cdc9d9-ddb5-4fa4-a97d-d965ccfc6d4b" outcome="Passed" testListId="8c84fa94-04c1-424b-9868-57a2d4851a1d" relativeResultsDirectory="9449d93c-911e-4505-81b1-b3c7e65a26ec" />
    <UnitTestResult executionId="dad44e62-eed2-4e9c-8bcb-88835f8112b7" testId="3502e061-f81d-d8fe-3328-cce0a12c38fe" testName="Slopterm.Tests.HybridLogicalClockTests.DoesntInheritABehindPeersCounter" computerName="e48a8263a08a" duration="00:00:00.0008873" startTime="2026-08-03T17:50:39.7101457+00:00" endTime="2026-08-03T17:50:39.7101459+00:00" testType="13cdc9d9-ddb5-4fa4-a97d-d965ccfc6d4b" outcome="Passed" testListId="8c84fa94-04c1-424b-9868-57a2d4851a1d" relativeResultsDirectory="dad44e62-eed2-4e9c-8bcb-88835f8112b7" />
    <UnitTestResult executionId="2b32c14a-129e-4108-bac3-ee308dbaf266" testId="1c182ae5-f201-71c5-46a6-ed4c74bfea6d" testName="Slopterm.Tests.CredentialResolverTests.FallsBackToAnyOtherCollectionThisDeviceHolds" computerName="e48a8263a08a" duration="00:00:01.2208824" startTime="2026-08-03T17:50:16.2906423+00:00" endTime="2026-08-03T17:50:16.2906426+00:00" testType="13cdc9d9-ddb5-4fa4-a97d-d965ccfc6d4b" outcome="Passed" testListId="8c84fa94-04c1-424b-9868-57a2d4851a1d" relativeResultsDirectory="2b32c14a-129e-4108-bac3-ee308dbaf266" />
    <UnitTestResult executionId="89dafb69-5313-4054-b575-2039af0b7df9" testId="34e91c7f-8b58-2310-9fbf-5980191d33cb" testName="Slopterm.Tests.VaultSyncServiceTests.TheLocalCollectionIsNeverListedAsSyncable" computerName="e48a8263a08a" duration="00:00:01.5554929" startTime="2026-08-03T17:50:24.6153191+00:00" endTime="2026-08-03T17:50:24.6153193+00:00" testType="13cdc9d9-ddb5-4fa4-a97d-d965ccfc6d4b" outcome="Passed" testListId="8c84fa94-04c1-424b-9868-57a2d4851a1d" relativeResultsDirectory="89dafb69-5313-4054-b575-2039af0b7df9" />
    <UnitTestResult executionId="8b22258d-09db-4c50-b3b5-c8788c0ea31a" testId="889dff0c-cda9-e59a-b47f-c5ea36b2b1ce" testName="Slopterm.Tests.CredentialResolverTests.MatchesNamesCaseInsensitively" computerName="e48a8263a08a" duration="00:00:01.2984252" startTime="2026-08-03T17:50:12.4567088+00:00" endTime="2026-08-03T17:50:12.4567090+00:00" testType="13cdc9d9-ddb5-4fa4-a97d-d965ccfc6d4b" outcome="Passed" testListId="8c84fa94-04c1-424b-9868-57a2d4851a1d" relativeResultsDirectory="8b22258d-09db-4c50-b3b5-c8788c0ea31a" />
    <UnitTestResult executionId="94a820ee-a34b-4e22-b37b-8fa90d71f3fb" testId="d2bc2e0b-f0b1-50b0-b03d-d0f5cf78c923" testName="Slopterm.Tests.CollectionShareCodecTests.RoundTripsAPassphraseWrappedToken" computerName="e48a8263a08a" duration="00:00:01.2126017" startTime="2026-08-03T17:50:39.6993421+00:00" endTime="2026-08-03T17:50:39.6993423+00:00" testType="13cdc9d9-ddb5-4fa4-a97d-d965ccfc6d4b" outcome="Passed" testListId="8c84fa94-04c1-424b-9868-57a2d4851a1d" relativeResultsDirectory="94a820ee-a34b-4e22-b37b-8fa90d71f3fb" />
    <UnitTestResult executionId="fc930ef1-e35a-4fec-8c9a-d163279725f5" testId="49bd07ab-c8c8-3778-5ebb-ff4ba300a01f" testName="Slopterm.Tests.CollectionCryptoTests.ADifferentKeyCannotReadTheRecord" computerName="e48a8263a08a" duration="00:00:00.0018116" startTime="2026-08-03T17:50:00.7223739+00:00" endTime="2026-08-03T17:50:00.7223740+00:00" testType="13cdc9d9-ddb5-4fa4-a97d-d965ccfc6d4b" outcome="Passed" testListId="8c84fa94-04c1-424b-9868-57a2d4851a1d" relativeResultsDirectory="fc930ef1-e35a-4fec-8c9a-d163279725f5" />
    <UnitTestResult executionId="dcf73bab-9b49-4c2d-930b-3676a8615df5" testId="ed219a79-dfe4-17e2-f88b-1555e253229f" testName="Slopterm.Tests.CollectionShareCodecTests.RoundTripsAWholeSyncConfiguration" computerName="e48a8263a08a" duration="00:00:00.0035506" startTime="2026-08-03T17:50:39.7029897+00:00" endTime="2026-08-03T17:50:39.7029899+00:00" testType="13cdc9d9-ddb5-4fa4-a97d-d965ccfc6d4b" outcome="Passed" testListId="8c84fa94-04c1-424b-9868-57a2d4851a1d" relativeResultsDirectory="dcf73bab-9b49-4c2d-930b-3676a8615df5" />
    <UnitTestResult executionId="e4eb413a-90a9-4e7b-9436-a4606dc4b793" testId="3638f16d-ec7b-19f3-39c7-c4b79b7f1212" testName="Slopterm.Tests.VaultSyncServiceTests.ASecondPassDoesntRefetchUnchangedRecords" computerName="e48a8263a08a" duration="00:00:01.8689493" startTime="2026-08-03T17:50:21.6940286+00:00" endTime="2026-08-03T17:50:21.6940289+00:00" testType="13cdc9d9-ddb5-4fa4-a97d-d965ccfc6d4b" outcome="Passed" testListId="8c84fa94-04c1-424b-9868-57a2d4851a1d" relativeResultsDirectory="e4eb413a-90a9-4e7b-9436-a4606dc4b793" />
    <UnitTestResult executionId="706890eb-87a2-48f6-b109-66293f67e8d6" testId="77349aaa-1753-779f-55d6-ede529593f51" testName="Slopterm.Tests.CollectionShareCodecTests.RejectsAnythingThatIsntOneOfItsTokens(token: &quot;&quot;)" computerName="e48a8263a08a" duration="00:00:00.0009356" startTime="2026-08-03T17:50:36.8477844+00:00" endTime="2026-08-03T17:50:36.8477845+00:00" testType="13cdc9d9-ddb5-4fa4-a97d-d965ccfc6d4b" outcome="Passed" testListId="8c84fa94-04c1-424b-9868-57a2d4851a1d" relativeResultsDirectory="706890eb-87a2-48f6-b109-66293f67e8d6" />
  </Results>
  <TestDefinitions>
    <UnitTest name="Slopterm.Tests.CollectionShareCodecTests.RoundTripsAWholeSyncConfiguration" storage="/workspace/wt-webdav-sync/tests/bin/debug/net10.0/slopterm.tests.dll" id="ed219a79-dfe4-17e2-f88b-1555e253229f">
      <Execution id="dcf73bab-9b49-4c2d-930b-3676a8615df5" />
      <TestMethod codeBase="/workspace/wt-webdav-sync/tests/bin/Debug/net10.0/Slopterm.Tests.dll" adapterTypeName="executor://xunit/VsTestRunner2/netcoreapp" className="Slopterm.Tests.CollectionShareCodecTests" name="RoundTripsAWholeSyncConfiguration" />
    </UnitTest>
    <UnitTest name="Slopterm.Tests.HybridLogicalClockTests.DoesntInheritABehindPeersCounter" storage="/workspace/wt-webdav-sync/tests/bin/debug/net10.0/slopterm.tests.dll" id="3502e061-f81d-d8fe-3328-cce0a12c38fe">
      <Execution id="dad44e62-eed2-4e9c-8bcb-88835f8112b7" />
      <TestMethod codeBase="/workspace/wt-webdav-sync/tests/bin/Debug/net10.0/Slopterm.Tests.dll" adapterTypeName="executor://xunit/VsTestRunner2/netcoreapp" className="Slopterm.Tests.HybridLogicalClockTests" name="DoesntInheritABehindPeersCounter" />
    </UnitTest>
    <UnitTest name="Slopterm.Tests.CollectionShareCodecTests.RejectsAnythingThatIsntOneOfItsTokens(token: &quot;slopterm:collection:v1:&quot;)" storage="/workspace/wt-webdav-sync/tests/bin/debug/net10.0/slopterm.tests.dll" id="f3280c23-027a-ad8f-0c3d-66466293ec0e">
      <Execution id="835f77c3-83fb-4376-b1d5-f65da7cde316" />
      <TestMethod codeBase="/workspace/wt-webdav-sync/tests/bin/Debug/net10.0/Slopterm.Tests.dll" adapterTypeName="executor://xunit/VsTestRunner2/netcoreapp" className="Slopterm.Tests.CollectionShareCodecTests" name="RejectsAnythingThatIsntOneOfItsTokens" />
    </UnitTest>
    <UnitTest name="Slopterm.Tests.CollectionCryptoTests.GeneratesADistinctKeyEveryTime" storage="/workspace/wt-webdav-sync/tests/bin/debug/net10.0/slopterm.tests.dll" id="ed7bdbc4-8e0d-b459-05e1-5ea6a55b5e1d">
      <Execution id="589c6b70-c904-4e09-8cb7-c9538ae95aa4" />
      <TestMethod codeBase="/workspace/wt-webdav-sync/tests/bin/Debug/net10.0/Slopterm.Tests.dll" adapterTypeName="executor://xunit/VsTestRunner2/netcoreapp" className="Slopterm.Tests.CollectionCryptoTests" name="GeneratesADistinctKeyEveryTime" />
    </UnitTest>
    <UnitTest name="Slopterm.Tests.WebDavRemoteTests.RoundTripsRecordsThroughEveryVerbTheSyncLoopUses" storage="/workspace/wt-webdav-sync/tests/bin/debug/net10.0/slopterm.tests.dll" id="02390621-47f6-7eae-b639-73bf5ccfbf0d">
      <Execution id="8aacaa96-666c-42af-8bda-7648b4589d57" />
      <TestMethod codeBase="/workspace/wt-webdav-sync/tests/bin/Debug/net10.0/Slopterm.Tests.dll" adapterTypeName="executor://xunit/VsTestRunner2/netcoreapp" className="Slopterm.Tests.WebDavRemoteTests" name="RoundTripsRecordsThroughEveryVerbTheSyncLoopUses" />
    </UnitTest>
    <UnitTest name="Slopterm.Tests.HybridLogicalClockTests.NeverIssuesTheSameValueTwice" storage="/workspace/wt-webdav-sync/tests/bin/debug/net10.0/slopterm.tests.dll" id="444961b3-2c6d-e8bc-d1ef-fa18eda762da">
      <Execution id="a56e7057-48a1-4768-a453-fc654615ef19" />
      <TestMethod codeBase="/workspace/wt-webdav-sync/tests/bin/Debug/net10.0/Slopterm.Tests.dll" adapterTypeName="executor://xunit/VsTestRunner2/netcoreapp" className="Slopterm.Tests.HybridLogicalClockTests" name="NeverIssuesTheSameValueTwice" />
    </UnitTest>
    <UnitTest name="Slopterm.Tests.CollectionShareCodecTests.RejectsAnythingThatIsntOneOfItsTokens(token: &quot;slopterm:collection:v1:!!!!&quot;)" storage="/workspace/wt-webdav-sync/tests/bin/debug/net10.0/slopterm.tests.dll" id="017b9ccd-ff1b-0643-3dd1-e788df54300a">
      <Execution id="4aa89bb2-1b60-420e-bb4e-c7854f210feb" />
      <TestMethod codeBase="/workspace/wt-webdav-sync/tests/bin/Debug/net10.0/Slopterm.Tests.dll" adapterTypeName="executor://xunit/VsTestRunner2/netcoreapp" className="Slopterm.Tests.CollectionShareCodecTests" name="RejectsAnythingThatIsntOneOfItsTokens" />
    </UnitTest>
    <UnitTest name="Slopterm.Tests.HybridLogicalClockTests.StampsAfterAPeerEvenWhenThisClockIsBehind" storage="/workspace/wt-webdav-sync/tests/bin/debug/net10.0/slopterm.tests.dll" id="060cf423-72e3-14b7-68ce-860f034fbcb7">
      <Execution id="88501f17-e649-4601-a0b5-93e70addec76" />
      <TestMethod codeBase="/workspace/wt-webdav-sync/tests/bin/Debug/net10.0/Slopterm.Tests.dll" adapterTypeName="executor://xunit/VsTestRunner2/netcoreapp" className="Slopterm.Tests.HybridLogicalClockTests" name="StampsAfterAPeerEvenWhenThisClockIsBehind" />
    </UnitTest>
    <UnitTest name="Slopterm.Tests.CredentialResolverTests.TheLocalCollectionBeatsTheHostsOwnCollection" storage="/workspace/wt-webdav-sync/tests/bin/debug/net10.0/slopterm.tests.dll" id="c366ff22-21b6-eacd-2440-193eee8a9102">
      <Execution id="e7380240-2fa6-43cd-b1e8-b6a2337e8022" />
      <TestMethod codeBase="/workspace/wt-webdav-sync/tests/bin/Debug/net10.0/Slopterm.Tests.dll" adapterTypeName="executor://xunit/VsTestRunner2/netcoreapp" className="Slopterm.Tests.CredentialResolverTests" name="TheLocalCollectionBeatsTheHostsOwnCollection" />
    </UnitTest>
    <UnitTest name="Slopterm.Tests.CollectionShareCodecTests.RoundTripsAnInvite" storage="/workspace/wt-webdav-sync/tests/bin/debug/net10.0/slopterm.tests.dll" id="465822e1-3dfb-b4f9-7a1c-eaadf5be5c10">
      <Execution id="1d952141-c591-4d41-baf7-bc03f944c739" />
      <TestMethod codeBase="/workspace/wt-webdav-sync/tests/bin/Debug/net10.0/Slopterm.Tests.dll" adapterTypeName="executor://xunit/VsTestRunner2/netcoreapp" className="Slopterm.Tests.CollectionShareCodecTests" name="RoundTripsAnInvite" />
    </UnitTest>
    <UnitTest name="Slopterm.Tests.CollectionShareCodecTests.RejectsAnythingThatIsntOneOfItsTokens(token: &quot;slopterm:host:v1:abc&quot;)" storage="/workspace/wt-webdav-sync/tests/bin/debug/net10.0/slopterm.tests.dll" id="4e16dc8e-dcc7-043a-dff8-4c0f731bc698">
      <Execution id="f788ab5f-7678-4796-86ef-057dbd73d5d1" />
      <TestMethod codeBase="/workspace/wt-webdav-sync/tests/bin/Debug/net10.0/Slopterm.Tests.dll" adapterTypeName="executor://xunit/VsTestRunner2/netcoreapp" className="Slopterm.Tests.CollectionShareCodecTests" name="RejectsAnythingThatIsntOneOfItsTokens" />
    </UnitTest>
    <UnitTest name="Slopterm.Tests.HybridLogicalClockTests.RoundTripsThroughItsSerializedForm" storage="/workspace/wt-webdav-sync/tests/bin/debug/net10.0/slopterm.tests.dll" id="ace97d1e-bb36-4bd8-cb57-74305f304697">
      <Execution id="60d47db9-6d02-44ab-af61-24e4db73d9cb" />
      <TestMethod codeBase="/workspace/wt-webdav-sync/tests/bin/Debug/net10.0/Slopterm.Tests.dll" adapterTypeName="executor://xunit/VsTestRunner2/netcoreapp" className="Slopterm.Tests.HybridLogicalClockTests" name="RoundTripsThroughItsSerializedForm" />
    </UnitTest>
    <UnitTest name="Slopterm.Tests.VaultSyncServiceTests.NothingReadableLeavesTheDevice" storage="/workspace/wt-webdav-sync/tests/bin/debug/net10.0/slopterm.tests.dll" id="dc3366cd-f140-f2aa-a8b4-dcdc0fcb6960">
      <Execution id="4ccabcec-aa0e-423a-aca7-306b987caefd" />
      <TestMethod codeBase="/workspace/wt-webdav-sync/tests/bin/Debug/net10.0/Slopterm.Tests.dll" adapterTypeName="executor://xunit/VsTestRunner2/netcoreapp" className="Slopterm.Tests.VaultSyncServiceTests" name="NothingReadableLeavesTheDevice" />
    </UnitTest>
    <UnitTest name="Slopterm.Tests.VaultSyncServiceTests.AnEditOnOneDeviceOverwritesTheOlderCopyOnTheOther" storage="/workspace/wt-webdav-sync/tests/bin/debug/net10.0/slopterm.tests.dll" id="9bd2e220-c72e-961a-c9c4-81740a2596fd">
      <Execution id="376a46e2-74cf-470b-939a-b501d2940f77" />
      <TestMethod codeBase="/workspace/wt-webdav-sync/tests/bin/Debug/net10.0/Slopterm.Tests.dll" adapterTypeName="executor://xunit/VsTestRunner2/netcoreapp" className="Slopterm.Tests.VaultSyncServiceTests" name="AnEditOnOneDeviceOverwritesTheOlderCopyOnTheOther" />
    </UnitTest>
    <UnitTest name="Slopterm.Tests.HybridLogicalClockTests.ParsesAnythingUnusableAsTheEpoch(value: &quot;2026-07-30T12:00:00.123Z&quot;)" storage="/workspace/wt-webdav-sync/tests/bin/debug/net10.0/slopterm.tests.dll" id="7395c2d5-dbf5-675f-dcc3-5b1269890c18">
      <Execution id="3c135ef8-53d2-4529-80ce-d47d7f802570" />
      <TestMethod codeBase="/workspace/wt-webdav-sync/tests/bin/Debug/net10.0/Slopterm.Tests.dll" adapterTypeName="executor://xunit/VsTestRunner2/netcoreapp" className="Slopterm.Tests.HybridLogicalClockTests" name="ParsesAnythingUnusableAsTheEpoch" />
    </UnitTest>
    <UnitTest name="Slopterm.Tests.CredentialResolverTests.ReportsNoKeyOnThisDeviceRatherThanConnectingWithSomethingElse" storage="/workspace/wt-webdav-sync/tests/bin/debug/net10.0/slopterm.tests.dll" id="42eef3d6-1a1b-bc2c-2bb9-eed7f9a6da87">
      <Execution id="9449d93c-911e-4505-81b1-b3c7e65a26ec" />
      <TestMethod codeBase="/workspace/wt-webdav-sync/tests/bin/Debug/net10.0/Slopterm.Tests.dll" adapterTypeName="executor://xunit/VsTestRunner2/netcoreapp" className="Slopterm.Tests.CredentialResolverTests" name="ReportsNoKeyOnThisDeviceRatherThanConnectingWithSomethingElse" />
    </UnitTest>
    <UnitTest name="Slopterm.Tests.HybridLogicalClockTests.ParsesAnythingUnusableAsTheEpoch(value: &quot;garbage&quot;)" storage="/workspace/wt-webdav-sync/tests/bin/debug/net10.0/slopterm.tests.dll" id="a1f4fcbc-e816-b8de-1560-7c097c5babe2">
      <Execution id="a07820b5-8eb0-476a-be24-963c97bd1e2c" />
      <TestMethod codeBase="/workspace/wt-webdav-sync/tests/bin/Debug/net10.0/Slopterm.Tests.dll" adapterTypeName="executor://xunit/VsTestRunner2/netcoreapp" className="Slopterm.Tests.HybridLogicalClockTests" name="ParsesAnythingUnusableAsTheEpoch" />
    </UnitTest>
    <UnitTest name="Slopterm.Tests.CollectionShareCodecTests.RejectsAnythingThatIsntOneOfItsTokens(token: &quot;hello&quot;)" storage="/workspace/wt-webdav-sync/tests/bin/debug/net10.0/slopterm.tests.dll" id="50a79d9a-729d-94c5-3c94-9cda87bc27c6">
      <Execution id="802bd313-4c6d-4851-9505-5faad137c433" />
      <TestMethod codeBase="/workspace/wt-webdav-sync/tests/bin/Debug/net10.0/Slopterm.Tests.dll" adapterTypeName="executor://xunit/VsTestRunner2/netcoreapp" className="Slopterm.Tests.CollectionShareCodecTests" name="RejectsAnythingThatIsntOneOfItsTokens" />
    </UnitTest>
    <UnitTest name="Slopterm.Tests.VaultSyncServiceTests.TheLocalCollectionIsNeverListedAsSyncable" storage="/workspace/wt-webdav-sync/tests/bin/debug/net10.0/slopterm.tests.dll" id="34e91c7f-8b58-2310-9fbf-5980191d33cb">
      <Execution id="89dafb69-5313-4054-b575-2039af0b7df9" />
      <TestMethod codeBase="/workspace/wt-webdav-sync/tests/bin/Debug/net10.0/Slopterm.Tests.dll" adapterTypeName="executor://xunit/VsTestRunner2/netcoreapp" className="Slopterm.Tests.VaultSyncServiceTests" name="TheLocalCollectionIsNeverListedAsSyncable" />
    </UnitTest>
    <UnitTest name="Slopterm.Tests.VaultSyncServiceTests.DevicesCanUseTheirOwnWebDavAccounts" storage="/workspace/wt-webdav-sync/tests/bin/debug/net10.0/slopterm.tests.dll" id="8d8dc28c-9c06-eab3-d1c9-135b98593f8f">
      <Execution id="e3234842-e86f-4b91-aee3-8b4710623603" />
      <TestMethod codeBase="/workspace/wt-webdav-sync/tests/bin/Debug/net10.0/Slopterm.Tests.dll" adapterTypeName="executor://xunit/VsTestRunner2/netcoreapp" className="Slopterm.Tests.VaultSyncServiceTests" name="DevicesCanUseTheirOwnWebDavAccounts" />
    </UnitTest>
    <UnitTest name="Slopterm.Tests.VaultSyncServiceTests.ASecondPassDoesntRefetchUnchangedRecords" storage="/workspace/wt-webdav-sync/tests/bin/debug/net10.0/slopterm.tests.dll" id="3638f16d-ec7b-19f3-39c7-c4b79b7f1212">
      <Execution id="e4eb413a-90a9-4e7b-9436-a4606dc4b793" />
      <TestMethod codeBase="/workspace/wt-webdav-sync/tests/bin/Debug/net10.0/Slopterm.Tests.dll" adapterTypeName="executor://xunit/VsTestRunner2/netcoreapp" className="Slopterm.Tests.VaultSyncServiceTests" name="ASecondPassDoesntRefetchUnchangedRecords" />
    </UnitTest>
    <UnitTest name="Slopterm.Tests.CollectionShareCodecTests.UnwrappedTokensDontClaimToNeedAPassphrase" storage="/workspace/wt-webdav-sync/tests/bin/debug/net10.0/slopterm.tests.dll" id="d92550b1-0ca2-1c5e-d0ad-b298d5786c0c">
      <Execution id="bac3d17c-c12d-4645-8a64-ac33aa3e22ac" />
      <TestMethod codeBase="/workspace/wt-webdav-sync/tests/bin/Debug/net10.0/Slopterm.Tests.dll" adapterTypeName="executor://xunit/VsTestRunner2/netcoreapp" className="Slopterm.Tests.CollectionShareCodecTests" name="UnwrappedTokensDontClaimToNeedAPassphrase" />
    </UnitTest>
    <UnitTest name="Slopterm.Tests.WebDavIntegrationTests.ConcurrentEditsKeepBothSidesThroughARealServer" storage="/workspace/wt-webdav-sync/tests/bin/debug/net10.0/slopterm.tests.dll" id="ffa15a08-53f5-f4ed-b590-9cc41b2148ac">
      <Execution id="5b1d0e94-b3e1-447c-981c-f74ef8c5285c" />
      <TestMethod codeBase="/workspace/wt-webdav-sync/tests/bin/Debug/net10.0/Slopterm.Tests.dll" adapterTypeName="executor://xunit/VsTestRunner2/netcoreapp" className="Slopterm.Tests.WebDavIntegrationTests" name="ConcurrentEditsKeepBothSidesThroughARealServer" />
    </UnitTest>
    <UnitTest name="Slopterm.Tests.VaultSyncServiceTests.ARecordSavedOnOneDeviceReachesTheOther" storage="/workspace/wt-webdav-sync/tests/bin/debug/net10.0/slopterm.tests.dll" id="baa5793b-4d8d-4949-34e9-a10290558d9c">
      <Execution id="232dbb2c-9125-4f8f-8c44-901bcc9a98c6" />
      <TestMethod codeBase="/workspace/wt-webdav-sync/tests/bin/Debug/net10.0/Slopterm.Tests.dll" adapterTypeName="executor://xunit/VsTestRunner2/netcoreapp" className="Slopterm.Tests.VaultSyncServiceTests" name="ARecordSavedOnOneDeviceReachesTheOther" />
    </UnitTest>
    <UnitTest name="Slopterm.Tests.CredentialResolverTests.FallsBackToAnyOtherCollectionThisDeviceHolds" storage="/workspace/wt-webdav-sync/tests/bin/debug/net10.0/slopterm.tests.dll" id="1c182ae5-f201-71c5-46a6-ed4c74bfea6d">
      <Execution id="2b32c14a-129e-4108-bac3-ee308dbaf266" />
      <TestMethod codeBase="/workspace/wt-webdav-sync/tests/bin/Debug/net10.0/Slopterm.Tests.dll" adapterTypeName="executor://xunit/VsTestRunner2/netcoreapp" className="Slopterm.Tests.CredentialResolverTests" name="FallsBackToAnyOtherCollectionThisDeviceHolds" />
    </UnitTest>
    <UnitTest name="Slopterm.Tests.CollectionCryptoTests.GeneratesADistinctCollectionIdEveryTime" storage="/workspace/wt-webdav-sync/tests/bin/debug/net10.0/slopterm.tests.dll" id="5df95f92-d822-2ac4-88f5-db2748997ad7">
      <Execution id="9a375a9b-02f4-410d-92a4-cbf9296c1b1c" />
      <TestMethod codeBase="/workspace/wt-webdav-sync/tests/bin/Debug/net10.0/Slopterm.Tests.dll" adapterTypeName="executor://xunit/VsTestRunner2/netcoreapp" className="Slopterm.Tests.CollectionCryptoTests" name="GeneratesADistinctCollectionIdEveryTime" />
    </UnitTest>
    <UnitTest name="Slopterm.Tests.CollectionShareCodecTests.RoundTripsAPassphraseWrappedToken" storage="/workspace/wt-webdav-sync/tests/bin/debug/net10.0/slopterm.tests.dll" id="d2bc2e0b-f0b1-50b0-b03d-d0f5cf78c923">
      <Execution id="94a820ee-a34b-4e22-b37b-8fa90d71f3fb" />
      <TestMethod codeBase="/workspace/wt-webdav-sync/tests/bin/Debug/net10.0/Slopterm.Tests.dll" adapterTypeName="executor://xunit/VsTestRunner2/netcoreapp" className="Slopterm.Tests.CollectionShareCodecTests" name="RoundTripsAPassphraseWrappedToken" />
    </UnitTest>
    <UnitTest name="Slopterm.Tests.WebDavRemoteTests.RejectsAUrlThatIsntHttp" storage="/workspace/wt-webdav-sync/tests/bin/debug/net10.0/slopterm.tests.dll" id="8f88247e-66be-e104-f96e-bdc2018f97ab">
      <Execution id="3cc2f03e-4bf2-44dc-99c0-0e3480a6eec6" />
      <TestMethod codeBase="/workspace/wt-webdav-sync/tests/bin/Debug/net10.0/Slopterm.Tests.dll" adapterTypeName="executor://xunit/VsTestRunner2/netcoreapp" className="Slopterm.Tests.WebDavRemoteTests" name="RejectsAUrlThatIsntHttp" />
    </UnitTest>
    <UnitTest name="Slopterm.Tests.CredentialResolverTests.SkipsAnUnresolvableCredentialForOneThatWorks" storage="/workspace/wt-webdav-sync/tests/bin/debug/net10.0/slopterm.tests.dll" id="8c3e9572-a4e0-399c-9fe0-0f0550b315b9">
      <Execution id="1d9de3ca-2f6c-46c5-9890-590fc429b4dd" />
      <TestMethod codeBase="/workspace/wt-webdav-sync/tests/bin/Debug/net10.0/Slopterm.Tests.dll" adapterTypeName="executor://xunit/VsTestRunner2/netcoreapp" className="Slopterm.Tests.CredentialResolverTests" name="SkipsAnUnresolvableCredentialForOneThatWorks" />
    </UnitTest>
    <UnitTest name="Slopterm.Tests.HybridLogicalClockTests.ParsesAnythingUnusableAsTheEpoch(value: &quot;&quot;)" storage="/workspace/wt-webdav-sync/tests/bin/debug/net10.0/slopterm.tests.dll" id="96324546-0b4c-657a-38bf-87cae044038f">
      <Execution id="f7fb28aa-3da0-4ce4-b443-13ee1ef7e503" />
      <TestMethod codeBase="/workspace/wt-webdav-sync/tests/bin/Debug/net10.0/Slopterm.Tests.dll" adapterTypeName="executor://xunit/VsTestRunner2/netcoreapp" className="Slopterm.Tests.HybridLogicalClockTests" name="ParsesAnythingUnusableAsTheEpoch" />
    </UnitTest>
    <UnitTest name="Slopterm.Tests.WebDavIntegrationTests.TheServerOnlyEverHoldsCiphertext" storage="/workspace/wt-webdav-sync/tests/bin/debug/net10.0/slopterm.tests.dll" id="c7b98515-873e-4c51-15e6-b7d069e96c30">
      <Execution id="e08a1367-3b1c-44d9-ba3c-92e6e53d975f" />
      <TestMethod codeBase="/workspace/wt-webdav-sync/tests/bin/Debug/net10.0/Slopterm.Tests.dll" adapterTypeName="executor://xunit/VsTestRunner2/netcoreapp" className="Slopterm.Tests.WebDavIntegrationTests" name="TheServerOnlyEverHoldsCiphertext" />
    </UnitTest>
    <UnitTest name="Slopterm.Tests.CollectionShareCodecTests.CarriesItsFormatInThePrefix" storage="/workspace/wt-webdav-sync/tests/bin/debug/net10.0/slopterm.tests.dll" id="e198fe80-7158-dfe3-2784-6c9576c401c3">
      <Execution id="f95c0103-1eb5-468f-8828-9f97822c29e8" />
      <TestMethod codeBase="/workspace/wt-webdav-sync/tests/bin/Debug/net10.0/Slopterm.Tests.dll" adapterTypeName="executor://xunit/VsTestRunner2/netcoreapp" className="Slopterm.Tests.CollectionShareCodecTests" name="CarriesItsFormatInThePrefix" />
    </UnitTest>
    <UnitTest name="Slopterm.Tests.CollectionShareCodecTests.RefusesAPassphraseWrappedTokenWithoutOrWithTheWrongPassphrase" storage="/workspace/wt-webdav-sync/tests/bin/debug/net10.0/slopterm.tests.dll" id="5206b762-cc18-3e6b-af1c-3dc696e6473a">
      <Execution id="20de29f9-5395-42dd-83fb-d1285fb2161c" />
      <TestMethod codeBase="/workspace/wt-webdav-sync/tests/bin/Debug/net10.0/Slopterm.Tests.dll" adapterTypeName="executor://xunit/VsTestRunner2/netcoreapp" className="Slopterm.Tests.CollectionShareCodecTests" name="RefusesAPassphraseWrappedTokenWithoutOrWithTheWrongPassphrase" />
    </UnitTest>
    <UnitTest name="Slopterm.Tests.WebDavRemoteTests.ReportsPreconditionFailuresRatherThanThrowing" storage="/workspace/wt-webdav-sync/tests/bin/debug/net10.0/slopterm.tests.dll" id="eacf0f88-eeb6-33b8-0e5b-d752d937e9a4">
      <Execution id="58c058e4-1dae-4a9d-9195-1d415c834a9a" />
      <TestMethod codeBase="/workspace/wt-webdav-sync/tests/bin/Debug/net10.0/Slopterm.Tests.dll" adapterTypeName="executor://xunit/VsTestRunner2/netcoreapp" className="Slopterm.Tests.WebDavRemoteTests" name="ReportsPreconditionFailuresRatherThanThrowing" />
    </UnitTest>
    <UnitTest name="Slopterm.Tests.CredentialResolverTests.MatchesNamesCaseInsensitively" storage="/workspace/wt-webdav-sync/tests/bin/debug/net10.0/slopterm.tests.dll" id="889dff0c-cda9-e59a-b47f-c5ea36b2b1ce">
      <Execution id="8b22258d-09db-4c50-b3b5-c8788c0ea31a" />
      <TestMethod codeBase="/workspace/wt-webdav-sync/tests/bin/Debug/net10.0/Slopterm.Tests.dll" adapterTypeName="executor://xunit/VsTestRunner2/netcoreapp" className="Slopterm.Tests.CredentialResolverTests" name="MatchesNamesCaseInsensitively" />
    </UnitTest>
    <UnitTest name="Slopterm.Tests.CollectionCryptoTests.RoundTripsARecordUnderTheCollectionKey" storage="/workspace/wt-webdav-sync/tests/bin/debug/net10.0/slopterm.tests.dll" id="0a4e1810-0bf7-19b5-6dfd-536b16e6da89">
      <Execution id="73226562-4537-4b68-aa11-429388af95e2" />
      <TestMethod codeBase="/workspace/wt-webdav-sync/tests/bin/Debug/net10.0/Slopterm.Tests.dll" adapterTypeName="executor://xunit/VsTestRunner2/netcoreapp" className="Slopterm.Tests.CollectionCryptoTests" name="RoundTripsARecordUnderTheCollectionKey" />
    </UnitTest>
    <UnitTest name="Slopterm.Tests.VaultSyncServiceTests.BothSidesEditingKeepsTheLoserAsAConflictCopy" storage="/workspace/wt-webdav-sync/tests/bin/debug/net10.0/slopterm.tests.dll" id="73304184-e608-ecdd-9533-712d61466eb6">
      <Execution id="d35b3391-d398-4831-8300-824324c7eb76" />
      <TestMethod codeBase="/workspace/wt-webdav-sync/tests/bin/Debug/net10.0/Slopterm.Tests.dll" adapterTypeName="executor://xunit/VsTestRunner2/netcoreapp" className="Slopterm.Tests.VaultSyncServiceTests" name="BothSidesEditingKeepsTheLoserAsAConflictCopy" />
    </UnitTest>
    <UnitTest name="Slopterm.Tests.HybridLogicalClockTests.ParsesAnythingUnusableAsTheEpoch(value: null)" storage="/workspace/wt-webdav-sync/tests/bin/debug/net10.0/slopterm.tests.dll" id="21170c22-35bc-f34b-f68d-39e80a76a48e">
      <Execution id="2050396d-4cbf-4d3f-8c0c-d7a1d8be8c65" />
      <TestMethod codeBase="/workspace/wt-webdav-sync/tests/bin/Debug/net10.0/Slopterm.Tests.dll" adapterTypeName="executor://xunit/VsTestRunner2/netcoreapp" className="Slopterm.Tests.HybridLogicalClockTests" name="ParsesAnythingUnusableAsTheEpoch" />
    </UnitTest>
    <UnitTest name="Slopterm.Tests.WebDavIntegrationTests.TwoDevicesConvergeThroughARealServer" storage="/workspace/wt-webdav-sync/tests/bin/debug/net10.0/slopterm.tests.dll" id="27b0f2a2-b48b-3ccb-d1da-68ddd4669ec1">
      <Execution id="b244f53e-16d5-4546-ac9d-5eb1a5d2bfaf" />
      <TestMethod codeBase="/workspace/wt-webdav-sync/tests/bin/Debug/net10.0/Slopterm.Tests.dll" adapterTypeName="executor://xunit/VsTestRunner2/netcoreapp" className="Slopterm.Tests.WebDavIntegrationTests" name="TwoDevicesConvergeThroughARealServer" />
    </UnitTest>
    <UnitTest name="Slopterm.Tests.CredentialResolverTests.TheSameNameResolvesToADifferentLocalKeyOnEachDevice" storage="/workspace/wt-webdav-sync/tests/bin/debug/net10.0/slopterm.tests.dll" id="9bc58c4f-cbc4-efed-8f90-e6abb762f55f">
      <Execution id="077a6e00-bf84-4f39-abf7-b93dd84942ee" />
      <TestMethod codeBase="/workspace/wt-webdav-sync/tests/bin/Debug/net10.0/Slopterm.Tests.dll" adapterTypeName="executor://xunit/VsTestRunner2/netcoreapp" className="Slopterm.Tests.CredentialResolverTests" name="TheSameNameResolvesToADifferentLocalKeyOnEachDevice" />
    </UnitTest>
    <UnitTest name="Slopterm.Tests.CredentialResolverTests.IgnoresCredentialKindsThatArentForConnecting" storage="/workspace/wt-webdav-sync/tests/bin/debug/net10.0/slopterm.tests.dll" id="e207733b-4e5c-1b59-c14b-c82e9bb1f146">
      <Execution id="8cfc8139-d3e7-48fd-84a6-b4d6d4136a57" />
      <TestMethod codeBase="/workspace/wt-webdav-sync/tests/bin/Debug/net10.0/Slopterm.Tests.dll" adapterTypeName="executor://xunit/VsTestRunner2/netcoreapp" className="Slopterm.Tests.CredentialResolverTests" name="IgnoresCredentialKindsThatArentForConnecting" />
    </UnitTest>
    <UnitTest name="Slopterm.Tests.CollectionCryptoTests.KeyFingerprintIsStableDistinctAndReadable" storage="/workspace/wt-webdav-sync/tests/bin/debug/net10.0/slopterm.tests.dll" id="dee05ed0-16b7-2bf7-c3d9-eef784c5f1d8">
      <Execution id="c3e60517-08ac-40cd-9150-a2bbbffe543c" />
      <TestMethod codeBase="/workspace/wt-webdav-sync/tests/bin/Debug/net10.0/Slopterm.Tests.dll" adapterTypeName="executor://xunit/VsTestRunner2/netcoreapp" className="Slopterm.Tests.CollectionCryptoTests" name="KeyFingerprintIsStableDistinctAndReadable" />
    </UnitTest>
    <UnitTest name="Slopterm.Tests.CollectionCryptoTests.EncryptingTwiceNeverProducesTheSameBytes" storage="/workspace/wt-webdav-sync/tests/bin/debug/net10.0/slopterm.tests.dll" id="0e82ef00-9678-0855-062e-421292b832a9">
      <Execution id="e66d4e5d-c2e5-4ce8-8ce9-283eb372e056" />
      <TestMethod codeBase="/workspace/wt-webdav-sync/tests/bin/Debug/net10.0/Slopterm.Tests.dll" adapterTypeName="executor://xunit/VsTestRunner2/netcoreapp" className="Slopterm.Tests.CollectionCryptoTests" name="EncryptingTwiceNeverProducesTheSameBytes" />
    </UnitTest>
    <UnitTest name="Slopterm.Tests.CredentialResolverTests.FallsBackToTheHostsOwnCollection" storage="/workspace/wt-webdav-sync/tests/bin/debug/net10.0/slopterm.tests.dll" id="430204c9-0521-a730-6d2e-f3540ef7fdc4">
      <Execution id="ce9db974-52ff-4240-898c-128300df2f1c" />
      <TestMethod codeBase="/workspace/wt-webdav-sync/tests/bin/Debug/net10.0/Slopterm.Tests.dll" adapterTypeName="executor://xunit/VsTestRunner2/netcoreapp" className="Slopterm.Tests.CredentialResolverTests" name="FallsBackToTheHostsOwnCollection" />
    </UnitTest>
    <UnitTest name="Slopterm.Tests.HybridLogicalClockTests.OrdersByPhysicalThenCounterThenNode" storage="/workspace/wt-webdav-sync/tests/bin/debug/net10.0/slopterm.tests.dll" id="6849cfb4-3363-071d-8910-aa2cbb6a33f2">
      <Execution id="2f9c2143-9d72-4057-a999-dd8a5658367c" />
      <TestMethod codeBase="/workspace/wt-webdav-sync/tests/bin/Debug/net10.0/Slopterm.Tests.dll" adapterTypeName="executor://xunit/VsTestRunner2/netcoreapp" className="Slopterm.Tests.HybridLogicalClockTests" name="OrdersByPhysicalThenCounterThenNode" />
    </UnitTest>
    <UnitTest name="Slopterm.Tests.VaultSyncServiceTests.LeavingKeepsTheRecordsLocallyByDefault" storage="/workspace/wt-webdav-sync/tests/bin/debug/net10.0/slopterm.tests.dll" id="45f2e750-b21c-b90a-09cf-d05d0a4953f0">
      <Execution id="3e85b0a4-ab76-4aa8-9d90-ef2efdbbd586" />
      <TestMethod codeBase="/workspace/wt-webdav-sync/tests/bin/Debug/net10.0/Slopterm.Tests.dll" adapterTypeName="executor://xunit/VsTestRunner2/netcoreapp" className="Slopterm.Tests.VaultSyncServiceTests" name="LeavingKeepsTheRecordsLocallyByDefault" />
    </UnitTest>
    <UnitTest name="Slopterm.Tests.CollectionCryptoTests.ADifferentKeyCannotReadTheRecord" storage="/workspace/wt-webdav-sync/tests/bin/debug/net10.0/slopterm.tests.dll" id="49bd07ab-c8c8-3778-5ebb-ff4ba300a01f">
      <Execution id="fc930ef1-e35a-4fec-8c9a-d163279725f5" />
      <TestMethod codeBase="/workspace/wt-webdav-sync/tests/bin/Debug/net10.0/Slopterm.Tests.dll" adapterTypeName="executor://xunit/VsTestRunner2/netcoreapp" className="Slopterm.Tests.CollectionCryptoTests" name="ADifferentKeyCannotReadTheRecord" />
    </UnitTest>
    <UnitTest name="Slopterm.Tests.VaultSyncServiceTests.AnEditAfterADeleteWinsOverTheTombstone" storage="/workspace/wt-webdav-sync/tests/bin/debug/net10.0/slopterm.tests.dll" id="04bfe952-fb94-f9d3-6611-10bdb76d4645">
      <Execution id="d8d9c0c6-924f-4354-9c79-54947275583f" />
      <TestMethod codeBase="/workspace/wt-webdav-sync/tests/bin/Debug/net10.0/Slopterm.Tests.dll" adapterTypeName="executor://xunit/VsTestRunner2/netcoreapp" className="Slopterm.Tests.VaultSyncServiceTests" name="AnEditAfterADeleteWinsOverTheTombstone" />
    </UnitTest>
    <UnitTest name="Slopterm.Tests.VaultSyncServiceTests.ReportsAReadOnlyShareAsSuchRatherThanAsAGenericFailure" storage="/workspace/wt-webdav-sync/tests/bin/debug/net10.0/slopterm.tests.dll" id="80e9bea8-0cd1-e930-6c99-7f1fea9cef6a">
      <Execution id="aeee845d-6abd-4501-b96f-03ace3b4e1a3" />
      <TestMethod codeBase="/workspace/wt-webdav-sync/tests/bin/Debug/net10.0/Slopterm.Tests.dll" adapterTypeName="executor://xunit/VsTestRunner2/netcoreapp" className="Slopterm.Tests.VaultSyncServiceTests" name="ReportsAReadOnlyShareAsSuchRatherThanAsAGenericFailure" />
    </UnitTest>
    <UnitTest name="Slopterm.Tests.CredentialResolverTests.PassesInlineCredentialsStraightThrough" storage="/workspace/wt-webdav-sync/tests/bin/debug/net10.0/slopterm.tests.dll" id="045e6a50-629f-2e28-9672-b26a2baab094">
      <Execution id="18753cc9-f0b8-4fd8-b85e-61683b505c3e" />
      <TestMethod codeBase="/workspace/wt-webdav-sync/tests/bin/Debug/net10.0/Slopterm.Tests.dll" adapterTypeName="executor://xunit/VsTestRunner2/netcoreapp" className="Slopterm.Tests.CredentialResolverTests" name="PassesInlineCredentialsStraightThrough" />
    </UnitTest>
    <UnitTest name="Slopterm.Tests.CollectionShareCodecTests.RejectsAnythingThatIsntOneOfItsTokens(token: &quot;&quot;)" storage="/workspace/wt-webdav-sync/tests/bin/debug/net10.0/slopterm.tests.dll" id="77349aaa-1753-779f-55d6-ede529593f51">
      <Execution id="706890eb-87a2-48f6-b109-66293f67e8d6" />
      <TestMethod codeBase="/workspace/wt-webdav-sync/tests/bin/Debug/net10.0/Slopterm.Tests.dll" adapterTypeName="executor://xunit/VsTestRunner2/netcoreapp" className="Slopterm.Tests.CollectionShareCodecTests" name="RejectsAnythingThatIsntOneOfItsTokens" />
    </UnitTest>
    <UnitTest name="Slopterm.Tests.CredentialResolverTests.DescribeNeverCarriesTheSecret" storage="/workspace/wt-webdav-sync/tests/bin/debug/net10.0/slopterm.tests.dll" id="96bd3bc6-f493-dcc9-71ea-289a724d3fe0">
      <Execution id="a9613d08-4cb3-4753-a600-a5e5e3cc2d18" />
      <TestMethod codeBase="/workspace/wt-webdav-sync/tests/bin/Debug/net10.0/Slopterm.Tests.dll" adapterTypeName="executor://xunit/VsTestRunner2/netcoreapp" className="Slopterm.Tests.CredentialResolverTests" name="DescribeNeverCarriesTheSecret" />
    </UnitTest>
    <UnitTest name="Slopterm.Tests.VaultSyncServiceTests.RetriesAWriteThatLostAPreconditionRace" storage="/workspace/wt-webdav-sync/tests/bin/debug/net10.0/slopterm.tests.dll" id="a373e96e-b62c-eb77-19ec-ac8fabf309f6">
      <Execution id="d80abbb8-4444-45b3-a675-db4c87ba4d25" />
      <TestMethod codeBase="/workspace/wt-webdav-sync/tests/bin/Debug/net10.0/Slopterm.Tests.dll" adapterTypeName="executor://xunit/VsTestRunner2/netcoreapp" className="Slopterm.Tests.VaultSyncServiceTests" name="RetriesAWriteThatLostAPreconditionRace" />
    </UnitTest>
    <UnitTest name="Slopterm.Tests.VaultSyncServiceTests.DoesntSyncAScopeTheCollectionDoesntCarry" storage="/workspace/wt-webdav-sync/tests/bin/debug/net10.0/slopterm.tests.dll" id="e5b060c5-66ff-9bf7-42a1-23cec33ce2da">
      <Execution id="dc92f1d0-3099-4452-8906-1770c330fc6a" />
      <TestMethod codeBase="/workspace/wt-webdav-sync/tests/bin/Debug/net10.0/Slopterm.Tests.dll" adapterTypeName="executor://xunit/VsTestRunner2/netcoreapp" className="Slopterm.Tests.VaultSyncServiceTests" name="DoesntSyncAScopeTheCollectionDoesntCarry" />
    </UnitTest>
    <UnitTest name="Slopterm.Tests.VaultSyncServiceTests.ATieBetweenTwoDevicesResolvesTheSameWayOnBoth" storage="/workspace/wt-webdav-sync/tests/bin/debug/net10.0/slopterm.tests.dll" id="1169cd94-c0e7-0844-b786-b04448fa3759">
      <Execution id="1f491d80-2801-467d-9d88-e8ac6b6bfc7e" />
      <TestMethod codeBase="/workspace/wt-webdav-sync/tests/bin/Debug/net10.0/Slopterm.Tests.dll" adapterTypeName="executor://xunit/VsTestRunner2/netcoreapp" className="Slopterm.Tests.VaultSyncServiceTests" name="ATieBetweenTwoDevicesResolvesTheSameWayOnBoth" />
    </UnitTest>
    <UnitTest name="Slopterm.Tests.VaultSyncServiceTests.ADeleteOnOneDevicePropagatesAndStaysDeleted" storage="/workspace/wt-webdav-sync/tests/bin/debug/net10.0/slopterm.tests.dll" id="7e62a782-392b-a478-cebd-8214101a20c5">
      <Execution id="4fca3206-925b-4a53-add1-98d23427c846" />
      <TestMethod codeBase="/workspace/wt-webdav-sync/tests/bin/Debug/net10.0/Slopterm.Tests.dll" adapterTypeName="executor://xunit/VsTestRunner2/netcoreapp" className="Slopterm.Tests.VaultSyncServiceTests" name="ADeleteOnOneDevicePropagatesAndStaysDeleted" />
    </UnitTest>
  </TestDefinitions>
  <TestEntries>
    <TestEntry testId="5206b762-cc18-3e6b-af1c-3dc696e6473a" executionId="20de29f9-5395-42dd-83fb-d1285fb2161c" testListId="8c84fa94-04c1-424b-9868-57a2d4851a1d" />
    <TestEntry testId="017b9ccd-ff1b-0643-3dd1-e788df54300a" executionId="4aa89bb2-1b60-420e-bb4e-c7854f210feb" testListId="8c84fa94-04c1-424b-9868-57a2d4851a1d" />
    <TestEntry testId="73304184-e608-ecdd-9533-712d61466eb6" executionId="d35b3391-d398-4831-8300-824324c7eb76" testListId="8c84fa94-04c1-424b-9868-57a2d4851a1d" />
    <TestEntry testId="0e82ef00-9678-0855-062e-421292b832a9" executionId="e66d4e5d-c2e5-4ce8-8ce9-283eb372e056" testListId="8c84fa94-04c1-424b-9868-57a2d4851a1d" />
    <TestEntry testId="04bfe952-fb94-f9d3-6611-10bdb76d4645" executionId="d8d9c0c6-924f-4354-9c79-54947275583f" testListId="8c84fa94-04c1-424b-9868-57a2d4851a1d" />
    <TestEntry testId="a1f4fcbc-e816-b8de-1560-7c097c5babe2" executionId="a07820b5-8eb0-476a-be24-963c97bd1e2c" testListId="8c84fa94-04c1-424b-9868-57a2d4851a1d" />
    <TestEntry testId="f3280c23-027a-ad8f-0c3d-66466293ec0e" executionId="835f77c3-83fb-4376-b1d5-f65da7cde316" testListId="8c84fa94-04c1-424b-9868-57a2d4851a1d" />
    <TestEntry testId="dee05ed0-16b7-2bf7-c3d9-eef784c5f1d8" executionId="c3e60517-08ac-40cd-9150-a2bbbffe543c" testListId="8c84fa94-04c1-424b-9868-57a2d4851a1d" />
    <TestEntry testId="9bc58c4f-cbc4-efed-8f90-e6abb762f55f" executionId="077a6e00-bf84-4f39-abf7-b93dd84942ee" testListId="8c84fa94-04c1-424b-9868-57a2d4851a1d" />
    <TestEntry testId="21170c22-35bc-f34b-f68d-39e80a76a48e" executionId="2050396d-4cbf-4d3f-8c0c-d7a1d8be8c65" testListId="8c84fa94-04c1-424b-9868-57a2d4851a1d" />
    <TestEntry testId="45f2e750-b21c-b90a-09cf-d05d0a4953f0" executionId="3e85b0a4-ab76-4aa8-9d90-ef2efdbbd586" testListId="8c84fa94-04c1-424b-9868-57a2d4851a1d" />
    <TestEntry testId="96bd3bc6-f493-dcc9-71ea-289a724d3fe0" executionId="a9613d08-4cb3-4753-a600-a5e5e3cc2d18" testListId="8c84fa94-04c1-424b-9868-57a2d4851a1d" />
    <TestEntry testId="6849cfb4-3363-071d-8910-aa2cbb6a33f2" executionId="2f9c2143-9d72-4057-a999-dd8a5658367c" testListId="8c84fa94-04c1-424b-9868-57a2d4851a1d" />
    <TestEntry testId="444961b3-2c6d-e8bc-d1ef-fa18eda762da" executionId="a56e7057-48a1-4768-a453-fc654615ef19" testListId="8c84fa94-04c1-424b-9868-57a2d4851a1d" />
    <TestEntry testId="7395c2d5-dbf5-675f-dcc3-5b1269890c18" executionId="3c135ef8-53d2-4529-80ce-d47d7f802570" testListId="8c84fa94-04c1-424b-9868-57a2d4851a1d" />
    <TestEntry testId="ace97d1e-bb36-4bd8-cb57-74305f304697" executionId="60d47db9-6d02-44ab-af61-24e4db73d9cb" testListId="8c84fa94-04c1-424b-9868-57a2d4851a1d" />
    <TestEntry testId="e207733b-4e5c-1b59-c14b-c82e9bb1f146" executionId="8cfc8139-d3e7-48fd-84a6-b4d6d4136a57" testListId="8c84fa94-04c1-424b-9868-57a2d4851a1d" />
    <TestEntry testId="7e62a782-392b-a478-cebd-8214101a20c5" executionId="4fca3206-925b-4a53-add1-98d23427c846" testListId="8c84fa94-04c1-424b-9868-57a2d4851a1d" />
    <TestEntry testId="27b0f2a2-b48b-3ccb-d1da-68ddd4669ec1" executionId="b244f53e-16d5-4546-ac9d-5eb1a5d2bfaf" testListId="8c84fa94-04c1-424b-9868-57a2d4851a1d" />
    <TestEntry testId="ed7bdbc4-8e0d-b459-05e1-5ea6a55b5e1d" executionId="589c6b70-c904-4e09-8cb7-c9538ae95aa4" testListId="8c84fa94-04c1-424b-9868-57a2d4851a1d" />
    <TestEntry testId="a373e96e-b62c-eb77-19ec-ac8fabf309f6" executionId="d80abbb8-4444-45b3-a675-db4c87ba4d25" testListId="8c84fa94-04c1-424b-9868-57a2d4851a1d" />
    <TestEntry testId="d92550b1-0ca2-1c5e-d0ad-b298d5786c0c" executionId="bac3d17c-c12d-4645-8a64-ac33aa3e22ac" testListId="8c84fa94-04c1-424b-9868-57a2d4851a1d" />
    <TestEntry testId="dc3366cd-f140-f2aa-a8b4-dcdc0fcb6960" executionId="4ccabcec-aa0e-423a-aca7-306b987caefd" testListId="8c84fa94-04c1-424b-9868-57a2d4851a1d" />
    <TestEntry testId="80e9bea8-0cd1-e930-6c99-7f1fea9cef6a" executionId="aeee845d-6abd-4501-b96f-03ace3b4e1a3" testListId="8c84fa94-04c1-424b-9868-57a2d4851a1d" />
    <TestEntry testId="5df95f92-d822-2ac4-88f5-db2748997ad7" executionId="9a375a9b-02f4-410d-92a4-cbf9296c1b1c" testListId="8c84fa94-04c1-424b-9868-57a2d4851a1d" />
    <TestEntry testId="96324546-0b4c-657a-38bf-87cae044038f" executionId="f7fb28aa-3da0-4ce4-b443-13ee1ef7e503" testListId="8c84fa94-04c1-424b-9868-57a2d4851a1d" />
    <TestEntry testId="0a4e1810-0bf7-19b5-6dfd-536b16e6da89" executionId="73226562-4537-4b68-aa11-429388af95e2" testListId="8c84fa94-04c1-424b-9868-57a2d4851a1d" />
    <TestEntry testId="c7b98515-873e-4c51-15e6-b7d069e96c30" executionId="e08a1367-3b1c-44d9-ba3c-92e6e53d975f" testListId="8c84fa94-04c1-424b-9868-57a2d4851a1d" />
    <TestEntry testId="045e6a50-629f-2e28-9672-b26a2baab094" executionId="18753cc9-f0b8-4fd8-b85e-61683b505c3e" testListId="8c84fa94-04c1-424b-9868-57a2d4851a1d" />
    <TestEntry testId="8d8dc28c-9c06-eab3-d1c9-135b98593f8f" executionId="e3234842-e86f-4b91-aee3-8b4710623603" testListId="8c84fa94-04c1-424b-9868-57a2d4851a1d" />
    <TestEntry testId="465822e1-3dfb-b4f9-7a1c-eaadf5be5c10" executionId="1d952141-c591-4d41-baf7-bc03f944c739" testListId="8c84fa94-04c1-424b-9868-57a2d4851a1d" />
    <TestEntry testId="8c3e9572-a4e0-399c-9fe0-0f0550b315b9" executionId="1d9de3ca-2f6c-46c5-9890-590fc429b4dd" testListId="8c84fa94-04c1-424b-9868-57a2d4851a1d" />
    <TestEntry testId="4e16dc8e-dcc7-043a-dff8-4c0f731bc698" executionId="f788ab5f-7678-4796-86ef-057dbd73d5d1" testListId="8c84fa94-04c1-424b-9868-57a2d4851a1d" />
    <TestEntry testId="8f88247e-66be-e104-f96e-bdc2018f97ab" executionId="3cc2f03e-4bf2-44dc-99c0-0e3480a6eec6" testListId="8c84fa94-04c1-424b-9868-57a2d4851a1d" />
    <TestEntry testId="060cf423-72e3-14b7-68ce-860f034fbcb7" executionId="88501f17-e649-4601-a0b5-93e70addec76" testListId="8c84fa94-04c1-424b-9868-57a2d4851a1d" />
    <TestEntry testId="1169cd94-c0e7-0844-b786-b04448fa3759" executionId="1f491d80-2801-467d-9d88-e8ac6b6bfc7e" testListId="8c84fa94-04c1-424b-9868-57a2d4851a1d" />
    <TestEntry testId="02390621-47f6-7eae-b639-73bf5ccfbf0d" executionId="8aacaa96-666c-42af-8bda-7648b4589d57" testListId="8c84fa94-04c1-424b-9868-57a2d4851a1d" />
    <TestEntry testId="430204c9-0521-a730-6d2e-f3540ef7fdc4" executionId="ce9db974-52ff-4240-898c-128300df2f1c" testListId="8c84fa94-04c1-424b-9868-57a2d4851a1d" />
    <TestEntry testId="e198fe80-7158-dfe3-2784-6c9576c401c3" executionId="f95c0103-1eb5-468f-8828-9f97822c29e8" testListId="8c84fa94-04c1-424b-9868-57a2d4851a1d" />
    <TestEntry testId="baa5793b-4d8d-4949-34e9-a10290558d9c" executionId="232dbb2c-9125-4f8f-8c44-901bcc9a98c6" testListId="8c84fa94-04c1-424b-9868-57a2d4851a1d" />
    <TestEntry testId="c366ff22-21b6-eacd-2440-193eee8a9102" executionId="e7380240-2fa6-43cd-b1e8-b6a2337e8022" testListId="8c84fa94-04c1-424b-9868-57a2d4851a1d" />
    <TestEntry testId="ffa15a08-53f5-f4ed-b590-9cc41b2148ac" executionId="5b1d0e94-b3e1-447c-981c-f74ef8c5285c" testListId="8c84fa94-04c1-424b-9868-57a2d4851a1d" />
    <TestEntry testId="50a79d9a-729d-94c5-3c94-9cda87bc27c6" executionId="802bd313-4c6d-4851-9505-5faad137c433" testListId="8c84fa94-04c1-424b-9868-57a2d4851a1d" />
    <TestEntry testId="e5b060c5-66ff-9bf7-42a1-23cec33ce2da" executionId="dc92f1d0-3099-4452-8906-1770c330fc6a" testListId="8c84fa94-04c1-424b-9868-57a2d4851a1d" />
    <TestEntry testId="9bd2e220-c72e-961a-c9c4-81740a2596fd" executionId="376a46e2-74cf-470b-939a-b501d2940f77" testListId="8c84fa94-04c1-424b-9868-57a2d4851a1d" />
    <TestEntry testId="eacf0f88-eeb6-33b8-0e5b-d752d937e9a4" executionId="58c058e4-1dae-4a9d-9195-1d415c834a9a" testListId="8c84fa94-04c1-424b-9868-57a2d4851a1d" />
    <TestEntry testId="42eef3d6-1a1b-bc2c-2bb9-eed7f9a6da87" executionId="9449d93c-911e-4505-81b1-b3c7e65a26ec" testListId="8c84fa94-04c1-424b-9868-57a2d4851a1d" />
    <TestEntry testId="3502e061-f81d-d8fe-3328-cce0a12c38fe" executionId="dad44e62-eed2-4e9c-8bcb-88835f8112b7" testListId="8c84fa94-04c1-424b-9868-57a2d4851a1d" />
    <TestEntry testId="1c182ae5-f201-71c5-46a6-ed4c74bfea6d" executionId="2b32c14a-129e-4108-bac3-ee308dbaf266" testListId="8c84fa94-04c1-424b-9868-57a2d4851a1d" />
    <TestEntry testId="34e91c7f-8b58-2310-9fbf-5980191d33cb" executionId="89dafb69-5313-4054-b575-2039af0b7df9" testListId="8c84fa94-04c1-424b-9868-57a2d4851a1d" />
    <TestEntry testId="889dff0c-cda9-e59a-b47f-c5ea36b2b1ce" executionId="8b22258d-09db-4c50-b3b5-c8788c0ea31a" testListId="8c84fa94-04c1-424b-9868-57a2d4851a1d" />
    <TestEntry testId="d2bc2e0b-f0b1-50b0-b03d-d0f5cf78c923" executionId="94a820ee-a34b-4e22-b37b-8fa90d71f3fb" testListId="8c84fa94-04c1-424b-9868-57a2d4851a1d" />
    <TestEntry testId="49bd07ab-c8c8-3778-5ebb-ff4ba300a01f" executionId="fc930ef1-e35a-4fec-8c9a-d163279725f5" testListId="8c84fa94-04c1-424b-9868-57a2d4851a1d" />
    <TestEntry testId="ed219a79-dfe4-17e2-f88b-1555e253229f" executionId="dcf73bab-9b49-4c2d-930b-3676a8615df5" testListId="8c84fa94-04c1-424b-9868-57a2d4851a1d" />
    <TestEntry testId="3638f16d-ec7b-19f3-39c7-c4b79b7f1212" executionId="e4eb413a-90a9-4e7b-9436-a4606dc4b793" testListId="8c84fa94-04c1-424b-9868-57a2d4851a1d" />
    <TestEntry testId="77349aaa-1753-779f-55d6-ede529593f51" executionId="706890eb-87a2-48f6-b109-66293f67e8d6" testListId="8c84fa94-04c1-424b-9868-57a2d4851a1d" />
  </TestEntries>
  <TestLists>
    <TestList name="Results Not in a List" id="8c84fa94-04c1-424b-9868-57a2d4851a1d" />
    <TestList name="All Loaded Results" id="19431567-8539-422a-85d7-44ee4e166bda" />
  </TestLists>
  <ResultSummary outcome="Failed">
    <Counters total="56" executed="51" passed="50" failed="1" error="0" timeout="0" aborted="0" inconclusive="0" passedButRunAborted="0" notRunnable="0" notExecuted="0" disconnected="0" warning="0" completed="0" inProgress="0" pending="0" />
    <Output>
      <StdOut>[xUnit.net 00:00:00.00] xUnit.net VSTest Adapter v2.8.2+699d445a1a (64-bit .NET 10.0.0)
[xUnit.net 00:00:00.27]   Discovering: Slopterm.Tests
[xUnit.net 00:00:00.38]   Discovered:  Slopterm.Tests
[xUnit.net 00:00:00.39]   Starting:    Slopterm.Tests
[xUnit.net 00:00:00.65]       SLOPTERM_WEBDAV_URL not set
[xUnit.net 00:00:00.65]       SLOPTERM_WEBDAV_URL not set
Test 'Slopterm.Tests.WebDavRemoteTests.RoundTripsRecordsThroughEveryVerbTheSyncLoopUses' was skipped in the test run.
Test 'Slopterm.Tests.WebDavRemoteTests.ReportsPreconditionFailuresRatherThanThrowing' was skipped in the test run.
[xUnit.net 00:00:27.36]       Assert.Equal() Failure: Collections differ
[xUnit.net 00:00:27.36]                               ↓ (pos 0)
[xUnit.net 00:00:27.37]       Expected: &lt;generated&gt;  ["prod-db"]
[xUnit.net 00:00:27.37]       Actual:   List&lt;string&gt; []
[xUnit.net 00:00:27.37]       Stack Trace:
[xUnit.net 00:00:27.37]         /workspace/wt-webdav-sync/tests/VaultSyncServiceTests.cs(48,0): at Slopterm.Tests.VaultSyncServiceTests.ARecordSavedOnOneDeviceReachesTheOther()
[xUnit.net 00:00:27.37]         --- End of stack trace from previous location ---
[xUnit.net 00:00:36.70]       SLOPTERM_WEBDAV_URL not set
[xUnit.net 00:00:36.71]       SLOPTERM_WEBDAV_URL not set
[xUnit.net 00:00:36.71]       SLOPTERM_WEBDAV_URL not set
Test 'Slopterm.Tests.WebDavIntegrationTests.TheServerOnlyEverHoldsCiphertext' was skipped in the test run.
Test 'Slopterm.Tests.WebDavIntegrationTests.ConcurrentEditsKeepBothSidesThroughARealServer' was skipped in the test run.
Test 'Slopterm.Tests.WebDavIntegrationTests.TwoDevicesConvergeThroughARealServer' was skipped in the test run.
[xUnit.net 00:00:39.62]   Finished:    Slopterm.Tests
</StdOut>
    </Output>
    <RunInfos>
      <RunInfo computerName="e48a8263a08a" outcome="Warning" timestamp="2026-08-03T17:50:00.7883408+00:00">
        <Text>[xUnit.net 00:00:00.65]     Slopterm.Tests.WebDavRemoteTests.RoundTripsRecordsThroughEveryVerbTheSyncLoopUses [SKIP]</Text>
      </RunInfo>
      <RunInfo computerName="e48a8263a08a" outcome="Warning" timestamp="2026-08-03T17:50:00.7884169+00:00">
        <Text>[xUnit.net 00:00:00.65]     Slopterm.Tests.WebDavRemoteTests.ReportsPreconditionFailuresRatherThanThrowing [SKIP]</Text>
      </RunInfo>
      <RunInfo computerName="e48a8263a08a" outcome="Error" timestamp="2026-08-03T17:50:27.4689997+00:00">
        <Text>[xUnit.net 00:00:27.33]     Slopterm.Tests.VaultSyncServiceTests.ARecordSavedOnOneDeviceReachesTheOther [FAIL]</Text>
      </RunInfo>
      <RunInfo computerName="e48a8263a08a" outcome="Warning" timestamp="2026-08-03T17:50:36.8353129+00:00">
        <Text>[xUnit.net 00:00:36.70]     Slopterm.Tests.WebDavIntegrationTests.TheServerOnlyEverHoldsCiphertext [SKIP]</Text>
      </RunInfo>
      <RunInfo computerName="e48a8263a08a" outcome="Warning" timestamp="2026-08-03T17:50:36.8407456+00:00">
        <Text>[xUnit.net 00:00:36.71]     Slopterm.Tests.WebDavIntegrationTests.ConcurrentEditsKeepBothSidesThroughARealServer [SKIP]</Text>
      </RunInfo>
      <RunInfo computerName="e48a8263a08a" outcome="Warning" timestamp="2026-08-03T17:50:36.8407583+00:00">
        <Text>[xUnit.net 00:00:36.71]     Slopterm.Tests.WebDavIntegrationTests.TwoDevicesConvergeThroughARealServer [SKIP]</Text>
      </RunInfo>
    </RunInfos>
  </ResultSummary>
</TestRun>